[15-Apr-2021 22:07:22 UTC] PHP Fatal error:  Uncaught Exception: Database error or invalid data, change sLogLevel to debug to see more. in C:\xampp\htdocs\churchcrm\Include\Functions.php:193
Stack trace:
#0 C:\xampp\htdocs\churchcrm\PostRedirect.php(435): RunQuery('SELECT v.master...')
#1 {main}
  thrown in C:\xampp\htdocs\churchcrm\Include\Functions.php on line 193
[15-Apr-2021 22:10:11 UTC] PHP Fatal error:  Uncaught Exception: Database error or invalid data, change sLogLevel to debug to see more. in C:\xampp\htdocs\churchcrm\Include\Functions.php:193
Stack trace:
#0 C:\xampp\htdocs\churchcrm\PostRedirect.php(435): RunQuery('SELECT v.master...')
#1 {main}
  thrown in C:\xampp\htdocs\churchcrm\Include\Functions.php on line 193
[15-Apr-2021 22:10:27 UTC] PHP Fatal error:  Uncaught Exception: Database error or invalid data, change sLogLevel to debug to see more. in C:\xampp\htdocs\churchcrm\Include\Functions.php:193
Stack trace:
#0 C:\xampp\htdocs\churchcrm\PostRedirect.php(435): RunQuery('SELECT v.master...')
#1 {main}
  thrown in C:\xampp\htdocs\churchcrm\Include\Functions.php on line 193
[15-Apr-2021 22:12:27 UTC] PHP Fatal error:  Uncaught Exception: Database error or invalid data, change sLogLevel to debug to see more. in C:\xampp\htdocs\churchcrm\Include\Functions.php:193
Stack trace:
#0 C:\xampp\htdocs\churchcrm\PostRedirect.php(435): RunQuery('SELECT v.master...')
#1 {main}
  thrown in C:\xampp\htdocs\churchcrm\Include\Functions.php on line 193
[15-Apr-2021 22:15:22 UTC] PHP Fatal error:  Uncaught Exception: Database error or invalid data, change sLogLevel to debug to see more. in C:\xampp\htdocs\churchcrm\Include\Functions.php:193
Stack trace:
#0 C:\xampp\htdocs\churchcrm\PostRedirect.php(435): RunQuery('SELECT v.master...')
#1 {main}
  thrown in C:\xampp\htdocs\churchcrm\Include\Functions.php on line 193
[15-Apr-2021 22:16:31 UTC] PHP Fatal error:  Uncaught Exception: Database error or invalid data, change sLogLevel to debug to see more. in C:\xampp\htdocs\churchcrm\Include\Functions.php:193
Stack trace:
#0 C:\xampp\htdocs\churchcrm\PostRedirect.php(437): RunQuery('SELECT v.master...')
#1 {main}
  thrown in C:\xampp\htdocs\churchcrm\Include\Functions.php on line 193
