[13-Mar-2021 10:34:23 UTC] PHP Fatal error:  Uncaught Exception: Database error or invalid data, change sLogLevel to debug to see more. in C:\xampp\htdocs\churchcrm\Include\Functions.php:215
Stack trace:
#0 C:\xampp\htdocs\churchcrm\PostRedirect.php(66): RunQuery('SELECT TOP 1 * ...')
#1 C:\xampp\htdocs\churchcrm\PostRedirect.php(338): insert_into_global('new_year')
#2 {main}
  thrown in C:\xampp\htdocs\churchcrm\Include\Functions.php on line 215
[13-Mar-2021 11:46:49 UTC] PHP Fatal error:  Uncaught Error: Call to undefined function insertIntoGlobal() in C:\xampp\htdocs\churchcrm\FamilyEditor.php:384
Stack trace:
#0 {main}
  thrown in C:\xampp\htdocs\churchcrm\FamilyEditor.php on line 384
[13-Mar-2021 13:12:12 UTC] Slim Application Error:
Type: Error
Message: Call to a member function getId() on null
File: C:\xampp\htdocs\churchcrm\v2\templates\people\master-list.php
Line: 125
Trace: #0 C:\xampp\htdocs\churchcrm\vendor\slim\php-view\src\PhpRenderer.php(203): include()
#1 C:\xampp\htdocs\churchcrm\vendor\slim\php-view\src\PhpRenderer.php(184): Slim\Views\PhpRenderer->protectedIncludeScope('templates/peopl...', Array)
#2 C:\xampp\htdocs\churchcrm\vendor\slim\php-view\src\PhpRenderer.php(153): Slim\Views\PhpRenderer->fetchTemplate('master-list.php', Array)
#3 C:\xampp\htdocs\churchcrm\vendor\slim\php-view\src\PhpRenderer.php(54): Slim\Views\PhpRenderer->fetch('master-list.php', Array, true)
#4 C:\xampp\htdocs\churchcrm\v2\routes\family.php(94): Slim\Views\PhpRenderer->render(Object(Slim\Http\Response), 'master-list.php', Array)
#5 [internal function]: getGlobalMaster(Object(Slim\Http\Request), Object(Slim\Http\Response), Array)
#6 C:\xampp\htdocs\churchcrm\vendor\slim\slim\Slim\Handlers\Strategies\RequestResponse.php(40): call_user_func('getGlobalMaster', Object(Slim\Http\Request), Object(Slim\Http\Response), Array)
#7 C:\xampp\htdocs\churchcrm\vendor\slim\slim\Slim\Route.php(281): Slim\Handlers\Strategies\RequestResponse->__invoke('getGlobalMaster', Object(Slim\Http\Request), Object(Slim\Http\Response), Array)
#8 C:\xampp\htdocs\churchcrm\vendor\slim\slim\Slim\MiddlewareAwareTrait.php(117): Slim\Route->__invoke(Object(Slim\Http\Request), Object(Slim\Http\Response))
#9 C:\xampp\htdocs\churchcrm\vendor\slim\slim\Slim\Route.php(268): Slim\Route->callMiddlewareStack(Object(Slim\Http\Request), Object(Slim\Http\Response))
#10 C:\xampp\htdocs\churchcrm\vendor\slim\slim\Slim\App.php(503): Slim\Route->run(Object(Slim\Http\Request), Object(Slim\Http\Response))
#11 C:\xampp\htdocs\churchcrm\ChurchCRM\Slim\Middleware\VersionMiddleware.php(13): Slim\App->__invoke(Object(Slim\Http\Request), Object(Slim\Http\Response))
#12 [internal function]: ChurchCRM\Slim\Middleware\VersionMiddleware->__invoke(Object(Slim\Http\Request), Object(Slim\Http\Response), Object(Slim\App))
#13 C:\xampp\htdocs\churchcrm\vendor\slim\slim\Slim\DeferredCallable.php(57): call_user_func_array(Object(ChurchCRM\Slim\Middleware\VersionMiddleware), Array)
#14 [internal function]: Slim\DeferredCallable->__invoke(Object(Slim\Http\Request), Object(Slim\Http\Response), Object(Slim\App))
#15 C:\xampp\htdocs\churchcrm\vendor\slim\slim\Slim\MiddlewareAwareTrait.php(70): call_user_func(Object(Slim\DeferredCallable), Object(Slim\Http\Request), Object(Slim\Http\Response), Object(Slim\App))
#16 C:\xampp\htdocs\churchcrm\ChurchCRM\Slim\Middleware\AuthMiddleware.php(34): Slim\App->Slim\{closure}(Object(Slim\Http\Request), Object(Slim\Http\Response))
#17 [internal function]: ChurchCRM\Slim\Middleware\AuthMiddleware->__invoke(Object(Slim\Http\Request), Object(Slim\Http\Response), Object(Closure))
#18 C:\xampp\htdocs\churchcrm\vendor\slim\slim\Slim\DeferredCallable.php(57): call_user_func_array(Object(ChurchCRM\Slim\Middleware\AuthMiddleware), Array)
#19 [internal function]: Slim\DeferredCallable->__invoke(Object(Slim\Http\Request), Object(Slim\Http\Response), Object(Closure))
#20 C:\xampp\htdocs\churchcrm\vendor\slim\slim\Slim\MiddlewareAwareTrait.php(70): call_user_func(Object(Slim\DeferredCallable), Object(Slim\Http\Request), Object(Slim\Http\Response), Object(Closure))
#21 C:\xampp\htdocs\churchcrm\vendor\slim\slim\Slim\MiddlewareAwareTrait.php(117): Slim\App->Slim\{closure}(Object(Slim\Http\Request), Object(Slim\Http\Response))
#22 C:\xampp\htdocs\churchcrm\vendor\slim\slim\Slim\App.php(392): Slim\App->callMiddlewareStack(Object(Slim\Http\Request), Object(Slim\Http\Response))
#23 C:\xampp\htdocs\churchcrm\vendor\slim\slim\Slim\App.php(297): Slim\App->process(Object(Slim\Http\Request), Object(Slim\Http\Response))
#24 C:\xampp\htdocs\churchcrm\v2\index.php(48): Slim\App->run()
#25 {main}
View in rendered output by enabling the "displayErrorDetails" setting.

[13-Mar-2021 13:12:22 UTC] Slim Application Error:
Type: Error
Message: Call to a member function getId() on null
File: C:\xampp\htdocs\churchcrm\v2\templates\people\master-list.php
Line: 125
Trace: #0 C:\xampp\htdocs\churchcrm\vendor\slim\php-view\src\PhpRenderer.php(203): include()
#1 C:\xampp\htdocs\churchcrm\vendor\slim\php-view\src\PhpRenderer.php(184): Slim\Views\PhpRenderer->protectedIncludeScope('templates/peopl...', Array)
#2 C:\xampp\htdocs\churchcrm\vendor\slim\php-view\src\PhpRenderer.php(153): Slim\Views\PhpRenderer->fetchTemplate('master-list.php', Array)
#3 C:\xampp\htdocs\churchcrm\vendor\slim\php-view\src\PhpRenderer.php(54): Slim\Views\PhpRenderer->fetch('master-list.php', Array, true)
#4 C:\xampp\htdocs\churchcrm\v2\routes\family.php(94): Slim\Views\PhpRenderer->render(Object(Slim\Http\Response), 'master-list.php', Array)
#5 [internal function]: getGlobalMaster(Object(Slim\Http\Request), Object(Slim\Http\Response), Array)
#6 C:\xampp\htdocs\churchcrm\vendor\slim\slim\Slim\Handlers\Strategies\RequestResponse.php(40): call_user_func('getGlobalMaster', Object(Slim\Http\Request), Object(Slim\Http\Response), Array)
#7 C:\xampp\htdocs\churchcrm\vendor\slim\slim\Slim\Route.php(281): Slim\Handlers\Strategies\RequestResponse->__invoke('getGlobalMaster', Object(Slim\Http\Request), Object(Slim\Http\Response), Array)
#8 C:\xampp\htdocs\churchcrm\vendor\slim\slim\Slim\MiddlewareAwareTrait.php(117): Slim\Route->__invoke(Object(Slim\Http\Request), Object(Slim\Http\Response))
#9 C:\xampp\htdocs\churchcrm\vendor\slim\slim\Slim\Route.php(268): Slim\Route->callMiddlewareStack(Object(Slim\Http\Request), Object(Slim\Http\Response))
#10 C:\xampp\htdocs\churchcrm\vendor\slim\slim\Slim\App.php(503): Slim\Route->run(Object(Slim\Http\Request), Object(Slim\Http\Response))
#11 C:\xampp\htdocs\churchcrm\ChurchCRM\Slim\Middleware\VersionMiddleware.php(13): Slim\App->__invoke(Object(Slim\Http\Request), Object(Slim\Http\Response))
#12 [internal function]: ChurchCRM\Slim\Middleware\VersionMiddleware->__invoke(Object(Slim\Http\Request), Object(Slim\Http\Response), Object(Slim\App))
#13 C:\xampp\htdocs\churchcrm\vendor\slim\slim\Slim\DeferredCallable.php(57): call_user_func_array(Object(ChurchCRM\Slim\Middleware\VersionMiddleware), Array)
#14 [internal function]: Slim\DeferredCallable->__invoke(Object(Slim\Http\Request), Object(Slim\Http\Response), Object(Slim\App))
#15 C:\xampp\htdocs\churchcrm\vendor\slim\slim\Slim\MiddlewareAwareTrait.php(70): call_user_func(Object(Slim\DeferredCallable), Object(Slim\Http\Request), Object(Slim\Http\Response), Object(Slim\App))
#16 C:\xampp\htdocs\churchcrm\ChurchCRM\Slim\Middleware\AuthMiddleware.php(34): Slim\App->Slim\{closure}(Object(Slim\Http\Request), Object(Slim\Http\Response))
#17 [internal function]: ChurchCRM\Slim\Middleware\AuthMiddleware->__invoke(Object(Slim\Http\Request), Object(Slim\Http\Response), Object(Closure))
#18 C:\xampp\htdocs\churchcrm\vendor\slim\slim\Slim\DeferredCallable.php(57): call_user_func_array(Object(ChurchCRM\Slim\Middleware\AuthMiddleware), Array)
#19 [internal function]: Slim\DeferredCallable->__invoke(Object(Slim\Http\Request), Object(Slim\Http\Response), Object(Closure))
#20 C:\xampp\htdocs\churchcrm\vendor\slim\slim\Slim\MiddlewareAwareTrait.php(70): call_user_func(Object(Slim\DeferredCallable), Object(Slim\Http\Request), Object(Slim\Http\Response), Object(Closure))
#21 C:\xampp\htdocs\churchcrm\vendor\slim\slim\Slim\MiddlewareAwareTrait.php(117): Slim\App->Slim\{closure}(Object(Slim\Http\Request), Object(Slim\Http\Response))
#22 C:\xampp\htdocs\churchcrm\vendor\slim\slim\Slim\App.php(392): Slim\App->callMiddlewareStack(Object(Slim\Http\Request), Object(Slim\Http\Response))
#23 C:\xampp\htdocs\churchcrm\vendor\slim\slim\Slim\App.php(297): Slim\App->process(Object(Slim\Http\Request), Object(Slim\Http\Response))
#24 C:\xampp\htdocs\churchcrm\v2\index.php(48): Slim\App->run()
#25 {main}
View in rendered output by enabling the "displayErrorDetails" setting.

[13-Mar-2021 13:13:34 UTC] Slim Application Error:
Type: Error
Message: Call to a member function getId() on null
File: C:\xampp\htdocs\churchcrm\v2\templates\people\master-list.php
Line: 125
Trace: #0 C:\xampp\htdocs\churchcrm\vendor\slim\php-view\src\PhpRenderer.php(203): include()
#1 C:\xampp\htdocs\churchcrm\vendor\slim\php-view\src\PhpRenderer.php(184): Slim\Views\PhpRenderer->protectedIncludeScope('templates/peopl...', Array)
#2 C:\xampp\htdocs\churchcrm\vendor\slim\php-view\src\PhpRenderer.php(153): Slim\Views\PhpRenderer->fetchTemplate('master-list.php', Array)
#3 C:\xampp\htdocs\churchcrm\vendor\slim\php-view\src\PhpRenderer.php(54): Slim\Views\PhpRenderer->fetch('master-list.php', Array, true)
#4 C:\xampp\htdocs\churchcrm\v2\routes\family.php(94): Slim\Views\PhpRenderer->render(Object(Slim\Http\Response), 'master-list.php', Array)
#5 [internal function]: getGlobalMaster(Object(Slim\Http\Request), Object(Slim\Http\Response), Array)
#6 C:\xampp\htdocs\churchcrm\vendor\slim\slim\Slim\Handlers\Strategies\RequestResponse.php(40): call_user_func('getGlobalMaster', Object(Slim\Http\Request), Object(Slim\Http\Response), Array)
#7 C:\xampp\htdocs\churchcrm\vendor\slim\slim\Slim\Route.php(281): Slim\Handlers\Strategies\RequestResponse->__invoke('getGlobalMaster', Object(Slim\Http\Request), Object(Slim\Http\Response), Array)
#8 C:\xampp\htdocs\churchcrm\vendor\slim\slim\Slim\MiddlewareAwareTrait.php(117): Slim\Route->__invoke(Object(Slim\Http\Request), Object(Slim\Http\Response))
#9 C:\xampp\htdocs\churchcrm\vendor\slim\slim\Slim\Route.php(268): Slim\Route->callMiddlewareStack(Object(Slim\Http\Request), Object(Slim\Http\Response))
#10 C:\xampp\htdocs\churchcrm\vendor\slim\slim\Slim\App.php(503): Slim\Route->run(Object(Slim\Http\Request), Object(Slim\Http\Response))
#11 C:\xampp\htdocs\churchcrm\ChurchCRM\Slim\Middleware\VersionMiddleware.php(13): Slim\App->__invoke(Object(Slim\Http\Request), Object(Slim\Http\Response))
#12 [internal function]: ChurchCRM\Slim\Middleware\VersionMiddleware->__invoke(Object(Slim\Http\Request), Object(Slim\Http\Response), Object(Slim\App))
#13 C:\xampp\htdocs\churchcrm\vendor\slim\slim\Slim\DeferredCallable.php(57): call_user_func_array(Object(ChurchCRM\Slim\Middleware\VersionMiddleware), Array)
#14 [internal function]: Slim\DeferredCallable->__invoke(Object(Slim\Http\Request), Object(Slim\Http\Response), Object(Slim\App))
#15 C:\xampp\htdocs\churchcrm\vendor\slim\slim\Slim\MiddlewareAwareTrait.php(70): call_user_func(Object(Slim\DeferredCallable), Object(Slim\Http\Request), Object(Slim\Http\Response), Object(Slim\App))
#16 C:\xampp\htdocs\churchcrm\ChurchCRM\Slim\Middleware\AuthMiddleware.php(34): Slim\App->Slim\{closure}(Object(Slim\Http\Request), Object(Slim\Http\Response))
#17 [internal function]: ChurchCRM\Slim\Middleware\AuthMiddleware->__invoke(Object(Slim\Http\Request), Object(Slim\Http\Response), Object(Closure))
#18 C:\xampp\htdocs\churchcrm\vendor\slim\slim\Slim\DeferredCallable.php(57): call_user_func_array(Object(ChurchCRM\Slim\Middleware\AuthMiddleware), Array)
#19 [internal function]: Slim\DeferredCallable->__invoke(Object(Slim\Http\Request), Object(Slim\Http\Response), Object(Closure))
#20 C:\xampp\htdocs\churchcrm\vendor\slim\slim\Slim\MiddlewareAwareTrait.php(70): call_user_func(Object(Slim\DeferredCallable), Object(Slim\Http\Request), Object(Slim\Http\Response), Object(Closure))
#21 C:\xampp\htdocs\churchcrm\vendor\slim\slim\Slim\MiddlewareAwareTrait.php(117): Slim\App->Slim\{closure}(Object(Slim\Http\Request), Object(Slim\Http\Response))
#22 C:\xampp\htdocs\churchcrm\vendor\slim\slim\Slim\App.php(392): Slim\App->callMiddlewareStack(Object(Slim\Http\Request), Object(Slim\Http\Response))
#23 C:\xampp\htdocs\churchcrm\vendor\slim\slim\Slim\App.php(297): Slim\App->process(Object(Slim\Http\Request), Object(Slim\Http\Response))
#24 C:\xampp\htdocs\churchcrm\v2\index.php(48): Slim\App->run()
#25 {main}
View in rendered output by enabling the "displayErrorDetails" setting.

[13-Mar-2021 13:13:43 UTC] Slim Application Error:
Type: Error
Message: Call to a member function getId() on null
File: C:\xampp\htdocs\churchcrm\v2\templates\people\master-list.php
Line: 125
Trace: #0 C:\xampp\htdocs\churchcrm\vendor\slim\php-view\src\PhpRenderer.php(203): include()
#1 C:\xampp\htdocs\churchcrm\vendor\slim\php-view\src\PhpRenderer.php(184): Slim\Views\PhpRenderer->protectedIncludeScope('templates/peopl...', Array)
#2 C:\xampp\htdocs\churchcrm\vendor\slim\php-view\src\PhpRenderer.php(153): Slim\Views\PhpRenderer->fetchTemplate('master-list.php', Array)
#3 C:\xampp\htdocs\churchcrm\vendor\slim\php-view\src\PhpRenderer.php(54): Slim\Views\PhpRenderer->fetch('master-list.php', Array, true)
#4 C:\xampp\htdocs\churchcrm\v2\routes\family.php(94): Slim\Views\PhpRenderer->render(Object(Slim\Http\Response), 'master-list.php', Array)
#5 [internal function]: getGlobalMaster(Object(Slim\Http\Request), Object(Slim\Http\Response), Array)
#6 C:\xampp\htdocs\churchcrm\vendor\slim\slim\Slim\Handlers\Strategies\RequestResponse.php(40): call_user_func('getGlobalMaster', Object(Slim\Http\Request), Object(Slim\Http\Response), Array)
#7 C:\xampp\htdocs\churchcrm\vendor\slim\slim\Slim\Route.php(281): Slim\Handlers\Strategies\RequestResponse->__invoke('getGlobalMaster', Object(Slim\Http\Request), Object(Slim\Http\Response), Array)
#8 C:\xampp\htdocs\churchcrm\vendor\slim\slim\Slim\MiddlewareAwareTrait.php(117): Slim\Route->__invoke(Object(Slim\Http\Request), Object(Slim\Http\Response))
#9 C:\xampp\htdocs\churchcrm\vendor\slim\slim\Slim\Route.php(268): Slim\Route->callMiddlewareStack(Object(Slim\Http\Request), Object(Slim\Http\Response))
#10 C:\xampp\htdocs\churchcrm\vendor\slim\slim\Slim\App.php(503): Slim\Route->run(Object(Slim\Http\Request), Object(Slim\Http\Response))
#11 C:\xampp\htdocs\churchcrm\ChurchCRM\Slim\Middleware\VersionMiddleware.php(13): Slim\App->__invoke(Object(Slim\Http\Request), Object(Slim\Http\Response))
#12 [internal function]: ChurchCRM\Slim\Middleware\VersionMiddleware->__invoke(Object(Slim\Http\Request), Object(Slim\Http\Response), Object(Slim\App))
#13 C:\xampp\htdocs\churchcrm\vendor\slim\slim\Slim\DeferredCallable.php(57): call_user_func_array(Object(ChurchCRM\Slim\Middleware\VersionMiddleware), Array)
#14 [internal function]: Slim\DeferredCallable->__invoke(Object(Slim\Http\Request), Object(Slim\Http\Response), Object(Slim\App))
#15 C:\xampp\htdocs\churchcrm\vendor\slim\slim\Slim\MiddlewareAwareTrait.php(70): call_user_func(Object(Slim\DeferredCallable), Object(Slim\Http\Request), Object(Slim\Http\Response), Object(Slim\App))
#16 C:\xampp\htdocs\churchcrm\ChurchCRM\Slim\Middleware\AuthMiddleware.php(34): Slim\App->Slim\{closure}(Object(Slim\Http\Request), Object(Slim\Http\Response))
#17 [internal function]: ChurchCRM\Slim\Middleware\AuthMiddleware->__invoke(Object(Slim\Http\Request), Object(Slim\Http\Response), Object(Closure))
#18 C:\xampp\htdocs\churchcrm\vendor\slim\slim\Slim\DeferredCallable.php(57): call_user_func_array(Object(ChurchCRM\Slim\Middleware\AuthMiddleware), Array)
#19 [internal function]: Slim\DeferredCallable->__invoke(Object(Slim\Http\Request), Object(Slim\Http\Response), Object(Closure))
#20 C:\xampp\htdocs\churchcrm\vendor\slim\slim\Slim\MiddlewareAwareTrait.php(70): call_user_func(Object(Slim\DeferredCallable), Object(Slim\Http\Request), Object(Slim\Http\Response), Object(Closure))
#21 C:\xampp\htdocs\churchcrm\vendor\slim\slim\Slim\MiddlewareAwareTrait.php(117): Slim\App->Slim\{closure}(Object(Slim\Http\Request), Object(Slim\Http\Response))
#22 C:\xampp\htdocs\churchcrm\vendor\slim\slim\Slim\App.php(392): Slim\App->callMiddlewareStack(Object(Slim\Http\Request), Object(Slim\Http\Response))
#23 C:\xampp\htdocs\churchcrm\vendor\slim\slim\Slim\App.php(297): Slim\App->process(Object(Slim\Http\Request), Object(Slim\Http\Response))
#24 C:\xampp\htdocs\churchcrm\v2\index.php(48): Slim\App->run()
#25 {main}
View in rendered output by enabling the "displayErrorDetails" setting.

[13-Mar-2021 13:13:47 UTC] Slim Application Error:
Type: Error
Message: Call to a member function getId() on null
File: C:\xampp\htdocs\churchcrm\v2\templates\people\master-list.php
Line: 125
Trace: #0 C:\xampp\htdocs\churchcrm\vendor\slim\php-view\src\PhpRenderer.php(203): include()
#1 C:\xampp\htdocs\churchcrm\vendor\slim\php-view\src\PhpRenderer.php(184): Slim\Views\PhpRenderer->protectedIncludeScope('templates/peopl...', Array)
#2 C:\xampp\htdocs\churchcrm\vendor\slim\php-view\src\PhpRenderer.php(153): Slim\Views\PhpRenderer->fetchTemplate('master-list.php', Array)
#3 C:\xampp\htdocs\churchcrm\vendor\slim\php-view\src\PhpRenderer.php(54): Slim\Views\PhpRenderer->fetch('master-list.php', Array, true)
#4 C:\xampp\htdocs\churchcrm\v2\routes\family.php(94): Slim\Views\PhpRenderer->render(Object(Slim\Http\Response), 'master-list.php', Array)
#5 [internal function]: getGlobalMaster(Object(Slim\Http\Request), Object(Slim\Http\Response), Array)
#6 C:\xampp\htdocs\churchcrm\vendor\slim\slim\Slim\Handlers\Strategies\RequestResponse.php(40): call_user_func('getGlobalMaster', Object(Slim\Http\Request), Object(Slim\Http\Response), Array)
#7 C:\xampp\htdocs\churchcrm\vendor\slim\slim\Slim\Route.php(281): Slim\Handlers\Strategies\RequestResponse->__invoke('getGlobalMaster', Object(Slim\Http\Request), Object(Slim\Http\Response), Array)
#8 C:\xampp\htdocs\churchcrm\vendor\slim\slim\Slim\MiddlewareAwareTrait.php(117): Slim\Route->__invoke(Object(Slim\Http\Request), Object(Slim\Http\Response))
#9 C:\xampp\htdocs\churchcrm\vendor\slim\slim\Slim\Route.php(268): Slim\Route->callMiddlewareStack(Object(Slim\Http\Request), Object(Slim\Http\Response))
#10 C:\xampp\htdocs\churchcrm\vendor\slim\slim\Slim\App.php(503): Slim\Route->run(Object(Slim\Http\Request), Object(Slim\Http\Response))
#11 C:\xampp\htdocs\churchcrm\ChurchCRM\Slim\Middleware\VersionMiddleware.php(13): Slim\App->__invoke(Object(Slim\Http\Request), Object(Slim\Http\Response))
#12 [internal function]: ChurchCRM\Slim\Middleware\VersionMiddleware->__invoke(Object(Slim\Http\Request), Object(Slim\Http\Response), Object(Slim\App))
#13 C:\xampp\htdocs\churchcrm\vendor\slim\slim\Slim\DeferredCallable.php(57): call_user_func_array(Object(ChurchCRM\Slim\Middleware\VersionMiddleware), Array)
#14 [internal function]: Slim\DeferredCallable->__invoke(Object(Slim\Http\Request), Object(Slim\Http\Response), Object(Slim\App))
#15 C:\xampp\htdocs\churchcrm\vendor\slim\slim\Slim\MiddlewareAwareTrait.php(70): call_user_func(Object(Slim\DeferredCallable), Object(Slim\Http\Request), Object(Slim\Http\Response), Object(Slim\App))
#16 C:\xampp\htdocs\churchcrm\ChurchCRM\Slim\Middleware\AuthMiddleware.php(34): Slim\App->Slim\{closure}(Object(Slim\Http\Request), Object(Slim\Http\Response))
#17 [internal function]: ChurchCRM\Slim\Middleware\AuthMiddleware->__invoke(Object(Slim\Http\Request), Object(Slim\Http\Response), Object(Closure))
#18 C:\xampp\htdocs\churchcrm\vendor\slim\slim\Slim\DeferredCallable.php(57): call_user_func_array(Object(ChurchCRM\Slim\Middleware\AuthMiddleware), Array)
#19 [internal function]: Slim\DeferredCallable->__invoke(Object(Slim\Http\Request), Object(Slim\Http\Response), Object(Closure))
#20 C:\xampp\htdocs\churchcrm\vendor\slim\slim\Slim\MiddlewareAwareTrait.php(70): call_user_func(Object(Slim\DeferredCallable), Object(Slim\Http\Request), Object(Slim\Http\Response), Object(Closure))
#21 C:\xampp\htdocs\churchcrm\vendor\slim\slim\Slim\MiddlewareAwareTrait.php(117): Slim\App->Slim\{closure}(Object(Slim\Http\Request), Object(Slim\Http\Response))
#22 C:\xampp\htdocs\churchcrm\vendor\slim\slim\Slim\App.php(392): Slim\App->callMiddlewareStack(Object(Slim\Http\Request), Object(Slim\Http\Response))
#23 C:\xampp\htdocs\churchcrm\vendor\slim\slim\Slim\App.php(297): Slim\App->process(Object(Slim\Http\Request), Object(Slim\Http\Response))
#24 C:\xampp\htdocs\churchcrm\v2\index.php(48): Slim\App->run()
#25 {main}
View in rendered output by enabling the "displayErrorDetails" setting.

[13-Mar-2021 13:14:57 UTC] Slim Application Error:
Type: Error
Message: Call to a member function getId() on null
File: C:\xampp\htdocs\churchcrm\v2\templates\people\master-list.php
Line: 125
Trace: #0 C:\xampp\htdocs\churchcrm\vendor\slim\php-view\src\PhpRenderer.php(203): include()
#1 C:\xampp\htdocs\churchcrm\vendor\slim\php-view\src\PhpRenderer.php(184): Slim\Views\PhpRenderer->protectedIncludeScope('templates/peopl...', Array)
#2 C:\xampp\htdocs\churchcrm\vendor\slim\php-view\src\PhpRenderer.php(153): Slim\Views\PhpRenderer->fetchTemplate('master-list.php', Array)
#3 C:\xampp\htdocs\churchcrm\vendor\slim\php-view\src\PhpRenderer.php(54): Slim\Views\PhpRenderer->fetch('master-list.php', Array, true)
#4 C:\xampp\htdocs\churchcrm\v2\routes\family.php(94): Slim\Views\PhpRenderer->render(Object(Slim\Http\Response), 'master-list.php', Array)
#5 [internal function]: getGlobalMaster(Object(Slim\Http\Request), Object(Slim\Http\Response), Array)
#6 C:\xampp\htdocs\churchcrm\vendor\slim\slim\Slim\Handlers\Strategies\RequestResponse.php(40): call_user_func('getGlobalMaster', Object(Slim\Http\Request), Object(Slim\Http\Response), Array)
#7 C:\xampp\htdocs\churchcrm\vendor\slim\slim\Slim\Route.php(281): Slim\Handlers\Strategies\RequestResponse->__invoke('getGlobalMaster', Object(Slim\Http\Request), Object(Slim\Http\Response), Array)
#8 C:\xampp\htdocs\churchcrm\vendor\slim\slim\Slim\MiddlewareAwareTrait.php(117): Slim\Route->__invoke(Object(Slim\Http\Request), Object(Slim\Http\Response))
#9 C:\xampp\htdocs\churchcrm\vendor\slim\slim\Slim\Route.php(268): Slim\Route->callMiddlewareStack(Object(Slim\Http\Request), Object(Slim\Http\Response))
#10 C:\xampp\htdocs\churchcrm\vendor\slim\slim\Slim\App.php(503): Slim\Route->run(Object(Slim\Http\Request), Object(Slim\Http\Response))
#11 C:\xampp\htdocs\churchcrm\ChurchCRM\Slim\Middleware\VersionMiddleware.php(13): Slim\App->__invoke(Object(Slim\Http\Request), Object(Slim\Http\Response))
#12 [internal function]: ChurchCRM\Slim\Middleware\VersionMiddleware->__invoke(Object(Slim\Http\Request), Object(Slim\Http\Response), Object(Slim\App))
#13 C:\xampp\htdocs\churchcrm\vendor\slim\slim\Slim\DeferredCallable.php(57): call_user_func_array(Object(ChurchCRM\Slim\Middleware\VersionMiddleware), Array)
#14 [internal function]: Slim\DeferredCallable->__invoke(Object(Slim\Http\Request), Object(Slim\Http\Response), Object(Slim\App))
#15 C:\xampp\htdocs\churchcrm\vendor\slim\slim\Slim\MiddlewareAwareTrait.php(70): call_user_func(Object(Slim\DeferredCallable), Object(Slim\Http\Request), Object(Slim\Http\Response), Object(Slim\App))
#16 C:\xampp\htdocs\churchcrm\ChurchCRM\Slim\Middleware\AuthMiddleware.php(34): Slim\App->Slim\{closure}(Object(Slim\Http\Request), Object(Slim\Http\Response))
#17 [internal function]: ChurchCRM\Slim\Middleware\AuthMiddleware->__invoke(Object(Slim\Http\Request), Object(Slim\Http\Response), Object(Closure))
#18 C:\xampp\htdocs\churchcrm\vendor\slim\slim\Slim\DeferredCallable.php(57): call_user_func_array(Object(ChurchCRM\Slim\Middleware\AuthMiddleware), Array)
#19 [internal function]: Slim\DeferredCallable->__invoke(Object(Slim\Http\Request), Object(Slim\Http\Response), Object(Closure))
#20 C:\xampp\htdocs\churchcrm\vendor\slim\slim\Slim\MiddlewareAwareTrait.php(70): call_user_func(Object(Slim\DeferredCallable), Object(Slim\Http\Request), Object(Slim\Http\Response), Object(Closure))
#21 C:\xampp\htdocs\churchcrm\vendor\slim\slim\Slim\MiddlewareAwareTrait.php(117): Slim\App->Slim\{closure}(Object(Slim\Http\Request), Object(Slim\Http\Response))
#22 C:\xampp\htdocs\churchcrm\vendor\slim\slim\Slim\App.php(392): Slim\App->callMiddlewareStack(Object(Slim\Http\Request), Object(Slim\Http\Response))
#23 C:\xampp\htdocs\churchcrm\vendor\slim\slim\Slim\App.php(297): Slim\App->process(Object(Slim\Http\Request), Object(Slim\Http\Response))
#24 C:\xampp\htdocs\churchcrm\v2\index.php(48): Slim\App->run()
#25 {main}
View in rendered output by enabling the "displayErrorDetails" setting.

[13-Mar-2021 13:14:58 UTC] Slim Application Error:
Type: Error
Message: Call to a member function getId() on null
File: C:\xampp\htdocs\churchcrm\v2\templates\people\master-list.php
Line: 125
Trace: #0 C:\xampp\htdocs\churchcrm\vendor\slim\php-view\src\PhpRenderer.php(203): include()
#1 C:\xampp\htdocs\churchcrm\vendor\slim\php-view\src\PhpRenderer.php(184): Slim\Views\PhpRenderer->protectedIncludeScope('templates/peopl...', Array)
#2 C:\xampp\htdocs\churchcrm\vendor\slim\php-view\src\PhpRenderer.php(153): Slim\Views\PhpRenderer->fetchTemplate('master-list.php', Array)
#3 C:\xampp\htdocs\churchcrm\vendor\slim\php-view\src\PhpRenderer.php(54): Slim\Views\PhpRenderer->fetch('master-list.php', Array, true)
#4 C:\xampp\htdocs\churchcrm\v2\routes\family.php(94): Slim\Views\PhpRenderer->render(Object(Slim\Http\Response), 'master-list.php', Array)
#5 [internal function]: getGlobalMaster(Object(Slim\Http\Request), Object(Slim\Http\Response), Array)
#6 C:\xampp\htdocs\churchcrm\vendor\slim\slim\Slim\Handlers\Strategies\RequestResponse.php(40): call_user_func('getGlobalMaster', Object(Slim\Http\Request), Object(Slim\Http\Response), Array)
#7 C:\xampp\htdocs\churchcrm\vendor\slim\slim\Slim\Route.php(281): Slim\Handlers\Strategies\RequestResponse->__invoke('getGlobalMaster', Object(Slim\Http\Request), Object(Slim\Http\Response), Array)
#8 C:\xampp\htdocs\churchcrm\vendor\slim\slim\Slim\MiddlewareAwareTrait.php(117): Slim\Route->__invoke(Object(Slim\Http\Request), Object(Slim\Http\Response))
#9 C:\xampp\htdocs\churchcrm\vendor\slim\slim\Slim\Route.php(268): Slim\Route->callMiddlewareStack(Object(Slim\Http\Request), Object(Slim\Http\Response))
#10 C:\xampp\htdocs\churchcrm\vendor\slim\slim\Slim\App.php(503): Slim\Route->run(Object(Slim\Http\Request), Object(Slim\Http\Response))
#11 C:\xampp\htdocs\churchcrm\ChurchCRM\Slim\Middleware\VersionMiddleware.php(13): Slim\App->__invoke(Object(Slim\Http\Request), Object(Slim\Http\Response))
#12 [internal function]: ChurchCRM\Slim\Middleware\VersionMiddleware->__invoke(Object(Slim\Http\Request), Object(Slim\Http\Response), Object(Slim\App))
#13 C:\xampp\htdocs\churchcrm\vendor\slim\slim\Slim\DeferredCallable.php(57): call_user_func_array(Object(ChurchCRM\Slim\Middleware\VersionMiddleware), Array)
#14 [internal function]: Slim\DeferredCallable->__invoke(Object(Slim\Http\Request), Object(Slim\Http\Response), Object(Slim\App))
#15 C:\xampp\htdocs\churchcrm\vendor\slim\slim\Slim\MiddlewareAwareTrait.php(70): call_user_func(Object(Slim\DeferredCallable), Object(Slim\Http\Request), Object(Slim\Http\Response), Object(Slim\App))
#16 C:\xampp\htdocs\churchcrm\ChurchCRM\Slim\Middleware\AuthMiddleware.php(34): Slim\App->Slim\{closure}(Object(Slim\Http\Request), Object(Slim\Http\Response))
#17 [internal function]: ChurchCRM\Slim\Middleware\AuthMiddleware->__invoke(Object(Slim\Http\Request), Object(Slim\Http\Response), Object(Closure))
#18 C:\xampp\htdocs\churchcrm\vendor\slim\slim\Slim\DeferredCallable.php(57): call_user_func_array(Object(ChurchCRM\Slim\Middleware\AuthMiddleware), Array)
#19 [internal function]: Slim\DeferredCallable->__invoke(Object(Slim\Http\Request), Object(Slim\Http\Response), Object(Closure))
#20 C:\xampp\htdocs\churchcrm\vendor\slim\slim\Slim\MiddlewareAwareTrait.php(70): call_user_func(Object(Slim\DeferredCallable), Object(Slim\Http\Request), Object(Slim\Http\Response), Object(Closure))
#21 C:\xampp\htdocs\churchcrm\vendor\slim\slim\Slim\MiddlewareAwareTrait.php(117): Slim\App->Slim\{closure}(Object(Slim\Http\Request), Object(Slim\Http\Response))
#22 C:\xampp\htdocs\churchcrm\vendor\slim\slim\Slim\App.php(392): Slim\App->callMiddlewareStack(Object(Slim\Http\Request), Object(Slim\Http\Response))
#23 C:\xampp\htdocs\churchcrm\vendor\slim\slim\Slim\App.php(297): Slim\App->process(Object(Slim\Http\Request), Object(Slim\Http\Response))
#24 C:\xampp\htdocs\churchcrm\v2\index.php(48): Slim\App->run()
#25 {main}
View in rendered output by enabling the "displayErrorDetails" setting.

[13-Mar-2021 13:15:32 UTC] Slim Application Error:
Type: Error
Message: Call to a member function getId() on null
File: C:\xampp\htdocs\churchcrm\v2\templates\people\master-list.php
Line: 125
Trace: #0 C:\xampp\htdocs\churchcrm\vendor\slim\php-view\src\PhpRenderer.php(203): include()
#1 C:\xampp\htdocs\churchcrm\vendor\slim\php-view\src\PhpRenderer.php(184): Slim\Views\PhpRenderer->protectedIncludeScope('templates/peopl...', Array)
#2 C:\xampp\htdocs\churchcrm\vendor\slim\php-view\src\PhpRenderer.php(153): Slim\Views\PhpRenderer->fetchTemplate('master-list.php', Array)
#3 C:\xampp\htdocs\churchcrm\vendor\slim\php-view\src\PhpRenderer.php(54): Slim\Views\PhpRenderer->fetch('master-list.php', Array, true)
#4 C:\xampp\htdocs\churchcrm\v2\routes\family.php(94): Slim\Views\PhpRenderer->render(Object(Slim\Http\Response), 'master-list.php', Array)
#5 [internal function]: getGlobalMaster(Object(Slim\Http\Request), Object(Slim\Http\Response), Array)
#6 C:\xampp\htdocs\churchcrm\vendor\slim\slim\Slim\Handlers\Strategies\RequestResponse.php(40): call_user_func('getGlobalMaster', Object(Slim\Http\Request), Object(Slim\Http\Response), Array)
#7 C:\xampp\htdocs\churchcrm\vendor\slim\slim\Slim\Route.php(281): Slim\Handlers\Strategies\RequestResponse->__invoke('getGlobalMaster', Object(Slim\Http\Request), Object(Slim\Http\Response), Array)
#8 C:\xampp\htdocs\churchcrm\vendor\slim\slim\Slim\MiddlewareAwareTrait.php(117): Slim\Route->__invoke(Object(Slim\Http\Request), Object(Slim\Http\Response))
#9 C:\xampp\htdocs\churchcrm\vendor\slim\slim\Slim\Route.php(268): Slim\Route->callMiddlewareStack(Object(Slim\Http\Request), Object(Slim\Http\Response))
#10 C:\xampp\htdocs\churchcrm\vendor\slim\slim\Slim\App.php(503): Slim\Route->run(Object(Slim\Http\Request), Object(Slim\Http\Response))
#11 C:\xampp\htdocs\churchcrm\ChurchCRM\Slim\Middleware\VersionMiddleware.php(13): Slim\App->__invoke(Object(Slim\Http\Request), Object(Slim\Http\Response))
#12 [internal function]: ChurchCRM\Slim\Middleware\VersionMiddleware->__invoke(Object(Slim\Http\Request), Object(Slim\Http\Response), Object(Slim\App))
#13 C:\xampp\htdocs\churchcrm\vendor\slim\slim\Slim\DeferredCallable.php(57): call_user_func_array(Object(ChurchCRM\Slim\Middleware\VersionMiddleware), Array)
#14 [internal function]: Slim\DeferredCallable->__invoke(Object(Slim\Http\Request), Object(Slim\Http\Response), Object(Slim\App))
#15 C:\xampp\htdocs\churchcrm\vendor\slim\slim\Slim\MiddlewareAwareTrait.php(70): call_user_func(Object(Slim\DeferredCallable), Object(Slim\Http\Request), Object(Slim\Http\Response), Object(Slim\App))
#16 C:\xampp\htdocs\churchcrm\ChurchCRM\Slim\Middleware\AuthMiddleware.php(34): Slim\App->Slim\{closure}(Object(Slim\Http\Request), Object(Slim\Http\Response))
#17 [internal function]: ChurchCRM\Slim\Middleware\AuthMiddleware->__invoke(Object(Slim\Http\Request), Object(Slim\Http\Response), Object(Closure))
#18 C:\xampp\htdocs\churchcrm\vendor\slim\slim\Slim\DeferredCallable.php(57): call_user_func_array(Object(ChurchCRM\Slim\Middleware\AuthMiddleware), Array)
#19 [internal function]: Slim\DeferredCallable->__invoke(Object(Slim\Http\Request), Object(Slim\Http\Response), Object(Closure))
#20 C:\xampp\htdocs\churchcrm\vendor\slim\slim\Slim\MiddlewareAwareTrait.php(70): call_user_func(Object(Slim\DeferredCallable), Object(Slim\Http\Request), Object(Slim\Http\Response), Object(Closure))
#21 C:\xampp\htdocs\churchcrm\vendor\slim\slim\Slim\MiddlewareAwareTrait.php(117): Slim\App->Slim\{closure}(Object(Slim\Http\Request), Object(Slim\Http\Response))
#22 C:\xampp\htdocs\churchcrm\vendor\slim\slim\Slim\App.php(392): Slim\App->callMiddlewareStack(Object(Slim\Http\Request), Object(Slim\Http\Response))
#23 C:\xampp\htdocs\churchcrm\vendor\slim\slim\Slim\App.php(297): Slim\App->process(Object(Slim\Http\Request), Object(Slim\Http\Response))
#24 C:\xampp\htdocs\churchcrm\v2\index.php(48): Slim\App->run()
#25 {main}
View in rendered output by enabling the "displayErrorDetails" setting.

[13-Mar-2021 13:15:45 UTC] Slim Application Error:
Type: Error
Message: Call to a member function getId() on null
File: C:\xampp\htdocs\churchcrm\v2\templates\people\master-list.php
Line: 125
Trace: #0 C:\xampp\htdocs\churchcrm\vendor\slim\php-view\src\PhpRenderer.php(203): include()
#1 C:\xampp\htdocs\churchcrm\vendor\slim\php-view\src\PhpRenderer.php(184): Slim\Views\PhpRenderer->protectedIncludeScope('templates/peopl...', Array)
#2 C:\xampp\htdocs\churchcrm\vendor\slim\php-view\src\PhpRenderer.php(153): Slim\Views\PhpRenderer->fetchTemplate('master-list.php', Array)
#3 C:\xampp\htdocs\churchcrm\vendor\slim\php-view\src\PhpRenderer.php(54): Slim\Views\PhpRenderer->fetch('master-list.php', Array, true)
#4 C:\xampp\htdocs\churchcrm\v2\routes\family.php(94): Slim\Views\PhpRenderer->render(Object(Slim\Http\Response), 'master-list.php', Array)
#5 [internal function]: getGlobalMaster(Object(Slim\Http\Request), Object(Slim\Http\Response), Array)
#6 C:\xampp\htdocs\churchcrm\vendor\slim\slim\Slim\Handlers\Strategies\RequestResponse.php(40): call_user_func('getGlobalMaster', Object(Slim\Http\Request), Object(Slim\Http\Response), Array)
#7 C:\xampp\htdocs\churchcrm\vendor\slim\slim\Slim\Route.php(281): Slim\Handlers\Strategies\RequestResponse->__invoke('getGlobalMaster', Object(Slim\Http\Request), Object(Slim\Http\Response), Array)
#8 C:\xampp\htdocs\churchcrm\vendor\slim\slim\Slim\MiddlewareAwareTrait.php(117): Slim\Route->__invoke(Object(Slim\Http\Request), Object(Slim\Http\Response))
#9 C:\xampp\htdocs\churchcrm\vendor\slim\slim\Slim\Route.php(268): Slim\Route->callMiddlewareStack(Object(Slim\Http\Request), Object(Slim\Http\Response))
#10 C:\xampp\htdocs\churchcrm\vendor\slim\slim\Slim\App.php(503): Slim\Route->run(Object(Slim\Http\Request), Object(Slim\Http\Response))
#11 C:\xampp\htdocs\churchcrm\ChurchCRM\Slim\Middleware\VersionMiddleware.php(13): Slim\App->__invoke(Object(Slim\Http\Request), Object(Slim\Http\Response))
#12 [internal function]: ChurchCRM\Slim\Middleware\VersionMiddleware->__invoke(Object(Slim\Http\Request), Object(Slim\Http\Response), Object(Slim\App))
#13 C:\xampp\htdocs\churchcrm\vendor\slim\slim\Slim\DeferredCallable.php(57): call_user_func_array(Object(ChurchCRM\Slim\Middleware\VersionMiddleware), Array)
#14 [internal function]: Slim\DeferredCallable->__invoke(Object(Slim\Http\Request), Object(Slim\Http\Response), Object(Slim\App))
#15 C:\xampp\htdocs\churchcrm\vendor\slim\slim\Slim\MiddlewareAwareTrait.php(70): call_user_func(Object(Slim\DeferredCallable), Object(Slim\Http\Request), Object(Slim\Http\Response), Object(Slim\App))
#16 C:\xampp\htdocs\churchcrm\ChurchCRM\Slim\Middleware\AuthMiddleware.php(34): Slim\App->Slim\{closure}(Object(Slim\Http\Request), Object(Slim\Http\Response))
#17 [internal function]: ChurchCRM\Slim\Middleware\AuthMiddleware->__invoke(Object(Slim\Http\Request), Object(Slim\Http\Response), Object(Closure))
#18 C:\xampp\htdocs\churchcrm\vendor\slim\slim\Slim\DeferredCallable.php(57): call_user_func_array(Object(ChurchCRM\Slim\Middleware\AuthMiddleware), Array)
#19 [internal function]: Slim\DeferredCallable->__invoke(Object(Slim\Http\Request), Object(Slim\Http\Response), Object(Closure))
#20 C:\xampp\htdocs\churchcrm\vendor\slim\slim\Slim\MiddlewareAwareTrait.php(70): call_user_func(Object(Slim\DeferredCallable), Object(Slim\Http\Request), Object(Slim\Http\Response), Object(Closure))
#21 C:\xampp\htdocs\churchcrm\vendor\slim\slim\Slim\MiddlewareAwareTrait.php(117): Slim\App->Slim\{closure}(Object(Slim\Http\Request), Object(Slim\Http\Response))
#22 C:\xampp\htdocs\churchcrm\vendor\slim\slim\Slim\App.php(392): Slim\App->callMiddlewareStack(Object(Slim\Http\Request), Object(Slim\Http\Response))
#23 C:\xampp\htdocs\churchcrm\vendor\slim\slim\Slim\App.php(297): Slim\App->process(Object(Slim\Http\Request), Object(Slim\Http\Response))
#24 C:\xampp\htdocs\churchcrm\v2\index.php(48): Slim\App->run()
#25 {main}
View in rendered output by enabling the "displayErrorDetails" setting.

[13-Mar-2021 13:15:47 UTC] Slim Application Error:
Type: Error
Message: Call to a member function getId() on null
File: C:\xampp\htdocs\churchcrm\v2\templates\people\master-list.php
Line: 125
Trace: #0 C:\xampp\htdocs\churchcrm\vendor\slim\php-view\src\PhpRenderer.php(203): include()
#1 C:\xampp\htdocs\churchcrm\vendor\slim\php-view\src\PhpRenderer.php(184): Slim\Views\PhpRenderer->protectedIncludeScope('templates/peopl...', Array)
#2 C:\xampp\htdocs\churchcrm\vendor\slim\php-view\src\PhpRenderer.php(153): Slim\Views\PhpRenderer->fetchTemplate('master-list.php', Array)
#3 C:\xampp\htdocs\churchcrm\vendor\slim\php-view\src\PhpRenderer.php(54): Slim\Views\PhpRenderer->fetch('master-list.php', Array, true)
#4 C:\xampp\htdocs\churchcrm\v2\routes\family.php(94): Slim\Views\PhpRenderer->render(Object(Slim\Http\Response), 'master-list.php', Array)
#5 [internal function]: getGlobalMaster(Object(Slim\Http\Request), Object(Slim\Http\Response), Array)
#6 C:\xampp\htdocs\churchcrm\vendor\slim\slim\Slim\Handlers\Strategies\RequestResponse.php(40): call_user_func('getGlobalMaster', Object(Slim\Http\Request), Object(Slim\Http\Response), Array)
#7 C:\xampp\htdocs\churchcrm\vendor\slim\slim\Slim\Route.php(281): Slim\Handlers\Strategies\RequestResponse->__invoke('getGlobalMaster', Object(Slim\Http\Request), Object(Slim\Http\Response), Array)
#8 C:\xampp\htdocs\churchcrm\vendor\slim\slim\Slim\MiddlewareAwareTrait.php(117): Slim\Route->__invoke(Object(Slim\Http\Request), Object(Slim\Http\Response))
#9 C:\xampp\htdocs\churchcrm\vendor\slim\slim\Slim\Route.php(268): Slim\Route->callMiddlewareStack(Object(Slim\Http\Request), Object(Slim\Http\Response))
#10 C:\xampp\htdocs\churchcrm\vendor\slim\slim\Slim\App.php(503): Slim\Route->run(Object(Slim\Http\Request), Object(Slim\Http\Response))
#11 C:\xampp\htdocs\churchcrm\ChurchCRM\Slim\Middleware\VersionMiddleware.php(13): Slim\App->__invoke(Object(Slim\Http\Request), Object(Slim\Http\Response))
#12 [internal function]: ChurchCRM\Slim\Middleware\VersionMiddleware->__invoke(Object(Slim\Http\Request), Object(Slim\Http\Response), Object(Slim\App))
#13 C:\xampp\htdocs\churchcrm\vendor\slim\slim\Slim\DeferredCallable.php(57): call_user_func_array(Object(ChurchCRM\Slim\Middleware\VersionMiddleware), Array)
#14 [internal function]: Slim\DeferredCallable->__invoke(Object(Slim\Http\Request), Object(Slim\Http\Response), Object(Slim\App))
#15 C:\xampp\htdocs\churchcrm\vendor\slim\slim\Slim\MiddlewareAwareTrait.php(70): call_user_func(Object(Slim\DeferredCallable), Object(Slim\Http\Request), Object(Slim\Http\Response), Object(Slim\App))
#16 C:\xampp\htdocs\churchcrm\ChurchCRM\Slim\Middleware\AuthMiddleware.php(34): Slim\App->Slim\{closure}(Object(Slim\Http\Request), Object(Slim\Http\Response))
#17 [internal function]: ChurchCRM\Slim\Middleware\AuthMiddleware->__invoke(Object(Slim\Http\Request), Object(Slim\Http\Response), Object(Closure))
#18 C:\xampp\htdocs\churchcrm\vendor\slim\slim\Slim\DeferredCallable.php(57): call_user_func_array(Object(ChurchCRM\Slim\Middleware\AuthMiddleware), Array)
#19 [internal function]: Slim\DeferredCallable->__invoke(Object(Slim\Http\Request), Object(Slim\Http\Response), Object(Closure))
#20 C:\xampp\htdocs\churchcrm\vendor\slim\slim\Slim\MiddlewareAwareTrait.php(70): call_user_func(Object(Slim\DeferredCallable), Object(Slim\Http\Request), Object(Slim\Http\Response), Object(Closure))
#21 C:\xampp\htdocs\churchcrm\vendor\slim\slim\Slim\MiddlewareAwareTrait.php(117): Slim\App->Slim\{closure}(Object(Slim\Http\Request), Object(Slim\Http\Response))
#22 C:\xampp\htdocs\churchcrm\vendor\slim\slim\Slim\App.php(392): Slim\App->callMiddlewareStack(Object(Slim\Http\Request), Object(Slim\Http\Response))
#23 C:\xampp\htdocs\churchcrm\vendor\slim\slim\Slim\App.php(297): Slim\App->process(Object(Slim\Http\Request), Object(Slim\Http\Response))
#24 C:\xampp\htdocs\churchcrm\v2\index.php(48): Slim\App->run()
#25 {main}
View in rendered output by enabling the "displayErrorDetails" setting.

[13-Mar-2021 13:27:22 UTC] Slim Application Error:
Type: Error
Message: Call to a member function getId() on null
File: C:\xampp\htdocs\churchcrm\v2\templates\people\master-list.php
Line: 125
Trace: #0 C:\xampp\htdocs\churchcrm\vendor\slim\php-view\src\PhpRenderer.php(203): include()
#1 C:\xampp\htdocs\churchcrm\vendor\slim\php-view\src\PhpRenderer.php(184): Slim\Views\PhpRenderer->protectedIncludeScope('templates/peopl...', Array)
#2 C:\xampp\htdocs\churchcrm\vendor\slim\php-view\src\PhpRenderer.php(153): Slim\Views\PhpRenderer->fetchTemplate('master-list.php', Array)
#3 C:\xampp\htdocs\churchcrm\vendor\slim\php-view\src\PhpRenderer.php(54): Slim\Views\PhpRenderer->fetch('master-list.php', Array, true)
#4 C:\xampp\htdocs\churchcrm\v2\routes\family.php(94): Slim\Views\PhpRenderer->render(Object(Slim\Http\Response), 'master-list.php', Array)
#5 [internal function]: getGlobalMaster(Object(Slim\Http\Request), Object(Slim\Http\Response), Array)
#6 C:\xampp\htdocs\churchcrm\vendor\slim\slim\Slim\Handlers\Strategies\RequestResponse.php(40): call_user_func('getGlobalMaster', Object(Slim\Http\Request), Object(Slim\Http\Response), Array)
#7 C:\xampp\htdocs\churchcrm\vendor\slim\slim\Slim\Route.php(281): Slim\Handlers\Strategies\RequestResponse->__invoke('getGlobalMaster', Object(Slim\Http\Request), Object(Slim\Http\Response), Array)
#8 C:\xampp\htdocs\churchcrm\vendor\slim\slim\Slim\MiddlewareAwareTrait.php(117): Slim\Route->__invoke(Object(Slim\Http\Request), Object(Slim\Http\Response))
#9 C:\xampp\htdocs\churchcrm\vendor\slim\slim\Slim\Route.php(268): Slim\Route->callMiddlewareStack(Object(Slim\Http\Request), Object(Slim\Http\Response))
#10 C:\xampp\htdocs\churchcrm\vendor\slim\slim\Slim\App.php(503): Slim\Route->run(Object(Slim\Http\Request), Object(Slim\Http\Response))
#11 C:\xampp\htdocs\churchcrm\ChurchCRM\Slim\Middleware\VersionMiddleware.php(13): Slim\App->__invoke(Object(Slim\Http\Request), Object(Slim\Http\Response))
#12 [internal function]: ChurchCRM\Slim\Middleware\VersionMiddleware->__invoke(Object(Slim\Http\Request), Object(Slim\Http\Response), Object(Slim\App))
#13 C:\xampp\htdocs\churchcrm\vendor\slim\slim\Slim\DeferredCallable.php(57): call_user_func_array(Object(ChurchCRM\Slim\Middleware\VersionMiddleware), Array)
#14 [internal function]: Slim\DeferredCallable->__invoke(Object(Slim\Http\Request), Object(Slim\Http\Response), Object(Slim\App))
#15 C:\xampp\htdocs\churchcrm\vendor\slim\slim\Slim\MiddlewareAwareTrait.php(70): call_user_func(Object(Slim\DeferredCallable), Object(Slim\Http\Request), Object(Slim\Http\Response), Object(Slim\App))
#16 C:\xampp\htdocs\churchcrm\ChurchCRM\Slim\Middleware\AuthMiddleware.php(34): Slim\App->Slim\{closure}(Object(Slim\Http\Request), Object(Slim\Http\Response))
#17 [internal function]: ChurchCRM\Slim\Middleware\AuthMiddleware->__invoke(Object(Slim\Http\Request), Object(Slim\Http\Response), Object(Closure))
#18 C:\xampp\htdocs\churchcrm\vendor\slim\slim\Slim\DeferredCallable.php(57): call_user_func_array(Object(ChurchCRM\Slim\Middleware\AuthMiddleware), Array)
#19 [internal function]: Slim\DeferredCallable->__invoke(Object(Slim\Http\Request), Object(Slim\Http\Response), Object(Closure))
#20 C:\xampp\htdocs\churchcrm\vendor\slim\slim\Slim\MiddlewareAwareTrait.php(70): call_user_func(Object(Slim\DeferredCallable), Object(Slim\Http\Request), Object(Slim\Http\Response), Object(Closure))
#21 C:\xampp\htdocs\churchcrm\vendor\slim\slim\Slim\MiddlewareAwareTrait.php(117): Slim\App->Slim\{closure}(Object(Slim\Http\Request), Object(Slim\Http\Response))
#22 C:\xampp\htdocs\churchcrm\vendor\slim\slim\Slim\App.php(392): Slim\App->callMiddlewareStack(Object(Slim\Http\Request), Object(Slim\Http\Response))
#23 C:\xampp\htdocs\churchcrm\vendor\slim\slim\Slim\App.php(297): Slim\App->process(Object(Slim\Http\Request), Object(Slim\Http\Response))
#24 C:\xampp\htdocs\churchcrm\v2\index.php(48): Slim\App->run()
#25 {main}
View in rendered output by enabling the "displayErrorDetails" setting.

