[26-Feb-2021 23:59:08 UTC] PHP Fatal error:  Uncaught Exception: Database error or invalid data, change sLogLevel to debug to see more. in C:\xampp\htdocs\churchcrm\Include\Functions.php:215
Stack trace:
#0 C:\xampp\htdocs\churchcrm\PostRedirect.php(62): RunQuery(' SELECT `master...')
#1 {main}
  thrown in C:\xampp\htdocs\churchcrm\Include\Functions.php on line 215
[26-Feb-2021 23:59:17 UTC] PHP Fatal error:  Uncaught Exception: Database error or invalid data, change sLogLevel to debug to see more. in C:\xampp\htdocs\churchcrm\Include\Functions.php:215
Stack trace:
#0 C:\xampp\htdocs\churchcrm\PostRedirect.php(62): RunQuery(' SELECT `master...')
#1 {main}
  thrown in C:\xampp\htdocs\churchcrm\Include\Functions.php on line 215
[27-Feb-2021 19:05:53 UTC] PHP Fatal error:  Uncaught Exception: Database error or invalid data, change sLogLevel to debug to see more. in C:\xampp\htdocs\churchcrm\Include\Functions.php:215
Stack trace:
#0 C:\xampp\htdocs\churchcrm\PostRedirect.php(111): RunQuery('UPDATE `master_...')
#1 {main}
  thrown in C:\xampp\htdocs\churchcrm\Include\Functions.php on line 215
[27-Feb-2021 19:08:09 UTC] PHP Fatal error:  Uncaught Exception: Database error or invalid data, change sLogLevel to debug to see more. in C:\xampp\htdocs\churchcrm\Include\Functions.php:215
Stack trace:
#0 C:\xampp\htdocs\churchcrm\PostRedirect.php(111): RunQuery('UPDATE `master_...')
#1 {main}
  thrown in C:\xampp\htdocs\churchcrm\Include\Functions.php on line 215
[27-Feb-2021 19:08:30 UTC] PHP Fatal error:  Uncaught Exception: Database error or invalid data, change sLogLevel to debug to see more. in C:\xampp\htdocs\churchcrm\Include\Functions.php:215
Stack trace:
#0 C:\xampp\htdocs\churchcrm\PostRedirect.php(111): RunQuery('UPDATE `master_...')
#1 {main}
  thrown in C:\xampp\htdocs\churchcrm\Include\Functions.php on line 215
[27-Feb-2021 19:16:58 UTC] PHP Fatal error:  Uncaught Exception: Database error or invalid data, change sLogLevel to debug to see more. in C:\xampp\htdocs\churchcrm\Include\Functions.php:215
Stack trace:
#0 C:\xampp\htdocs\churchcrm\PostRedirect.php(111): RunQuery('UPDATE `master_...')
#1 {main}
  thrown in C:\xampp\htdocs\churchcrm\Include\Functions.php on line 215
[27-Feb-2021 19:17:53 UTC] PHP Fatal error:  Uncaught Exception: Database error or invalid data, change sLogLevel to debug to see more. in C:\xampp\htdocs\churchcrm\Include\Functions.php:215
Stack trace:
#0 C:\xampp\htdocs\churchcrm\PostRedirect.php(111): RunQuery('UPDATE `master_...')
#1 {main}
  thrown in C:\xampp\htdocs\churchcrm\Include\Functions.php on line 215
[27-Feb-2021 19:17:55 UTC] PHP Fatal error:  Uncaught Exception: Database error or invalid data, change sLogLevel to debug to see more. in C:\xampp\htdocs\churchcrm\Include\Functions.php:215
Stack trace:
#0 C:\xampp\htdocs\churchcrm\PostRedirect.php(111): RunQuery('UPDATE `master_...')
#1 {main}
  thrown in C:\xampp\htdocs\churchcrm\Include\Functions.php on line 215
[27-Feb-2021 19:17:58 UTC] PHP Fatal error:  Uncaught Exception: Database error or invalid data, change sLogLevel to debug to see more. in C:\xampp\htdocs\churchcrm\Include\Functions.php:215
Stack trace:
#0 C:\xampp\htdocs\churchcrm\PostRedirect.php(111): RunQuery('UPDATE `master_...')
#1 {main}
  thrown in C:\xampp\htdocs\churchcrm\Include\Functions.php on line 215
[27-Feb-2021 19:18:22 UTC] PHP Fatal error:  Uncaught Exception: Database error or invalid data, change sLogLevel to debug to see more. in C:\xampp\htdocs\churchcrm\Include\Functions.php:215
Stack trace:
#0 C:\xampp\htdocs\churchcrm\PostRedirect.php(111): RunQuery('UPDATE `master_...')
#1 {main}
  thrown in C:\xampp\htdocs\churchcrm\Include\Functions.php on line 215
[27-Feb-2021 19:18:31 UTC] PHP Fatal error:  Uncaught Exception: Database error or invalid data, change sLogLevel to debug to see more. in C:\xampp\htdocs\churchcrm\Include\Functions.php:215
Stack trace:
#0 C:\xampp\htdocs\churchcrm\PostRedirect.php(111): RunQuery('UPDATE `master_...')
#1 {main}
  thrown in C:\xampp\htdocs\churchcrm\Include\Functions.php on line 215
[27-Feb-2021 19:18:43 UTC] PHP Fatal error:  Uncaught Exception: Database error or invalid data, change sLogLevel to debug to see more. in C:\xampp\htdocs\churchcrm\Include\Functions.php:215
Stack trace:
#0 C:\xampp\htdocs\churchcrm\PostRedirect.php(111): RunQuery('UPDATE `master_...')
#1 {main}
  thrown in C:\xampp\htdocs\churchcrm\Include\Functions.php on line 215
[27-Feb-2021 19:18:45 UTC] PHP Fatal error:  Uncaught Exception: Database error or invalid data, change sLogLevel to debug to see more. in C:\xampp\htdocs\churchcrm\Include\Functions.php:215
Stack trace:
#0 C:\xampp\htdocs\churchcrm\PostRedirect.php(111): RunQuery('UPDATE `master_...')
#1 {main}
  thrown in C:\xampp\htdocs\churchcrm\Include\Functions.php on line 215
[27-Feb-2021 19:18:47 UTC] PHP Fatal error:  Uncaught Exception: Database error or invalid data, change sLogLevel to debug to see more. in C:\xampp\htdocs\churchcrm\Include\Functions.php:215
Stack trace:
#0 C:\xampp\htdocs\churchcrm\PostRedirect.php(111): RunQuery('UPDATE `master_...')
#1 {main}
  thrown in C:\xampp\htdocs\churchcrm\Include\Functions.php on line 215
[27-Feb-2021 19:18:49 UTC] PHP Fatal error:  Uncaught Exception: Database error or invalid data, change sLogLevel to debug to see more. in C:\xampp\htdocs\churchcrm\Include\Functions.php:215
Stack trace:
#0 C:\xampp\htdocs\churchcrm\PostRedirect.php(111): RunQuery('UPDATE `master_...')
#1 {main}
  thrown in C:\xampp\htdocs\churchcrm\Include\Functions.php on line 215
[27-Feb-2021 19:28:13 UTC] PHP Fatal error:  Uncaught Exception: Database error or invalid data, change sLogLevel to debug to see more. in C:\xampp\htdocs\churchcrm\Include\Functions.php:215
Stack trace:
#0 C:\xampp\htdocs\churchcrm\PostRedirect.php(111): RunQuery('UPDATE `master_...')
#1 {main}
  thrown in C:\xampp\htdocs\churchcrm\Include\Functions.php on line 215
[27-Feb-2021 19:28:44 UTC] PHP Fatal error:  Uncaught Exception: Database error or invalid data, change sLogLevel to debug to see more. in C:\xampp\htdocs\churchcrm\Include\Functions.php:215
Stack trace:
#0 C:\xampp\htdocs\churchcrm\PostRedirect.php(111): RunQuery('UPDATE `master_...')
#1 {main}
  thrown in C:\xampp\htdocs\churchcrm\Include\Functions.php on line 215
[27-Feb-2021 19:28:56 UTC] PHP Fatal error:  Uncaught Exception: Database error or invalid data, change sLogLevel to debug to see more. in C:\xampp\htdocs\churchcrm\Include\Functions.php:215
Stack trace:
#0 C:\xampp\htdocs\churchcrm\PostRedirect.php(111): RunQuery('UPDATE `master_...')
#1 {main}
  thrown in C:\xampp\htdocs\churchcrm\Include\Functions.php on line 215
[27-Feb-2021 19:28:59 UTC] PHP Fatal error:  Uncaught Exception: Database error or invalid data, change sLogLevel to debug to see more. in C:\xampp\htdocs\churchcrm\Include\Functions.php:215
Stack trace:
#0 C:\xampp\htdocs\churchcrm\PostRedirect.php(111): RunQuery('UPDATE `master_...')
#1 {main}
  thrown in C:\xampp\htdocs\churchcrm\Include\Functions.php on line 215
[27-Feb-2021 19:29:03 UTC] PHP Fatal error:  Uncaught Exception: Database error or invalid data, change sLogLevel to debug to see more. in C:\xampp\htdocs\churchcrm\Include\Functions.php:215
Stack trace:
#0 C:\xampp\htdocs\churchcrm\PostRedirect.php(111): RunQuery('UPDATE `master_...')
#1 {main}
  thrown in C:\xampp\htdocs\churchcrm\Include\Functions.php on line 215
[27-Feb-2021 19:29:10 UTC] PHP Fatal error:  Uncaught Exception: Database error or invalid data, change sLogLevel to debug to see more. in C:\xampp\htdocs\churchcrm\Include\Functions.php:215
Stack trace:
#0 C:\xampp\htdocs\churchcrm\PostRedirect.php(111): RunQuery('UPDATE `master_...')
#1 {main}
  thrown in C:\xampp\htdocs\churchcrm\Include\Functions.php on line 215
[27-Feb-2021 19:29:15 UTC] PHP Fatal error:  Uncaught Exception: Database error or invalid data, change sLogLevel to debug to see more. in C:\xampp\htdocs\churchcrm\Include\Functions.php:215
Stack trace:
#0 C:\xampp\htdocs\churchcrm\PostRedirect.php(111): RunQuery('UPDATE `master_...')
#1 {main}
  thrown in C:\xampp\htdocs\churchcrm\Include\Functions.php on line 215
[27-Feb-2021 19:29:27 UTC] PHP Fatal error:  Uncaught Exception: Database error or invalid data, change sLogLevel to debug to see more. in C:\xampp\htdocs\churchcrm\Include\Functions.php:215
Stack trace:
#0 C:\xampp\htdocs\churchcrm\PostRedirect.php(111): RunQuery('UPDATE `master_...')
#1 {main}
  thrown in C:\xampp\htdocs\churchcrm\Include\Functions.php on line 215
[27-Feb-2021 19:29:44 UTC] PHP Fatal error:  Uncaught Exception: Database error or invalid data, change sLogLevel to debug to see more. in C:\xampp\htdocs\churchcrm\Include\Functions.php:215
Stack trace:
#0 C:\xampp\htdocs\churchcrm\PostRedirect.php(111): RunQuery('UPDATE `master_...')
#1 {main}
  thrown in C:\xampp\htdocs\churchcrm\Include\Functions.php on line 215
[27-Feb-2021 19:29:57 UTC] PHP Fatal error:  Uncaught Exception: Database error or invalid data, change sLogLevel to debug to see more. in C:\xampp\htdocs\churchcrm\Include\Functions.php:215
Stack trace:
#0 C:\xampp\htdocs\churchcrm\PostRedirect.php(111): RunQuery('UPDATE `master_...')
#1 {main}
  thrown in C:\xampp\htdocs\churchcrm\Include\Functions.php on line 215
[27-Feb-2021 19:30:25 UTC] PHP Fatal error:  Uncaught Exception: Database error or invalid data, change sLogLevel to debug to see more. in C:\xampp\htdocs\churchcrm\Include\Functions.php:215
Stack trace:
#0 C:\xampp\htdocs\churchcrm\PostRedirect.php(111): RunQuery('UPDATE `master_...')
#1 {main}
  thrown in C:\xampp\htdocs\churchcrm\Include\Functions.php on line 215
[27-Feb-2021 19:31:08 UTC] PHP Fatal error:  Uncaught Exception: Database error or invalid data, change sLogLevel to debug to see more. in C:\xampp\htdocs\churchcrm\Include\Functions.php:215
Stack trace:
#0 C:\xampp\htdocs\churchcrm\PostRedirect.php(111): RunQuery('UPDATE `master_...')
#1 {main}
  thrown in C:\xampp\htdocs\churchcrm\Include\Functions.php on line 215
[27-Feb-2021 19:31:14 UTC] PHP Fatal error:  Uncaught Exception: Database error or invalid data, change sLogLevel to debug to see more. in C:\xampp\htdocs\churchcrm\Include\Functions.php:215
Stack trace:
#0 C:\xampp\htdocs\churchcrm\PostRedirect.php(111): RunQuery('UPDATE `master_...')
#1 {main}
  thrown in C:\xampp\htdocs\churchcrm\Include\Functions.php on line 215
[27-Feb-2021 19:32:10 UTC] PHP Fatal error:  Uncaught Exception: Database error or invalid data, change sLogLevel to debug to see more. in C:\xampp\htdocs\churchcrm\Include\Functions.php:215
Stack trace:
#0 C:\xampp\htdocs\churchcrm\PostRedirect.php(111): RunQuery('UPDATE `master_...')
#1 {main}
  thrown in C:\xampp\htdocs\churchcrm\Include\Functions.php on line 215
[27-Feb-2021 19:32:23 UTC] PHP Fatal error:  Uncaught Exception: Database error or invalid data, change sLogLevel to debug to see more. in C:\xampp\htdocs\churchcrm\Include\Functions.php:215
Stack trace:
#0 C:\xampp\htdocs\churchcrm\PostRedirect.php(111): RunQuery('UPDATE `master_...')
#1 {main}
  thrown in C:\xampp\htdocs\churchcrm\Include\Functions.php on line 215
[27-Feb-2021 19:36:29 UTC] PHP Fatal error:  Uncaught Exception: Database error or invalid data, change sLogLevel to debug to see more. in C:\xampp\htdocs\churchcrm\Include\Functions.php:215
Stack trace:
#0 C:\xampp\htdocs\churchcrm\PostRedirect.php(112): RunQuery('UPDATE `master_...')
#1 {main}
  thrown in C:\xampp\htdocs\churchcrm\Include\Functions.php on line 215
[27-Feb-2021 19:36:31 UTC] PHP Fatal error:  Uncaught Exception: Database error or invalid data, change sLogLevel to debug to see more. in C:\xampp\htdocs\churchcrm\Include\Functions.php:215
Stack trace:
#0 C:\xampp\htdocs\churchcrm\PostRedirect.php(112): RunQuery('UPDATE `master_...')
#1 {main}
  thrown in C:\xampp\htdocs\churchcrm\Include\Functions.php on line 215
[27-Feb-2021 19:36:33 UTC] PHP Fatal error:  Uncaught Exception: Database error or invalid data, change sLogLevel to debug to see more. in C:\xampp\htdocs\churchcrm\Include\Functions.php:215
Stack trace:
#0 C:\xampp\htdocs\churchcrm\PostRedirect.php(112): RunQuery('UPDATE `master_...')
#1 {main}
  thrown in C:\xampp\htdocs\churchcrm\Include\Functions.php on line 215
[27-Feb-2021 19:38:02 UTC] PHP Fatal error:  Uncaught Exception: Database error or invalid data, change sLogLevel to debug to see more. in C:\xampp\htdocs\churchcrm\Include\Functions.php:215
Stack trace:
#0 C:\xampp\htdocs\churchcrm\PostRedirect.php(112): RunQuery('UPDATE `master_...')
#1 {main}
  thrown in C:\xampp\htdocs\churchcrm\Include\Functions.php on line 215
[27-Feb-2021 19:38:23 UTC] PHP Fatal error:  Uncaught Exception: Database error or invalid data, change sLogLevel to debug to see more. in C:\xampp\htdocs\churchcrm\Include\Functions.php:215
Stack trace:
#0 C:\xampp\htdocs\churchcrm\PostRedirect.php(112): RunQuery('UPDATE `master_...')
#1 {main}
  thrown in C:\xampp\htdocs\churchcrm\Include\Functions.php on line 215
[27-Feb-2021 19:38:27 UTC] PHP Fatal error:  Uncaught Exception: Database error or invalid data, change sLogLevel to debug to see more. in C:\xampp\htdocs\churchcrm\Include\Functions.php:215
Stack trace:
#0 C:\xampp\htdocs\churchcrm\PostRedirect.php(112): RunQuery('UPDATE `master_...')
#1 {main}
  thrown in C:\xampp\htdocs\churchcrm\Include\Functions.php on line 215
[27-Feb-2021 19:38:45 UTC] PHP Fatal error:  Uncaught Exception: Database error or invalid data, change sLogLevel to debug to see more. in C:\xampp\htdocs\churchcrm\Include\Functions.php:215
Stack trace:
#0 C:\xampp\htdocs\churchcrm\PostRedirect.php(112): RunQuery('UPDATE `master_...')
#1 {main}
  thrown in C:\xampp\htdocs\churchcrm\Include\Functions.php on line 215
[27-Feb-2021 19:39:26 UTC] PHP Fatal error:  Uncaught Exception: Database error or invalid data, change sLogLevel to debug to see more. in C:\xampp\htdocs\churchcrm\Include\Functions.php:215
Stack trace:
#0 C:\xampp\htdocs\churchcrm\PostRedirect.php(112): RunQuery('UPDATE `master_...')
#1 {main}
  thrown in C:\xampp\htdocs\churchcrm\Include\Functions.php on line 215
[27-Feb-2021 19:40:39 UTC] PHP Fatal error:  Uncaught Exception: Database error or invalid data, change sLogLevel to debug to see more. in C:\xampp\htdocs\churchcrm\Include\Functions.php:215
Stack trace:
#0 C:\xampp\htdocs\churchcrm\PostRedirect.php(112): RunQuery('UPDATE `master_...')
#1 {main}
  thrown in C:\xampp\htdocs\churchcrm\Include\Functions.php on line 215
[27-Feb-2021 19:41:19 UTC] PHP Fatal error:  Uncaught Exception: Database error or invalid data, change sLogLevel to debug to see more. in C:\xampp\htdocs\churchcrm\Include\Functions.php:215
Stack trace:
#0 C:\xampp\htdocs\churchcrm\PostRedirect.php(112): RunQuery('UPDATE `master_...')
#1 {main}
  thrown in C:\xampp\htdocs\churchcrm\Include\Functions.php on line 215
[27-Feb-2021 19:42:00 UTC] PHP Fatal error:  Uncaught Exception: Database error or invalid data, change sLogLevel to debug to see more. in C:\xampp\htdocs\churchcrm\Include\Functions.php:215
Stack trace:
#0 C:\xampp\htdocs\churchcrm\PostRedirect.php(112): RunQuery('UPDATE `master_...')
#1 {main}
  thrown in C:\xampp\htdocs\churchcrm\Include\Functions.php on line 215
[27-Feb-2021 19:44:37 UTC] PHP Fatal error:  Uncaught Exception: Database error or invalid data, change sLogLevel to debug to see more. in C:\xampp\htdocs\churchcrm\Include\Functions.php:215
Stack trace:
#0 C:\xampp\htdocs\churchcrm\PostRedirect.php(112): RunQuery('UPDATE `master_...')
#1 {main}
  thrown in C:\xampp\htdocs\churchcrm\Include\Functions.php on line 215
[27-Feb-2021 19:44:43 UTC] PHP Fatal error:  Uncaught Exception: Database error or invalid data, change sLogLevel to debug to see more. in C:\xampp\htdocs\churchcrm\Include\Functions.php:215
Stack trace:
#0 C:\xampp\htdocs\churchcrm\PostRedirect.php(112): RunQuery('UPDATE `master_...')
#1 {main}
  thrown in C:\xampp\htdocs\churchcrm\Include\Functions.php on line 215
[27-Feb-2021 19:48:34 UTC] PHP Fatal error:  Uncaught Exception: Database error or invalid data, change sLogLevel to debug to see more. in C:\xampp\htdocs\churchcrm\Include\Functions.php:215
Stack trace:
#0 C:\xampp\htdocs\churchcrm\PostRedirect.php(112): RunQuery('UPDATE `master_...')
#1 {main}
  thrown in C:\xampp\htdocs\churchcrm\Include\Functions.php on line 215
[27-Feb-2021 19:49:54 UTC] PHP Fatal error:  Uncaught Exception: Database error or invalid data, change sLogLevel to debug to see more. in C:\xampp\htdocs\churchcrm\Include\Functions.php:215
Stack trace:
#0 C:\xampp\htdocs\churchcrm\PostRedirect.php(112): RunQuery('UPDATE `master_...')
#1 {main}
  thrown in C:\xampp\htdocs\churchcrm\Include\Functions.php on line 215
[27-Feb-2021 19:50:10 UTC] PHP Fatal error:  Uncaught Exception: Database error or invalid data, change sLogLevel to debug to see more. in C:\xampp\htdocs\churchcrm\Include\Functions.php:215
Stack trace:
#0 C:\xampp\htdocs\churchcrm\PostRedirect.php(112): RunQuery('UPDATE `master_...')
#1 {main}
  thrown in C:\xampp\htdocs\churchcrm\Include\Functions.php on line 215
[27-Feb-2021 19:50:16 UTC] PHP Fatal error:  Uncaught Exception: Database error or invalid data, change sLogLevel to debug to see more. in C:\xampp\htdocs\churchcrm\Include\Functions.php:215
Stack trace:
#0 C:\xampp\htdocs\churchcrm\PostRedirect.php(112): RunQuery('UPDATE `master_...')
#1 {main}
  thrown in C:\xampp\htdocs\churchcrm\Include\Functions.php on line 215
[27-Feb-2021 19:51:18 UTC] PHP Fatal error:  Uncaught Exception: Database error or invalid data, change sLogLevel to debug to see more. in C:\xampp\htdocs\churchcrm\Include\Functions.php:215
Stack trace:
#0 C:\xampp\htdocs\churchcrm\PostRedirect.php(112): RunQuery('UPDATE `master_...')
#1 {main}
  thrown in C:\xampp\htdocs\churchcrm\Include\Functions.php on line 215
[27-Feb-2021 19:51:53 UTC] PHP Fatal error:  Uncaught Exception: Database error or invalid data, change sLogLevel to debug to see more. in C:\xampp\htdocs\churchcrm\Include\Functions.php:215
Stack trace:
#0 C:\xampp\htdocs\churchcrm\PostRedirect.php(112): RunQuery('UPDATE `master_...')
#1 {main}
  thrown in C:\xampp\htdocs\churchcrm\Include\Functions.php on line 215
