[2021-02-19T09:38:54.389945+00:00] defaultLogger.INFO: Starting background job processing [] {"url":"/KC/churchcrm2021/api/background/timerjobs","remote_ip":"::1","correlation_id":"602f872e5f352"}
[2021-02-19T09:38:54.391450+00:00] defaultLogger.INFO: Not starting application integrity check.  Last application integrity check run: 20210216-131848 [] {"url":"/KC/churchcrm2021/api/background/timerjobs","remote_ip":"::1","correlation_id":"602f872e5f352"}
[2021-02-19T09:40:08.029176+00:00] defaultLogger.INFO: Starting background job processing [] {"url":"/KC/churchcrm2021/api/background/timerjobs","remote_ip":"::1","correlation_id":"602f87780721f"}
[2021-02-19T09:40:08.031728+00:00] defaultLogger.INFO: Not starting application integrity check.  Last application integrity check run: 20210216-131848 [] {"url":"/KC/churchcrm2021/api/background/timerjobs","remote_ip":"::1","correlation_id":"602f87780721f"}
[2021-02-19T09:40:20.065111+00:00] defaultLogger.INFO: Starting background job processing [] {"url":"/KC/churchcrm2021/api/background/timerjobs","remote_ip":"::1","correlation_id":"602f87840fe72"}
[2021-02-19T09:40:20.066262+00:00] defaultLogger.INFO: Not starting application integrity check.  Last application integrity check run: 20210216-131848 [] {"url":"/KC/churchcrm2021/api/background/timerjobs","remote_ip":"::1","correlation_id":"602f87840fe72"}
[2021-02-19T09:40:22.913439+00:00] defaultLogger.INFO: Starting background job processing [] {"url":"/KC/churchcrm2021/api/background/timerjobs","remote_ip":"::1","correlation_id":"602f8786df038"}
[2021-02-19T09:40:22.914595+00:00] defaultLogger.INFO: Not starting application integrity check.  Last application integrity check run: 20210216-131848 [] {"url":"/KC/churchcrm2021/api/background/timerjobs","remote_ip":"::1","correlation_id":"602f8786df038"}
[2021-02-19T09:40:25.014473+00:00] defaultLogger.INFO: Starting background job processing [] {"url":"/KC/churchcrm2021/api/background/timerjobs","remote_ip":"::1","correlation_id":"602f8789038a3"}
[2021-02-19T09:40:25.015526+00:00] defaultLogger.INFO: Not starting application integrity check.  Last application integrity check run: 20210216-131848 [] {"url":"/KC/churchcrm2021/api/background/timerjobs","remote_ip":"::1","correlation_id":"602f8789038a3"}
[2021-02-19T09:41:45.338929+00:00] defaultLogger.INFO: Starting background job processing [] {"url":"/KC/churchcrm2021/api/background/timerjobs","remote_ip":"::1","correlation_id":"602f87d952c09"}
[2021-02-19T09:41:45.339973+00:00] defaultLogger.INFO: Not starting application integrity check.  Last application integrity check run: 20210216-131848 [] {"url":"/KC/churchcrm2021/api/background/timerjobs","remote_ip":"::1","correlation_id":"602f87d952c09"}
[2021-02-19T09:41:55.045043+00:00] defaultLogger.INFO: Starting background job processing [] {"url":"/KC/churchcrm2021/api/background/timerjobs","remote_ip":"::1","correlation_id":"602f87e30b00d"}
[2021-02-19T09:41:55.046361+00:00] defaultLogger.INFO: Not starting application integrity check.  Last application integrity check run: 20210216-131848 [] {"url":"/KC/churchcrm2021/api/background/timerjobs","remote_ip":"::1","correlation_id":"602f87e30b00d"}
[2021-02-19T09:42:01.397556+00:00] defaultLogger.INFO: Starting background job processing [] {"url":"/KC/churchcrm2021/api/background/timerjobs","remote_ip":"::1","correlation_id":"602f87e961119"}
[2021-02-19T09:42:01.399094+00:00] defaultLogger.INFO: Not starting application integrity check.  Last application integrity check run: 20210216-131848 [] {"url":"/KC/churchcrm2021/api/background/timerjobs","remote_ip":"::1","correlation_id":"602f87e961119"}
[2021-02-19T09:42:04.782883+00:00] defaultLogger.INFO: Starting background job processing [] {"url":"/KC/churchcrm2021/api/background/timerjobs","remote_ip":"::1","correlation_id":"602f87ecbf252"}
[2021-02-19T09:42:04.784760+00:00] defaultLogger.INFO: Not starting application integrity check.  Last application integrity check run: 20210216-131848 [] {"url":"/KC/churchcrm2021/api/background/timerjobs","remote_ip":"::1","correlation_id":"602f87ecbf252"}
[2021-02-19T09:42:08.544969+00:00] defaultLogger.INFO: Starting background job processing [] {"url":"/KC/churchcrm2021/api/background/timerjobs","remote_ip":"::1","correlation_id":"602f87f0850e3"}
[2021-02-19T09:42:08.546058+00:00] defaultLogger.INFO: Not starting application integrity check.  Last application integrity check run: 20210216-131848 [] {"url":"/KC/churchcrm2021/api/background/timerjobs","remote_ip":"::1","correlation_id":"602f87f0850e3"}
[2021-02-19T09:42:09.986074+00:00] defaultLogger.INFO: Starting background job processing [] {"url":"/KC/churchcrm2021/api/background/timerjobs","remote_ip":"::1","correlation_id":"602f87f1f0bf2"}
[2021-02-19T09:42:09.987215+00:00] defaultLogger.INFO: Not starting application integrity check.  Last application integrity check run: 20210216-131848 [] {"url":"/KC/churchcrm2021/api/background/timerjobs","remote_ip":"::1","correlation_id":"602f87f1f0bf2"}
[2021-02-19T09:42:15.597803+00:00] defaultLogger.INFO: Starting background job processing [] {"url":"/KC/churchcrm2021/api/background/timerjobs","remote_ip":"::1","correlation_id":"602f87f791f44"}
[2021-02-19T09:42:15.598869+00:00] defaultLogger.INFO: Not starting application integrity check.  Last application integrity check run: 20210216-131848 [] {"url":"/KC/churchcrm2021/api/background/timerjobs","remote_ip":"::1","correlation_id":"602f87f791f44"}
[2021-02-19T09:42:40.292947+00:00] defaultLogger.INFO: Starting background job processing [] {"url":"/KC/churchcrm2021/api/background/timerjobs","remote_ip":"::1","correlation_id":"602f88104786d"}
[2021-02-19T09:42:40.294094+00:00] defaultLogger.INFO: Not starting application integrity check.  Last application integrity check run: 20210216-131848 [] {"url":"/KC/churchcrm2021/api/background/timerjobs","remote_ip":"::1","correlation_id":"602f88104786d"}
[2021-02-19T09:43:12.891020+00:00] defaultLogger.INFO: Starting background job processing [] {"url":"/KC/churchcrm2021/api/background/timerjobs","remote_ip":"::1","correlation_id":"602f8830d98b1"}
[2021-02-19T09:43:12.892291+00:00] defaultLogger.INFO: Not starting application integrity check.  Last application integrity check run: 20210216-131848 [] {"url":"/KC/churchcrm2021/api/background/timerjobs","remote_ip":"::1","correlation_id":"602f8830d98b1"}
[2021-02-19T11:14:05.461495+00:00] defaultLogger.INFO: Starting background job processing [] {"url":"/KC/churchcrm2021/api/background/timerjobs","remote_ip":"::1","correlation_id":"602f9d7d70acf"}
[2021-02-19T11:14:06.331532+00:00] defaultLogger.INFO: Not starting application integrity check.  Last application integrity check run: 20210216-131848 [] {"url":"/KC/churchcrm2021/api/background/timerjobs","remote_ip":"::1","correlation_id":"602f9d7d70acf"}
[2021-02-19T17:44:50.964105+00:00] defaultLogger.WARNING: Failed to get current user: Exception: No current user provided by current authentication provider: ChurchCRM\Authentication\AuthenticationProviders\LocalAuthentication in C:\wamp64\www\KC\churchcrm2021\ChurchCRM\Authentication\AuthenticationManager.php:39 Stack trace: #0 C:\wamp64\www\KC\churchcrm2021\ChurchCRM\Bootstrapper.php(91): ChurchCRM\Authentication\AuthenticationManager::GetCurrentUser() #1 C:\wamp64\www\KC\churchcrm2021\ChurchCRM\Bootstrapper.php(106): ChurchCRM\Bootstrapper::GetCurrentLocale() #2 C:\wamp64\www\KC\churchcrm2021\ChurchCRM\Bootstrapper.php(71): ChurchCRM\Bootstrapper::ConfigureLocale() #3 C:\wamp64\www\KC\churchcrm2021\Include\LoadConfigs.php(22): ChurchCRM\Bootstrapper::init('localhost', '3306', 'root1', 'root1', 'churchcrm', '/KC/churchcrm20...', false, Array) #4 C:\wamp64\www\KC\churchcrm2021\Include\Config.php(63): require_once('C:\\wamp64\\www\\K...') #5 C:\wamp64\www\KC\churchcrm2021\session\index.php(2): require('C:\\wamp64\\www\\K...') #6 {main} [] {"url":"/KC/churchcrm2021/session/begin?location=/KC/churchcrm2021/v2/family","remote_ip":"::1","correlation_id":"602ff912eb62c"}
[2021-02-19T17:44:51.386241+00:00] defaultLogger.WARNING: Failed to get current user: Exception: No current user provided by current authentication provider: ChurchCRM\Authentication\AuthenticationProviders\LocalAuthentication in C:\wamp64\www\KC\churchcrm2021\ChurchCRM\Authentication\AuthenticationManager.php:39 Stack trace: #0 C:\wamp64\www\KC\churchcrm2021\ChurchCRM\Bootstrapper.php(91): ChurchCRM\Authentication\AuthenticationManager::GetCurrentUser() #1 C:\wamp64\www\KC\churchcrm2021\ChurchCRM\Bootstrapper.php(106): ChurchCRM\Bootstrapper::GetCurrentLocale() #2 C:\wamp64\www\KC\churchcrm2021\ChurchCRM\Bootstrapper.php(71): ChurchCRM\Bootstrapper::ConfigureLocale() #3 C:\wamp64\www\KC\churchcrm2021\Include\LoadConfigs.php(22): ChurchCRM\Bootstrapper::init('localhost', '3306', 'root1', 'root1', 'churchcrm', '/KC/churchcrm20...', false, Array) #4 C:\wamp64\www\KC\churchcrm2021\Include\Config.php(63): require_once('C:\\wamp64\\www\\K...') #5 C:\wamp64\www\KC\churchcrm2021\session\index.php(2): require('C:\\wamp64\\www\\K...') #6 {main} [] {"url":"/KC/churchcrm2021/session/begin?location=/KC/churchcrm2021/FamilyMasterEditor.php","remote_ip":"::1","correlation_id":"602ff9135e4fc"}
[2021-02-19T18:07:29.838315+00:00] defaultLogger.WARNING: Failed to get current user: Exception: No current user provided by current authentication provider: ChurchCRM\Authentication\AuthenticationProviders\LocalAuthentication in C:\wamp64\www\KC\churchcrm2021\ChurchCRM\Authentication\AuthenticationManager.php:39 Stack trace: #0 C:\wamp64\www\KC\churchcrm2021\ChurchCRM\Bootstrapper.php(91): ChurchCRM\Authentication\AuthenticationManager::GetCurrentUser() #1 C:\wamp64\www\KC\churchcrm2021\ChurchCRM\Bootstrapper.php(106): ChurchCRM\Bootstrapper::GetCurrentLocale() #2 C:\wamp64\www\KC\churchcrm2021\ChurchCRM\Bootstrapper.php(71): ChurchCRM\Bootstrapper::ConfigureLocale() #3 C:\wamp64\www\KC\churchcrm2021\Include\LoadConfigs.php(22): ChurchCRM\Bootstrapper::init('localhost', '3306', 'root1', 'root1', 'churchcrm', '/KC/churchcrm20...', false, Array) #4 C:\wamp64\www\KC\churchcrm2021\Include\Config.php(63): require_once('C:\\wamp64\\www\\K...') #5 C:\wamp64\www\KC\churchcrm2021\session\index.php(2): require('C:\\wamp64\\www\\K...') #6 {main} [] {"url":"/KC/churchcrm2021/session/begin","remote_ip":"::1","correlation_id":"602ffe61ccac5"}
[2021-02-19T18:07:40.044716+00:00] defaultLogger.INFO: Starting background job processing [] {"url":"/KC/churchcrm2021/api/background/timerjobs","remote_ip":"::1","correlation_id":"602ffe6c0aec8"}
[2021-02-19T18:07:40.049945+00:00] defaultLogger.INFO: Not starting application integrity check.  Last application integrity check run: 20210216-131848 [] {"url":"/KC/churchcrm2021/api/background/timerjobs","remote_ip":"::1","correlation_id":"602ffe6c0aec8"}
[2021-02-19T19:28:03.014106+00:00] defaultLogger.INFO: Starting background job processing [] {"url":"/KC/churchcrm2021/api/background/timerjobs","remote_ip":"::1","correlation_id":"6030114303736"}
[2021-02-19T19:28:03.015362+00:00] defaultLogger.INFO: Not starting application integrity check.  Last application integrity check run: 20210216-131848 [] {"url":"/KC/churchcrm2021/api/background/timerjobs","remote_ip":"::1","correlation_id":"6030114303736"}
[2021-02-19T19:28:14.307788+00:00] defaultLogger.INFO: Starting background job processing [] {"url":"/KC/churchcrm2021/api/background/timerjobs","remote_ip":"::1","correlation_id":"6030114e4b265"}
[2021-02-19T19:28:14.309007+00:00] defaultLogger.INFO: Not starting application integrity check.  Last application integrity check run: 20210216-131848 [] {"url":"/KC/churchcrm2021/api/background/timerjobs","remote_ip":"::1","correlation_id":"6030114e4b265"}
[2021-02-19T19:28:18.601307+00:00] defaultLogger.INFO: Starting background job processing [] {"url":"/KC/churchcrm2021/api/background/timerjobs","remote_ip":"::1","correlation_id":"6030115292cf4"}
[2021-02-19T19:28:18.602791+00:00] defaultLogger.INFO: Not starting application integrity check.  Last application integrity check run: 20210216-131848 [] {"url":"/KC/churchcrm2021/api/background/timerjobs","remote_ip":"::1","correlation_id":"6030115292cf4"}
[2021-02-19T19:28:20.280088+00:00] defaultLogger.INFO: Starting background job processing [] {"url":"/KC/churchcrm2021/api/background/timerjobs","remote_ip":"::1","correlation_id":"603011544463c"}
[2021-02-19T19:28:20.281247+00:00] defaultLogger.INFO: Not starting application integrity check.  Last application integrity check run: 20210216-131848 [] {"url":"/KC/churchcrm2021/api/background/timerjobs","remote_ip":"::1","correlation_id":"603011544463c"}
[2021-02-19T19:28:30.703723+00:00] defaultLogger.INFO: Starting background job processing [] {"url":"/KC/churchcrm2021/api/background/timerjobs","remote_ip":"::1","correlation_id":"6030115eabd03"}
[2021-02-19T19:28:30.704785+00:00] defaultLogger.INFO: Not starting application integrity check.  Last application integrity check run: 20210216-131848 [] {"url":"/KC/churchcrm2021/api/background/timerjobs","remote_ip":"::1","correlation_id":"6030115eabd03"}
[2021-02-19T19:29:28.493612+00:00] defaultLogger.INFO: Starting background job processing [] {"url":"/KC/churchcrm2021/api/background/timerjobs","remote_ip":"::1","correlation_id":"6030119878845"}
[2021-02-19T19:29:28.494759+00:00] defaultLogger.INFO: Not starting application integrity check.  Last application integrity check run: 20210216-131848 [] {"url":"/KC/churchcrm2021/api/background/timerjobs","remote_ip":"::1","correlation_id":"6030119878845"}
[2021-02-19T19:29:38.422286+00:00] defaultLogger.ERROR: Cannot execute query. LOCK TABLES family_master WRITE  -|- Table 'churchcrm.family_master' doesn't exist [] {"url":"/KC/churchcrm2021/FamilyMasterEditor.php?FamilyID=1","remote_ip":"::1","correlation_id":"603011a2671a9"}
[2021-02-19T19:29:55.806556+00:00] defaultLogger.ERROR: Cannot execute query. LOCK TABLES family_master WRITE  -|- Table 'churchcrm.family_master' doesn't exist [] {"url":"/KC/churchcrm2021/FamilyMasterEditor.php?FamilyID=1","remote_ip":"::1","correlation_id":"603011b3c4eb6"}
[2021-02-19T19:30:00.491681+00:00] defaultLogger.INFO: Starting background job processing [] {"url":"/KC/churchcrm2021/api/background/timerjobs","remote_ip":"::1","correlation_id":"603011b8780ba"}
[2021-02-19T19:30:00.492727+00:00] defaultLogger.INFO: Not starting application integrity check.  Last application integrity check run: 20210216-131848 [] {"url":"/KC/churchcrm2021/api/background/timerjobs","remote_ip":"::1","correlation_id":"603011b8780ba"}
[2021-02-19T19:30:10.783395+00:00] defaultLogger.WARNING: issue creating geoCoder cURL error 6: Could not resolve host: maps.googleapis.com (see https://curl.haxx.se/libcurl/c/libcurl-errors.html) for https://maps.googleapis.com/maps/api/geocode/json?address=%D8%AF%D9%88%D9%8A%D9%84%D8%B9%D8%A9%20damas%2C%20Wyoming%20963%20SY&language=en&key= [] {"url":"/KC/churchcrm2021/FamilyMasterEditor.php?FamilyID=1","remote_ip":"::1","correlation_id":"603011c2bf43f"}
[2021-02-19T19:30:13.127432+00:00] defaultLogger.INFO: Starting background job processing [] {"url":"/KC/churchcrm2021/api/background/timerjobs","remote_ip":"::1","correlation_id":"603011c51f1ef"}
[2021-02-19T19:30:13.130244+00:00] defaultLogger.INFO: Not starting application integrity check.  Last application integrity check run: 20210216-131848 [] {"url":"/KC/churchcrm2021/api/background/timerjobs","remote_ip":"::1","correlation_id":"603011c51f1ef"}
[2021-02-19T19:30:13.922234+00:00] defaultLogger.INFO: Starting background job processing [] {"url":"/KC/churchcrm2021/api/background/timerjobs","remote_ip":"::1","correlation_id":"603011c5e1293"}
[2021-02-19T19:30:13.923453+00:00] defaultLogger.INFO: Not starting application integrity check.  Last application integrity check run: 20210216-131848 [] {"url":"/KC/churchcrm2021/api/background/timerjobs","remote_ip":"::1","correlation_id":"603011c5e1293"}
[2021-02-19T19:33:16.497079+00:00] defaultLogger.WARNING: issue creating geoCoder cURL error 6: Could not resolve host: maps.googleapis.com (see https://curl.haxx.se/libcurl/c/libcurl-errors.html) for https://maps.googleapis.com/maps/api/geocode/json?address=%D8%AF%D9%88%D9%8A%D9%84%D8%B9%D8%A9%20damas%2C%20Wyoming%20963%20SY&language=en&key= [] {"url":"/KC/churchcrm2021/FamilyMasterEditor.php?FamilyID=1","remote_ip":"::1","correlation_id":"6030127c795d3"}
[2021-02-19T19:33:19.555773+00:00] defaultLogger.INFO: Starting background job processing [] {"url":"/KC/churchcrm2021/api/background/timerjobs","remote_ip":"::1","correlation_id":"6030127f87b16"}
[2021-02-19T19:33:19.556957+00:00] defaultLogger.INFO: Not starting application integrity check.  Last application integrity check run: 20210216-131848 [] {"url":"/KC/churchcrm2021/api/background/timerjobs","remote_ip":"::1","correlation_id":"6030127f87b16"}
[2021-02-19T19:33:21.007427+00:00] defaultLogger.INFO: Starting background job processing [] {"url":"/KC/churchcrm2021/api/background/timerjobs","remote_ip":"::1","correlation_id":"6030128101d1d"}
[2021-02-19T19:33:21.008537+00:00] defaultLogger.INFO: Not starting application integrity check.  Last application integrity check run: 20210216-131848 [] {"url":"/KC/churchcrm2021/api/background/timerjobs","remote_ip":"::1","correlation_id":"6030128101d1d"}
[2021-02-19T19:33:28.928648+00:00] defaultLogger.INFO: Starting background job processing [] {"url":"/KC/churchcrm2021/api/background/timerjobs","remote_ip":"::1","correlation_id":"60301288e2ba0"}
[2021-02-19T19:33:28.929636+00:00] defaultLogger.INFO: Not starting application integrity check.  Last application integrity check run: 20210216-131848 [] {"url":"/KC/churchcrm2021/api/background/timerjobs","remote_ip":"::1","correlation_id":"60301288e2ba0"}
[2021-02-19T19:33:31.860775+00:00] defaultLogger.WARNING: issue creating geoCoder cURL error 6: Could not resolve host: maps.googleapis.com (see https://curl.haxx.se/libcurl/c/libcurl-errors.html) for https://maps.googleapis.com/maps/api/geocode/json?address=%D8%AF%D9%88%D9%8A%D9%84%D8%B9%D8%A9%20damas%2C%20Wyoming%20963%20SY&language=en&key= [] {"url":"/KC/churchcrm2021/FamilyMasterEditor.php?FamilyID=1","remote_ip":"::1","correlation_id":"6030128bd2283"}
[2021-02-19T19:33:33.868950+00:00] defaultLogger.INFO: Starting background job processing [] {"url":"/KC/churchcrm2021/api/background/timerjobs","remote_ip":"::1","correlation_id":"6030128dd4270"}
[2021-02-19T19:33:33.870056+00:00] defaultLogger.INFO: Not starting application integrity check.  Last application integrity check run: 20210216-131848 [] {"url":"/KC/churchcrm2021/api/background/timerjobs","remote_ip":"::1","correlation_id":"6030128dd4270"}
[2021-02-19T19:33:35.382553+00:00] defaultLogger.INFO: Starting background job processing [] {"url":"/KC/churchcrm2021/api/background/timerjobs","remote_ip":"::1","correlation_id":"6030128f5d673"}
[2021-02-19T19:33:35.383695+00:00] defaultLogger.INFO: Not starting application integrity check.  Last application integrity check run: 20210216-131848 [] {"url":"/KC/churchcrm2021/api/background/timerjobs","remote_ip":"::1","correlation_id":"6030128f5d673"}
[2021-02-19T19:35:03.379264+00:00] defaultLogger.INFO: Starting background job processing [] {"url":"/KC/churchcrm2021/api/background/timerjobs","remote_ip":"::1","correlation_id":"603012e75c99a"}
[2021-02-19T19:35:03.380488+00:00] defaultLogger.INFO: Not starting application integrity check.  Last application integrity check run: 20210216-131848 [] {"url":"/KC/churchcrm2021/api/background/timerjobs","remote_ip":"::1","correlation_id":"603012e75c99a"}
[2021-02-19T19:39:47.656278+00:00] defaultLogger.INFO: Starting background job processing [] {"url":"/KC/churchcrm2021/api/background/timerjobs","remote_ip":"::1","correlation_id":"60301403a03bd"}
[2021-02-19T19:39:47.657505+00:00] defaultLogger.INFO: Not starting application integrity check.  Last application integrity check run: 20210216-131848 [] {"url":"/KC/churchcrm2021/api/background/timerjobs","remote_ip":"::1","correlation_id":"60301403a03bd"}
[2021-02-19T19:39:51.865755+00:00] defaultLogger.INFO: Starting background job processing [] {"url":"/KC/churchcrm2021/api/background/timerjobs","remote_ip":"::1","correlation_id":"60301407d35f4"}
[2021-02-19T19:39:51.866948+00:00] defaultLogger.INFO: Not starting application integrity check.  Last application integrity check run: 20210216-131848 [] {"url":"/KC/churchcrm2021/api/background/timerjobs","remote_ip":"::1","correlation_id":"60301407d35f4"}
[2021-02-19T19:40:13.387759+00:00] defaultLogger.INFO: Starting background job processing [] {"url":"/KC/churchcrm2021/api/background/timerjobs","remote_ip":"::1","correlation_id":"6030141d5eac9"}
[2021-02-19T19:40:13.388934+00:00] defaultLogger.INFO: Not starting application integrity check.  Last application integrity check run: 20210216-131848 [] {"url":"/KC/churchcrm2021/api/background/timerjobs","remote_ip":"::1","correlation_id":"6030141d5eac9"}
[2021-02-19T19:42:13.479226+00:00] defaultLogger.INFO: Starting background job processing [] {"url":"/KC/churchcrm2021/api/background/timerjobs","remote_ip":"::1","correlation_id":"6030149575018"}
[2021-02-19T19:42:13.480388+00:00] defaultLogger.INFO: Not starting application integrity check.  Last application integrity check run: 20210216-131848 [] {"url":"/KC/churchcrm2021/api/background/timerjobs","remote_ip":"::1","correlation_id":"6030149575018"}
[2021-02-19T19:42:14.849264+00:00] defaultLogger.INFO: Starting background job processing [] {"url":"/KC/churchcrm2021/api/background/timerjobs","remote_ip":"::1","correlation_id":"60301496cf588"}
[2021-02-19T19:42:14.850379+00:00] defaultLogger.INFO: Not starting application integrity check.  Last application integrity check run: 20210216-131848 [] {"url":"/KC/churchcrm2021/api/background/timerjobs","remote_ip":"::1","correlation_id":"60301496cf588"}
[2021-02-19T19:44:09.070998+00:00] defaultLogger.INFO: Starting background job processing [] {"url":"/KC/churchcrm2021/api/background/timerjobs","remote_ip":"::1","correlation_id":"6030150911572"}
[2021-02-19T19:44:09.072234+00:00] defaultLogger.INFO: Not starting application integrity check.  Last application integrity check run: 20210216-131848 [] {"url":"/KC/churchcrm2021/api/background/timerjobs","remote_ip":"::1","correlation_id":"6030150911572"}
[2021-02-19T19:45:33.244569+00:00] defaultLogger.INFO: Starting background job processing [] {"url":"/KC/churchcrm2021/api/background/timerjobs","remote_ip":"::1","correlation_id":"6030155d3bb7a"}
[2021-02-19T19:45:33.245744+00:00] defaultLogger.INFO: Not starting application integrity check.  Last application integrity check run: 20210216-131848 [] {"url":"/KC/churchcrm2021/api/background/timerjobs","remote_ip":"::1","correlation_id":"6030155d3bb7a"}
[2021-02-19T20:05:35.104190+00:00] defaultLogger.WARNING: issue creating geoCoder cURL error 6: Could not resolve host: maps.googleapis.com (see https://curl.haxx.se/libcurl/c/libcurl-errors.html) for https://maps.googleapis.com/maps/api/geocode/json?address=%D8%AF%D9%88%D9%8A%D9%84%D8%B9%D8%A9%20damas%2C%20Wyoming%20963%20SY&language=en&key= [] {"url":"/KC/churchcrm2021/FamilyMasterEditor.php?FamilyID=1","remote_ip":"::1","correlation_id":"60301a0f1973d"}
[2021-02-19T20:05:37.993151+00:00] defaultLogger.INFO: Starting background job processing [] {"url":"/KC/churchcrm2021/api/background/timerjobs","remote_ip":"::1","correlation_id":"60301a11f2799"}
[2021-02-19T20:05:37.994266+00:00] defaultLogger.INFO: Not starting application integrity check.  Last application integrity check run: 20210216-131848 [] {"url":"/KC/churchcrm2021/api/background/timerjobs","remote_ip":"::1","correlation_id":"60301a11f2799"}
[2021-02-19T20:05:39.504367+00:00] defaultLogger.INFO: Starting background job processing [] {"url":"/KC/churchcrm2021/api/background/timerjobs","remote_ip":"::1","correlation_id":"60301a137b248"}
[2021-02-19T20:05:39.505468+00:00] defaultLogger.INFO: Not starting application integrity check.  Last application integrity check run: 20210216-131848 [] {"url":"/KC/churchcrm2021/api/background/timerjobs","remote_ip":"::1","correlation_id":"60301a137b248"}
[2021-02-19T20:06:12.295957+00:00] defaultLogger.INFO: Starting background job processing [] {"url":"/KC/churchcrm2021/api/background/timerjobs","remote_ip":"::1","correlation_id":"60301a344842c"}
[2021-02-19T20:06:12.296917+00:00] defaultLogger.INFO: Not starting application integrity check.  Last application integrity check run: 20210216-131848 [] {"url":"/KC/churchcrm2021/api/background/timerjobs","remote_ip":"::1","correlation_id":"60301a344842c"}
[2021-02-19T20:06:24.696788+00:00] defaultLogger.WARNING: issue creating geoCoder cURL error 6: Could not resolve host: maps.googleapis.com (see https://curl.haxx.se/libcurl/c/libcurl-errors.html) for https://maps.googleapis.com/maps/api/geocode/json?address=%D8%AF%D9%88%D9%8A%D9%84%D8%B9%D8%A9%20damas%2C%20Wyoming%20963%20SY&language=en&key= [] {"url":"/KC/churchcrm2021/FamilyMasterEditor.php?FamilyID=1","remote_ip":"::1","correlation_id":"60301a40aa1f0"}
[2021-02-19T20:06:27.188828+00:00] defaultLogger.INFO: Starting background job processing [] {"url":"/KC/churchcrm2021/api/background/timerjobs","remote_ip":"::1","correlation_id":"60301a432e1b7"}
[2021-02-19T20:06:27.190079+00:00] defaultLogger.INFO: Not starting application integrity check.  Last application integrity check run: 20210216-131848 [] {"url":"/KC/churchcrm2021/api/background/timerjobs","remote_ip":"::1","correlation_id":"60301a432e1b7"}
[2021-02-19T20:06:28.048257+00:00] defaultLogger.INFO: Starting background job processing [] {"url":"/KC/churchcrm2021/api/background/timerjobs","remote_ip":"::1","correlation_id":"60301a440bc9a"}
[2021-02-19T20:06:28.049405+00:00] defaultLogger.INFO: Not starting application integrity check.  Last application integrity check run: 20210216-131848 [] {"url":"/KC/churchcrm2021/api/background/timerjobs","remote_ip":"::1","correlation_id":"60301a440bc9a"}
[2021-02-19T20:11:55.279949+00:00] defaultLogger.INFO: Starting background job processing [] {"url":"/KC/churchcrm2021/api/background/timerjobs","remote_ip":"::1","correlation_id":"60301b8b445a5"}
[2021-02-19T20:11:55.281076+00:00] defaultLogger.INFO: Not starting application integrity check.  Last application integrity check run: 20210216-131848 [] {"url":"/KC/churchcrm2021/api/background/timerjobs","remote_ip":"::1","correlation_id":"60301b8b445a5"}
[2021-02-19T20:12:07.104067+00:00] defaultLogger.INFO: Starting background job processing [] {"url":"/KC/churchcrm2021/api/background/timerjobs","remote_ip":"::1","correlation_id":"60301b971969d"}
[2021-02-19T20:12:07.105801+00:00] defaultLogger.INFO: Not starting application integrity check.  Last application integrity check run: 20210216-131848 [] {"url":"/KC/churchcrm2021/api/background/timerjobs","remote_ip":"::1","correlation_id":"60301b971969d"}
[2021-02-19T20:12:08.944921+00:00] defaultLogger.INFO: Starting background job processing [] {"url":"/KC/churchcrm2021/api/background/timerjobs","remote_ip":"::1","correlation_id":"60301b98e6b32"}
[2021-02-19T20:12:08.946082+00:00] defaultLogger.INFO: Not starting application integrity check.  Last application integrity check run: 20210216-131848 [] {"url":"/KC/churchcrm2021/api/background/timerjobs","remote_ip":"::1","correlation_id":"60301b98e6b32"}
[2021-02-19T20:14:37.737988+00:00] defaultLogger.INFO: Starting background job processing [] {"url":"/KC/churchcrm2021/api/background/timerjobs","remote_ip":"::1","correlation_id":"60301c2db4303"}
[2021-02-19T20:14:37.740615+00:00] defaultLogger.INFO: Not starting application integrity check.  Last application integrity check run: 20210216-131848 [] {"url":"/KC/churchcrm2021/api/background/timerjobs","remote_ip":"::1","correlation_id":"60301c2db4303"}
[2021-02-19T20:14:42.898728+00:00] defaultLogger.INFO: Starting background job processing [] {"url":"/KC/churchcrm2021/api/background/timerjobs","remote_ip":"::1","correlation_id":"60301c32db6c2"}
[2021-02-19T20:14:42.899885+00:00] defaultLogger.INFO: Not starting application integrity check.  Last application integrity check run: 20210216-131848 [] {"url":"/KC/churchcrm2021/api/background/timerjobs","remote_ip":"::1","correlation_id":"60301c32db6c2"}
[2021-02-19T20:14:43.943886+00:00] defaultLogger.INFO: Starting background job processing [] {"url":"/KC/churchcrm2021/api/background/timerjobs","remote_ip":"::1","correlation_id":"60301c33e6729"}
[2021-02-19T20:14:43.945184+00:00] defaultLogger.INFO: Not starting application integrity check.  Last application integrity check run: 20210216-131848 [] {"url":"/KC/churchcrm2021/api/background/timerjobs","remote_ip":"::1","correlation_id":"60301c33e6729"}
[2021-02-19T20:14:52.558589+00:00] defaultLogger.INFO: Starting background job processing [] {"url":"/KC/churchcrm2021/api/background/timerjobs","remote_ip":"::1","correlation_id":"60301c3c88615"}
[2021-02-19T20:14:52.559599+00:00] defaultLogger.INFO: Not starting application integrity check.  Last application integrity check run: 20210216-131848 [] {"url":"/KC/churchcrm2021/api/background/timerjobs","remote_ip":"::1","correlation_id":"60301c3c88615"}
[2021-02-19T20:18:28.335700+00:00] defaultLogger.INFO: Starting background job processing [] {"url":"/KC/churchcrm2021/api/background/timerjobs","remote_ip":"::1","correlation_id":"60301d1451f94"}
[2021-02-19T20:18:28.337052+00:00] defaultLogger.INFO: Not starting application integrity check.  Last application integrity check run: 20210216-131848 [] {"url":"/KC/churchcrm2021/api/background/timerjobs","remote_ip":"::1","correlation_id":"60301d1451f94"}
[2021-02-19T20:18:30.139171+00:00] defaultLogger.INFO: Starting background job processing [] {"url":"/KC/churchcrm2021/api/background/timerjobs","remote_ip":"::1","correlation_id":"60301d1621fba"}
[2021-02-19T20:18:30.140260+00:00] defaultLogger.INFO: Not starting application integrity check.  Last application integrity check run: 20210216-131848 [] {"url":"/KC/churchcrm2021/api/background/timerjobs","remote_ip":"::1","correlation_id":"60301d1621fba"}
[2021-02-19T20:24:20.930381+00:00] defaultLogger.INFO: Starting background job processing [] {"url":"/KC/churchcrm2021/api/background/timerjobs","remote_ip":"::1","correlation_id":"60301e74e3265"}
[2021-02-19T20:24:20.931510+00:00] defaultLogger.INFO: Not starting application integrity check.  Last application integrity check run: 20210216-131848 [] {"url":"/KC/churchcrm2021/api/background/timerjobs","remote_ip":"::1","correlation_id":"60301e74e3265"}
[2021-02-19T21:11:49.550268+00:00] defaultLogger.INFO: Starting background job processing [] {"url":"/KC/churchcrm2021/api/background/timerjobs","remote_ip":"::1","correlation_id":"6030299586597"}
[2021-02-19T21:11:49.551512+00:00] defaultLogger.INFO: Not starting application integrity check.  Last application integrity check run: 20210216-131848 [] {"url":"/KC/churchcrm2021/api/background/timerjobs","remote_ip":"::1","correlation_id":"6030299586597"}
[2021-02-19T21:19:53.601970+00:00] defaultLogger.WARNING: issue creating geoCoder cURL error 60: SSL certificate problem: unable to get local issuer certificate (see https://curl.haxx.se/libcurl/c/libcurl-errors.html) for https://maps.googleapis.com/maps/api/geocode/json?address=%D8%AF%D9%88%D9%8A%D9%84%D8%B9%D8%A9%20damas%2C%20Wyoming%20963%20SY&language=en&key= [] {"url":"/KC/churchcrm2021/FamilyMasterEditor.php?FamilyID=1","remote_ip":"::1","correlation_id":"60302b7992f8f"}
[2021-02-19T21:19:56.061878+00:00] defaultLogger.INFO: Starting background job processing [] {"url":"/KC/churchcrm2021/api/background/timerjobs","remote_ip":"::1","correlation_id":"60302b7c0f38b"}
[2021-02-19T21:19:56.065631+00:00] defaultLogger.INFO: Not starting application integrity check.  Last application integrity check run: 20210216-131848 [] {"url":"/KC/churchcrm2021/api/background/timerjobs","remote_ip":"::1","correlation_id":"60302b7c0f38b"}
[2021-02-19T21:19:58.047111+00:00] defaultLogger.INFO: Starting background job processing [] {"url":"/KC/churchcrm2021/api/background/timerjobs","remote_ip":"::1","correlation_id":"60302b7e0b81e"}
[2021-02-19T21:19:58.048081+00:00] defaultLogger.INFO: Not starting application integrity check.  Last application integrity check run: 20210216-131848 [] {"url":"/KC/churchcrm2021/api/background/timerjobs","remote_ip":"::1","correlation_id":"60302b7e0b81e"}
