[16-Feb-2021 13:17:45 America/New_York] PHP Fatal error:  Maximum execution time of 120 seconds exceeded in C:\wamp64\www\KC\churchcrm2021\ChurchCRM\Service\AppIntegrityService.php on line 85
[16-Feb-2021 13:17:45 America/New_York] PHP Stack trace:
[16-Feb-2021 13:17:45 America/New_York] PHP   1. {main}() C:\wamp64\www\KC\churchcrm2021\api\index.php:0
[16-Feb-2021 13:17:45 America/New_York] PHP   2. Slim\App->run() C:\wamp64\www\KC\churchcrm2021\api\index.php:83
[16-Feb-2021 13:17:45 America/New_York] PHP   3. Slim\App->process() C:\wamp64\www\KC\churchcrm2021\vendor\slim\slim\Slim\App.php:297
[16-Feb-2021 13:17:45 America/New_York] PHP   4. Slim\App->callMiddlewareStack() C:\wamp64\www\KC\churchcrm2021\vendor\slim\slim\Slim\App.php:392
[16-Feb-2021 13:17:45 America/New_York] PHP   5. Slim\App->Slim\{closure:C:\wamp64\www\KC\churchcrm2021\vendor\slim\slim\Slim\MiddlewareAwareTrait.php:63-78}() C:\wamp64\www\KC\churchcrm2021\vendor\slim\slim\Slim\MiddlewareAwareTrait.php:117
[16-Feb-2021 13:17:45 America/New_York] PHP   6. call_user_func:{C:\wamp64\www\KC\churchcrm2021\vendor\slim\slim\Slim\MiddlewareAwareTrait.php:70}() C:\wamp64\www\KC\churchcrm2021\vendor\slim\slim\Slim\MiddlewareAwareTrait.php:70
[16-Feb-2021 13:17:45 America/New_York] PHP   7. Slim\DeferredCallable->__invoke() C:\wamp64\www\KC\churchcrm2021\vendor\slim\slim\Slim\MiddlewareAwareTrait.php:70
[16-Feb-2021 13:17:45 America/New_York] PHP   8. call_user_func_array:{C:\wamp64\www\KC\churchcrm2021\vendor\slim\slim\Slim\DeferredCallable.php:57}() C:\wamp64\www\KC\churchcrm2021\vendor\slim\slim\Slim\DeferredCallable.php:57
[16-Feb-2021 13:17:45 America/New_York] PHP   9. ChurchCRM\Slim\Middleware\AuthMiddleware->__invoke() C:\wamp64\www\KC\churchcrm2021\vendor\slim\slim\Slim\DeferredCallable.php:57
[16-Feb-2021 13:17:45 America/New_York] PHP  10. Slim\App->Slim\{closure:C:\wamp64\www\KC\churchcrm2021\vendor\slim\slim\Slim\MiddlewareAwareTrait.php:63-78}() C:\wamp64\www\KC\churchcrm2021\ChurchCRM\Slim\Middleware\AuthMiddleware.php:34
[16-Feb-2021 13:17:45 America/New_York] PHP  11. call_user_func:{C:\wamp64\www\KC\churchcrm2021\vendor\slim\slim\Slim\MiddlewareAwareTrait.php:70}() C:\wamp64\www\KC\churchcrm2021\vendor\slim\slim\Slim\MiddlewareAwareTrait.php:70
[16-Feb-2021 13:17:45 America/New_York] PHP  12. Slim\DeferredCallable->__invoke() C:\wamp64\www\KC\churchcrm2021\vendor\slim\slim\Slim\MiddlewareAwareTrait.php:70
[16-Feb-2021 13:17:45 America/New_York] PHP  13. call_user_func_array:{C:\wamp64\www\KC\churchcrm2021\vendor\slim\slim\Slim\DeferredCallable.php:57}() C:\wamp64\www\KC\churchcrm2021\vendor\slim\slim\Slim\DeferredCallable.php:57
[16-Feb-2021 13:17:45 America/New_York] PHP  14. ChurchCRM\Slim\Middleware\VersionMiddleware->__invoke() C:\wamp64\www\KC\churchcrm2021\vendor\slim\slim\Slim\DeferredCallable.php:57
[16-Feb-2021 13:17:45 America/New_York] PHP  15. Slim\App->__invoke() C:\wamp64\www\KC\churchcrm2021\ChurchCRM\Slim\Middleware\VersionMiddleware.php:13
[16-Feb-2021 13:17:45 America/New_York] PHP  16. Slim\Route->run() C:\wamp64\www\KC\churchcrm2021\vendor\slim\slim\Slim\App.php:503
[16-Feb-2021 13:17:45 America/New_York] PHP  17. Slim\Route->callMiddlewareStack() C:\wamp64\www\KC\churchcrm2021\vendor\slim\slim\Slim\Route.php:268
[16-Feb-2021 13:17:45 America/New_York] PHP  18. Slim\Route->__invoke() C:\wamp64\www\KC\churchcrm2021\vendor\slim\slim\Slim\MiddlewareAwareTrait.php:117
[16-Feb-2021 13:17:45 America/New_York] PHP  19. Slim\Handlers\Strategies\RequestResponse->__invoke() C:\wamp64\www\KC\churchcrm2021\vendor\slim\slim\Slim\Route.php:281
[16-Feb-2021 13:17:45 America/New_York] PHP  20. call_user_func:{C:\wamp64\www\KC\churchcrm2021\vendor\slim\slim\Slim\Handlers\Strategies\RequestResponse.php:40}() C:\wamp64\www\KC\churchcrm2021\vendor\slim\slim\Slim\Handlers\Strategies\RequestResponse.php:40
[16-Feb-2021 13:17:45 America/New_York] PHP  21. runTimerJobsAPI() C:\wamp64\www\KC\churchcrm2021\vendor\slim\slim\Slim\Handlers\Strategies\RequestResponse.php:40
[16-Feb-2021 13:17:45 America/New_York] PHP  22. ChurchCRM\Service\SystemService::runTimerJobs() C:\wamp64\www\KC\churchcrm2021\api\routes\background.php:22
[16-Feb-2021 13:17:45 America/New_York] PHP  23. ChurchCRM\Service\AppIntegrityService::verifyApplicationIntegrity() C:\wamp64\www\KC\churchcrm2021\ChurchCRM\Service\SystemService.php:190
[16-Feb-2021 13:28:18 America/New_York] PHP Fatal error:  Uncaught Error: Call to undefined function system_failure() in C:\wamp64\www\KC\churchcrm2021\PaddleNumEditor.php:32
Stack trace:
#0 {main}
  thrown in C:\wamp64\www\KC\churchcrm2021\PaddleNumEditor.php on line 32
[16-Feb-2021 13:43:53 America/New_York] Slim Application Error:
Type: Error
Message: Call to a member function getValue() on null
File: C:\wamp64\www\KC\churchcrm2021\ChurchCRM\model\ChurchCRM\User.php
Line: 316
Trace: #0 C:\wamp64\www\KC\churchcrm2021\v2\templates\people\family-view.php(476): ChurchCRM\User->isShowPledges()
#1 C:\wamp64\www\KC\churchcrm2021\vendor\slim\php-view\src\PhpRenderer.php(203): include('C:\\wamp64\\www\\K...')
#2 C:\wamp64\www\KC\churchcrm2021\vendor\slim\php-view\src\PhpRenderer.php(184): Slim\Views\PhpRenderer->protectedIncludeScope('templates/peopl...', Array)
#3 C:\wamp64\www\KC\churchcrm2021\vendor\slim\php-view\src\PhpRenderer.php(153): Slim\Views\PhpRenderer->fetchTemplate('family-view.php', Array)
#4 C:\wamp64\www\KC\churchcrm2021\vendor\slim\php-view\src\PhpRenderer.php(54): Slim\Views\PhpRenderer->fetch('family-view.php', Array, true)
#5 C:\wamp64\www\KC\churchcrm2021\v2\routes\family.php(110): Slim\Views\PhpRenderer->render(Object(Slim\Http\Response), 'family-view.php', Array)
#6 [internal function]: viewFamily(Object(Slim\Http\Request), Object(Slim\Http\Response), Array)
#7 C:\wamp64\www\KC\churchcrm2021\vendor\slim\slim\Slim\Handlers\Strategies\RequestResponse.php(40): call_user_func('viewFamily', Object(Slim\Http\Request), Object(Slim\Http\Response), Array)
#8 C:\wamp64\www\KC\churchcrm2021\vendor\slim\slim\Slim\Route.php(281): Slim\Handlers\Strategies\RequestResponse->__invoke('viewFamily', Object(Slim\Http\Request), Object(Slim\Http\Response), Array)
#9 C:\wamp64\www\KC\churchcrm2021\vendor\slim\slim\Slim\MiddlewareAwareTrait.php(117): Slim\Route->__invoke(Object(Slim\Http\Request), Object(Slim\Http\Response))
#10 C:\wamp64\www\KC\churchcrm2021\vendor\slim\slim\Slim\Route.php(268): Slim\Route->callMiddlewareStack(Object(Slim\Http\Request), Object(Slim\Http\Response))
#11 C:\wamp64\www\KC\churchcrm2021\vendor\slim\slim\Slim\App.php(503): Slim\Route->run(Object(Slim\Http\Request), Object(Slim\Http\Response))
#12 C:\wamp64\www\KC\churchcrm2021\ChurchCRM\Slim\Middleware\VersionMiddleware.php(13): Slim\App->__invoke(Object(Slim\Http\Request), Object(Slim\Http\Response))
#13 [internal function]: ChurchCRM\Slim\Middleware\VersionMiddleware->__invoke(Object(Slim\Http\Request), Object(Slim\Http\Response), Object(Slim\App))
#14 C:\wamp64\www\KC\churchcrm2021\vendor\slim\slim\Slim\DeferredCallable.php(57): call_user_func_array(Object(ChurchCRM\Slim\Middleware\VersionMiddleware), Array)
#15 [internal function]: Slim\DeferredCallable->__invoke(Object(Slim\Http\Request), Object(Slim\Http\Response), Object(Slim\App))
#16 C:\wamp64\www\KC\churchcrm2021\vendor\slim\slim\Slim\MiddlewareAwareTrait.php(70): call_user_func(Object(Slim\DeferredCallable), Object(Slim\Http\Request), Object(Slim\Http\Response), Object(Slim\App))
#17 C:\wamp64\www\KC\churchcrm2021\ChurchCRM\Slim\Middleware\AuthMiddleware.php(34): Slim\App->Slim\{closure}(Object(Slim\Http\Request), Object(Slim\Http\Response))
#18 [internal function]: ChurchCRM\Slim\Middleware\AuthMiddleware->__invoke(Object(Slim\Http\Request), Object(Slim\Http\Response), Object(Closure))
#19 C:\wamp64\www\KC\churchcrm2021\vendor\slim\slim\Slim\DeferredCallable.php(57): call_user_func_array(Object(ChurchCRM\Slim\Middleware\AuthMiddleware), Array)
#20 [internal function]: Slim\DeferredCallable->__invoke(Object(Slim\Http\Request), Object(Slim\Http\Response), Object(Closure))
#21 C:\wamp64\www\KC\churchcrm2021\vendor\slim\slim\Slim\MiddlewareAwareTrait.php(70): call_user_func(Object(Slim\DeferredCallable), Object(Slim\Http\Request), Object(Slim\Http\Response), Object(Closure))
#22 C:\wamp64\www\KC\churchcrm2021\vendor\slim\slim\Slim\MiddlewareAwareTrait.php(117): Slim\App->Slim\{closure}(Object(Slim\Http\Request), Object(Slim\Http\Response))
#23 C:\wamp64\www\KC\churchcrm2021\vendor\slim\slim\Slim\App.php(392): Slim\App->callMiddlewareStack(Object(Slim\Http\Request), Object(Slim\Http\Response))
#24 C:\wamp64\www\KC\churchcrm2021\vendor\slim\slim\Slim\App.php(297): Slim\App->process(Object(Slim\Http\Request), Object(Slim\Http\Response))
#25 C:\wamp64\www\KC\churchcrm2021\v2\index.php(48): Slim\App->run()
#26 {main}
View in rendered output by enabling the "displayErrorDetails" setting.

[16-Feb-2021 13:44:45 America/New_York] Slim Application Error:
Type: Error
Message: Call to a member function getValue() on null
File: C:\wamp64\www\KC\churchcrm2021\ChurchCRM\model\ChurchCRM\User.php
Line: 316
Trace: #0 C:\wamp64\www\KC\churchcrm2021\v2\templates\people\family-view.php(476): ChurchCRM\User->isShowPledges()
#1 C:\wamp64\www\KC\churchcrm2021\vendor\slim\php-view\src\PhpRenderer.php(203): include('C:\\wamp64\\www\\K...')
#2 C:\wamp64\www\KC\churchcrm2021\vendor\slim\php-view\src\PhpRenderer.php(184): Slim\Views\PhpRenderer->protectedIncludeScope('templates/peopl...', Array)
#3 C:\wamp64\www\KC\churchcrm2021\vendor\slim\php-view\src\PhpRenderer.php(153): Slim\Views\PhpRenderer->fetchTemplate('family-view.php', Array)
#4 C:\wamp64\www\KC\churchcrm2021\vendor\slim\php-view\src\PhpRenderer.php(54): Slim\Views\PhpRenderer->fetch('family-view.php', Array, true)
#5 C:\wamp64\www\KC\churchcrm2021\v2\routes\family.php(110): Slim\Views\PhpRenderer->render(Object(Slim\Http\Response), 'family-view.php', Array)
#6 [internal function]: viewFamily(Object(Slim\Http\Request), Object(Slim\Http\Response), Array)
#7 C:\wamp64\www\KC\churchcrm2021\vendor\slim\slim\Slim\Handlers\Strategies\RequestResponse.php(40): call_user_func('viewFamily', Object(Slim\Http\Request), Object(Slim\Http\Response), Array)
#8 C:\wamp64\www\KC\churchcrm2021\vendor\slim\slim\Slim\Route.php(281): Slim\Handlers\Strategies\RequestResponse->__invoke('viewFamily', Object(Slim\Http\Request), Object(Slim\Http\Response), Array)
#9 C:\wamp64\www\KC\churchcrm2021\vendor\slim\slim\Slim\MiddlewareAwareTrait.php(117): Slim\Route->__invoke(Object(Slim\Http\Request), Object(Slim\Http\Response))
#10 C:\wamp64\www\KC\churchcrm2021\vendor\slim\slim\Slim\Route.php(268): Slim\Route->callMiddlewareStack(Object(Slim\Http\Request), Object(Slim\Http\Response))
#11 C:\wamp64\www\KC\churchcrm2021\vendor\slim\slim\Slim\App.php(503): Slim\Route->run(Object(Slim\Http\Request), Object(Slim\Http\Response))
#12 C:\wamp64\www\KC\churchcrm2021\ChurchCRM\Slim\Middleware\VersionMiddleware.php(13): Slim\App->__invoke(Object(Slim\Http\Request), Object(Slim\Http\Response))
#13 [internal function]: ChurchCRM\Slim\Middleware\VersionMiddleware->__invoke(Object(Slim\Http\Request), Object(Slim\Http\Response), Object(Slim\App))
#14 C:\wamp64\www\KC\churchcrm2021\vendor\slim\slim\Slim\DeferredCallable.php(57): call_user_func_array(Object(ChurchCRM\Slim\Middleware\VersionMiddleware), Array)
#15 [internal function]: Slim\DeferredCallable->__invoke(Object(Slim\Http\Request), Object(Slim\Http\Response), Object(Slim\App))
#16 C:\wamp64\www\KC\churchcrm2021\vendor\slim\slim\Slim\MiddlewareAwareTrait.php(70): call_user_func(Object(Slim\DeferredCallable), Object(Slim\Http\Request), Object(Slim\Http\Response), Object(Slim\App))
#17 C:\wamp64\www\KC\churchcrm2021\ChurchCRM\Slim\Middleware\AuthMiddleware.php(34): Slim\App->Slim\{closure}(Object(Slim\Http\Request), Object(Slim\Http\Response))
#18 [internal function]: ChurchCRM\Slim\Middleware\AuthMiddleware->__invoke(Object(Slim\Http\Request), Object(Slim\Http\Response), Object(Closure))
#19 C:\wamp64\www\KC\churchcrm2021\vendor\slim\slim\Slim\DeferredCallable.php(57): call_user_func_array(Object(ChurchCRM\Slim\Middleware\AuthMiddleware), Array)
#20 [internal function]: Slim\DeferredCallable->__invoke(Object(Slim\Http\Request), Object(Slim\Http\Response), Object(Closure))
#21 C:\wamp64\www\KC\churchcrm2021\vendor\slim\slim\Slim\MiddlewareAwareTrait.php(70): call_user_func(Object(Slim\DeferredCallable), Object(Slim\Http\Request), Object(Slim\Http\Response), Object(Closure))
#22 C:\wamp64\www\KC\churchcrm2021\vendor\slim\slim\Slim\MiddlewareAwareTrait.php(117): Slim\App->Slim\{closure}(Object(Slim\Http\Request), Object(Slim\Http\Response))
#23 C:\wamp64\www\KC\churchcrm2021\vendor\slim\slim\Slim\App.php(392): Slim\App->callMiddlewareStack(Object(Slim\Http\Request), Object(Slim\Http\Response))
#24 C:\wamp64\www\KC\churchcrm2021\vendor\slim\slim\Slim\App.php(297): Slim\App->process(Object(Slim\Http\Request), Object(Slim\Http\Response))
#25 C:\wamp64\www\KC\churchcrm2021\v2\index.php(48): Slim\App->run()
#26 {main}
View in rendered output by enabling the "displayErrorDetails" setting.

