[01-Apr-2021 19:26:46 UTC] PHP Fatal error:  Uncaught Exception: Database error or invalid data, change sLogLevel to debug to see more. in C:\xampp\htdocs\churchcrm\Include\Functions.php:191
Stack trace:
#0 C:\xampp\htdocs\churchcrm\PostRedirect.php(280): RunQuery('SELECT * from `...')
#1 {main}
  thrown in C:\xampp\htdocs\churchcrm\Include\Functions.php on line 191
[01-Apr-2021 19:26:57 UTC] PHP Fatal error:  Uncaught Exception: Database error or invalid data, change sLogLevel to debug to see more. in C:\xampp\htdocs\churchcrm\Include\Functions.php:191
Stack trace:
#0 C:\xampp\htdocs\churchcrm\PostRedirect.php(280): RunQuery('SELECT * from `...')
#1 {main}
  thrown in C:\xampp\htdocs\churchcrm\Include\Functions.php on line 191
[01-Apr-2021 21:27:40 UTC] PHP Fatal error:  Uncaught Exception: Database error or invalid data, change sLogLevel to debug to see more. in C:\xampp\htdocs\churchcrm\Include\Functions.php:191
Stack trace:
#0 C:\xampp\htdocs\churchcrm\PostRedirect.php(280): RunQuery('SELECT * from `...')
#1 {main}
  thrown in C:\xampp\htdocs\churchcrm\Include\Functions.php on line 191
[01-Apr-2021 21:27:48 UTC] PHP Fatal error:  Uncaught Exception: Database error or invalid data, change sLogLevel to debug to see more. in C:\xampp\htdocs\churchcrm\Include\Functions.php:191
Stack trace:
#0 C:\xampp\htdocs\churchcrm\PostRedirect.php(280): RunQuery('SELECT * from `...')
#1 {main}
  thrown in C:\xampp\htdocs\churchcrm\Include\Functions.php on line 191
