[08-Mar-2021 09:54:20 UTC] PHP Fatal error:  Uncaught Exception: Database error or invalid data, change sLogLevel to debug to see more. in C:\xampp\htdocs\churchcrm\Include\Functions.php:215
Stack trace:
#0 C:\xampp\htdocs\churchcrm\PostRedirect.php(226): RunQuery('SELECT count(*)...')
#1 {main}
  thrown in C:\xampp\htdocs\churchcrm\Include\Functions.php on line 215
[08-Mar-2021 09:54:55 UTC] PHP Fatal error:  Uncaught Exception: Database error or invalid data, change sLogLevel to debug to see more. in C:\xampp\htdocs\churchcrm\Include\Functions.php:215
Stack trace:
#0 C:\xampp\htdocs\churchcrm\PostRedirect.php(226): RunQuery('SELECT count(*)...')
#1 {main}
  thrown in C:\xampp\htdocs\churchcrm\Include\Functions.php on line 215
[08-Mar-2021 09:55:57 UTC] PHP Fatal error:  Uncaught Exception: Database error or invalid data, change sLogLevel to debug to see more. in C:\xampp\htdocs\churchcrm\Include\Functions.php:215
Stack trace:
#0 C:\xampp\htdocs\churchcrm\PostRedirect.php(226): RunQuery('SELECT count(*)...')
#1 {main}
  thrown in C:\xampp\htdocs\churchcrm\Include\Functions.php on line 215
[08-Mar-2021 09:56:50 UTC] PHP Fatal error:  Uncaught Exception: Database error or invalid data, change sLogLevel to debug to see more. in C:\xampp\htdocs\churchcrm\Include\Functions.php:215
Stack trace:
#0 C:\xampp\htdocs\churchcrm\PostRedirect.php(226): RunQuery('SELECT count(*)...')
#1 {main}
  thrown in C:\xampp\htdocs\churchcrm\Include\Functions.php on line 215
[08-Mar-2021 09:57:33 UTC] PHP Fatal error:  Uncaught Exception: Database error or invalid data, change sLogLevel to debug to see more. in C:\xampp\htdocs\churchcrm\Include\Functions.php:215
Stack trace:
#0 C:\xampp\htdocs\churchcrm\PostRedirect.php(226): RunQuery('SELECT count(*)...')
#1 {main}
  thrown in C:\xampp\htdocs\churchcrm\Include\Functions.php on line 215
[08-Mar-2021 10:10:14 UTC] PHP Fatal error:  Uncaught Exception: Database error or invalid data, change sLogLevel to debug to see more. in C:\xampp\htdocs\churchcrm\Include\Functions.php:215
Stack trace:
#0 C:\xampp\htdocs\churchcrm\PostRedirect.php(226): RunQuery('SELECT count(*)...')
#1 {main}
  thrown in C:\xampp\htdocs\churchcrm\Include\Functions.php on line 215
[08-Mar-2021 10:10:31 UTC] PHP Fatal error:  Uncaught Exception: Database error or invalid data, change sLogLevel to debug to see more. in C:\xampp\htdocs\churchcrm\Include\Functions.php:215
Stack trace:
#0 C:\xampp\htdocs\churchcrm\PostRedirect.php(226): RunQuery('SELECT count(*)...')
#1 {main}
  thrown in C:\xampp\htdocs\churchcrm\Include\Functions.php on line 215
[08-Mar-2021 10:11:40 UTC] PHP Fatal error:  Uncaught Exception: Database error or invalid data, change sLogLevel to debug to see more. in C:\xampp\htdocs\churchcrm\Include\Functions.php:215
Stack trace:
#0 C:\xampp\htdocs\churchcrm\PostRedirect.php(226): RunQuery('SELECT count(*)...')
#1 {main}
  thrown in C:\xampp\htdocs\churchcrm\Include\Functions.php on line 215
[08-Mar-2021 10:12:48 UTC] PHP Fatal error:  Uncaught Exception: Database error or invalid data, change sLogLevel to debug to see more. in C:\xampp\htdocs\churchcrm\Include\Functions.php:215
Stack trace:
#0 C:\xampp\htdocs\churchcrm\PostRedirect.php(226): RunQuery('SELECT count(*)...')
#1 {main}
  thrown in C:\xampp\htdocs\churchcrm\Include\Functions.php on line 215
[08-Mar-2021 10:14:57 UTC] PHP Fatal error:  Uncaught Exception: Database error or invalid data, change sLogLevel to debug to see more. in C:\xampp\htdocs\churchcrm\Include\Functions.php:215
Stack trace:
#0 C:\xampp\htdocs\churchcrm\PostRedirect.php(242): RunQuery('SELECT count(*)...')
#1 {main}
  thrown in C:\xampp\htdocs\churchcrm\Include\Functions.php on line 215
[08-Mar-2021 10:19:35 UTC] PHP Fatal error:  Uncaught Exception: Database error or invalid data, change sLogLevel to debug to see more. in C:\xampp\htdocs\churchcrm\Include\Functions.php:215
Stack trace:
#0 C:\xampp\htdocs\churchcrm\PostRedirect.php(240): RunQuery('SELECT count(*)...')
#1 {main}
  thrown in C:\xampp\htdocs\churchcrm\Include\Functions.php on line 215
[08-Mar-2021 10:25:22 UTC] PHP Fatal error:  Uncaught Exception: Database error or invalid data, change sLogLevel to debug to see more. in C:\xampp\htdocs\churchcrm\Include\Functions.php:215
Stack trace:
#0 C:\xampp\htdocs\churchcrm\PostRedirect.php(249): RunQuery('SELECT v.master...')
#1 {main}
  thrown in C:\xampp\htdocs\churchcrm\Include\Functions.php on line 215
[08-Mar-2021 21:35:01 UTC] PHP Fatal error:  Uncaught Exception: Database error or invalid data, change sLogLevel to debug to see more. in C:\xampp\htdocs\churchcrm\Include\Functions.php:215
Stack trace:
#0 C:\xampp\htdocs\churchcrm\PostRedirect.php(242): RunQuery('SELECT count(*)...')
#1 {main}
  thrown in C:\xampp\htdocs\churchcrm\Include\Functions.php on line 215
[08-Mar-2021 21:35:51 UTC] PHP Fatal error:  Uncaught Exception: Database error or invalid data, change sLogLevel to debug to see more. in C:\xampp\htdocs\churchcrm\Include\Functions.php:215
Stack trace:
#0 C:\xampp\htdocs\churchcrm\PostRedirect.php(242): RunQuery('SELECT count(*)...')
#1 {main}
  thrown in C:\xampp\htdocs\churchcrm\Include\Functions.php on line 215
[08-Mar-2021 21:36:00 UTC] PHP Fatal error:  Uncaught Exception: Database error or invalid data, change sLogLevel to debug to see more. in C:\xampp\htdocs\churchcrm\Include\Functions.php:215
Stack trace:
#0 C:\xampp\htdocs\churchcrm\PostRedirect.php(242): RunQuery('SELECT count(*)...')
#1 {main}
  thrown in C:\xampp\htdocs\churchcrm\Include\Functions.php on line 215
[08-Mar-2021 21:56:49 UTC] PHP Fatal error:  Uncaught Exception: Database error or invalid data, change sLogLevel to debug to see more. in C:\xampp\htdocs\churchcrm\Include\Functions.php:215
Stack trace:
#0 C:\xampp\htdocs\churchcrm\PostRedirect.php(242): RunQuery('SELECT count(*)...')
#1 {main}
  thrown in C:\xampp\htdocs\churchcrm\Include\Functions.php on line 215
[08-Mar-2021 22:20:34 UTC] PHP Fatal error:  Uncaught Exception: Database error or invalid data, change sLogLevel to debug to see more. in C:\xampp\htdocs\churchcrm\Include\Functions.php:215
Stack trace:
#0 C:\xampp\htdocs\churchcrm\PostRedirect.php(243): RunQuery('SELECT count(*)...')
#1 {main}
  thrown in C:\xampp\htdocs\churchcrm\Include\Functions.php on line 215
[08-Mar-2021 22:22:33 UTC] PHP Fatal error:  Maximum execution time of 120 seconds exceeded in C:\xampp\htdocs\churchcrm\ChurchCRM\Service\AppIntegrityService.php on line 85
[08-Mar-2021 22:25:12 UTC] PHP Fatal error:  Uncaught Exception: Database error or invalid data, change sLogLevel to debug to see more. in C:\xampp\htdocs\churchcrm\Include\Functions.php:215
Stack trace:
#0 C:\xampp\htdocs\churchcrm\PostRedirect.php(243): RunQuery('SELECT count(*)...')
#1 {main}
  thrown in C:\xampp\htdocs\churchcrm\Include\Functions.php on line 215
[08-Mar-2021 22:28:23 UTC] PHP Fatal error:  Uncaught Exception: Database error or invalid data, change sLogLevel to debug to see more. in C:\xampp\htdocs\churchcrm\Include\Functions.php:215
Stack trace:
#0 C:\xampp\htdocs\churchcrm\PostRedirect.php(243): RunQuery('SELECT count(*)...')
#1 {main}
  thrown in C:\xampp\htdocs\churchcrm\Include\Functions.php on line 215
[08-Mar-2021 22:29:46 UTC] PHP Fatal error:  Uncaught Exception: Database error or invalid data, change sLogLevel to debug to see more. in C:\xampp\htdocs\churchcrm\Include\Functions.php:215
Stack trace:
#0 C:\xampp\htdocs\churchcrm\PostRedirect.php(245): RunQuery('SELECT count(*)...')
#1 {main}
  thrown in C:\xampp\htdocs\churchcrm\Include\Functions.php on line 215
