[2021-02-22T09:46:30.009699+00:00] defaultLogger.INFO: Starting background job processing [] {"url":"/KC/churchcrm2021/api/background/timerjobs","remote_ip":"::1","correlation_id":"60337d7602614"}
[2021-02-22T09:46:30.011983+00:00] defaultLogger.INFO: Not starting application integrity check.  Last application integrity check run: 20210216-131848 [] {"url":"/KC/churchcrm2021/api/background/timerjobs","remote_ip":"::1","correlation_id":"60337d7602614"}
[2021-02-22T11:57:33.130568+00:00] defaultLogger.INFO: Starting background job processing [] {"url":"/KC/churchcrm2021/api/background/timerjobs","remote_ip":"::1","correlation_id":"60339c2d1fe22"}
[2021-02-22T11:57:33.132370+00:00] defaultLogger.INFO: Not starting application integrity check.  Last application integrity check run: 20210216-131848 [] {"url":"/KC/churchcrm2021/api/background/timerjobs","remote_ip":"::1","correlation_id":"60339c2d1fe22"}
[2021-02-22T11:57:49.782490+00:00] defaultLogger.INFO: Starting background job processing [] {"url":"/KC/churchcrm2021/api/background/timerjobs","remote_ip":"::1","correlation_id":"60339c3dbf0b6"}
[2021-02-22T11:57:49.783920+00:00] defaultLogger.INFO: Not starting application integrity check.  Last application integrity check run: 20210216-131848 [] {"url":"/KC/churchcrm2021/api/background/timerjobs","remote_ip":"::1","correlation_id":"60339c3dbf0b6"}
[2021-02-22T11:57:57.243057+00:00] defaultLogger.INFO: Starting background job processing [] {"url":"/KC/churchcrm2021/api/background/timerjobs","remote_ip":"::1","correlation_id":"60339c453b58a"}
[2021-02-22T11:57:57.244211+00:00] defaultLogger.INFO: Not starting application integrity check.  Last application integrity check run: 20210216-131848 [] {"url":"/KC/churchcrm2021/api/background/timerjobs","remote_ip":"::1","correlation_id":"60339c453b58a"}
[2021-02-22T11:57:59.000766+00:00] defaultLogger.INFO: Starting background job processing [] {"url":"/KC/churchcrm2021/api/background/timerjobs","remote_ip":"::1","correlation_id":"60339c4700316"}
[2021-02-22T11:57:59.001862+00:00] defaultLogger.INFO: Not starting application integrity check.  Last application integrity check run: 20210216-131848 [] {"url":"/KC/churchcrm2021/api/background/timerjobs","remote_ip":"::1","correlation_id":"60339c4700316"}
[2021-02-22T12:14:45.811558+00:00] defaultLogger.INFO: Starting background job processing [] {"url":"/KC/churchcrm2021/api/background/timerjobs","remote_ip":"::1","correlation_id":"6033a035c6240"}
[2021-02-22T12:14:45.812709+00:00] defaultLogger.INFO: Not starting application integrity check.  Last application integrity check run: 20210216-131848 [] {"url":"/KC/churchcrm2021/api/background/timerjobs","remote_ip":"::1","correlation_id":"6033a035c6240"}
[2021-02-22T12:14:46.635353+00:00] defaultLogger.INFO: Starting background job processing [] {"url":"/KC/churchcrm2021/api/background/timerjobs","remote_ip":"::1","correlation_id":"6033a0369b1f1"}
[2021-02-22T12:14:46.636538+00:00] defaultLogger.INFO: Not starting application integrity check.  Last application integrity check run: 20210216-131848 [] {"url":"/KC/churchcrm2021/api/background/timerjobs","remote_ip":"::1","correlation_id":"6033a0369b1f1"}
[2021-02-22T12:20:45.883000+00:00] defaultLogger.INFO: Starting background job processing [] {"url":"/KC/churchcrm2021/api/background/timerjobs","remote_ip":"::1","correlation_id":"6033a19dd7952"}
[2021-02-22T12:20:45.884194+00:00] defaultLogger.INFO: Not starting application integrity check.  Last application integrity check run: 20210216-131848 [] {"url":"/KC/churchcrm2021/api/background/timerjobs","remote_ip":"::1","correlation_id":"6033a19dd7952"}
[2021-02-22T12:20:47.007490+00:00] defaultLogger.INFO: Starting background job processing [] {"url":"/KC/churchcrm2021/api/background/timerjobs","remote_ip":"::1","correlation_id":"6033a19f01d5a"}
[2021-02-22T12:20:47.008549+00:00] defaultLogger.INFO: Not starting application integrity check.  Last application integrity check run: 20210216-131848 [] {"url":"/KC/churchcrm2021/api/background/timerjobs","remote_ip":"::1","correlation_id":"6033a19f01d5a"}
[2021-02-22T12:23:45.681777+00:00] defaultLogger.INFO: Starting background job processing [] {"url":"/KC/churchcrm2021/api/background/timerjobs","remote_ip":"::1","correlation_id":"6033a251a674c"}
[2021-02-22T12:23:45.682980+00:00] defaultLogger.INFO: Not starting application integrity check.  Last application integrity check run: 20210216-131848 [] {"url":"/KC/churchcrm2021/api/background/timerjobs","remote_ip":"::1","correlation_id":"6033a251a674c"}
[2021-02-22T12:23:46.647224+00:00] defaultLogger.INFO: Starting background job processing [] {"url":"/KC/churchcrm2021/api/background/timerjobs","remote_ip":"::1","correlation_id":"6033a2529e050"}
[2021-02-22T12:23:46.648292+00:00] defaultLogger.INFO: Not starting application integrity check.  Last application integrity check run: 20210216-131848 [] {"url":"/KC/churchcrm2021/api/background/timerjobs","remote_ip":"::1","correlation_id":"6033a2529e050"}
[2021-02-22T12:31:05.439615+00:00] defaultLogger.INFO: Starting background job processing [] {"url":"/KC/churchcrm2021/api/background/timerjobs","remote_ip":"::1","correlation_id":"6033a4096b559"}
[2021-02-22T12:31:05.440739+00:00] defaultLogger.INFO: Not starting application integrity check.  Last application integrity check run: 20210216-131848 [] {"url":"/KC/churchcrm2021/api/background/timerjobs","remote_ip":"::1","correlation_id":"6033a4096b559"}
[2021-02-22T12:31:06.790736+00:00] defaultLogger.INFO: Starting background job processing [] {"url":"/KC/churchcrm2021/api/background/timerjobs","remote_ip":"::1","correlation_id":"6033a40ac10e9"}
[2021-02-22T12:31:06.791839+00:00] defaultLogger.INFO: Not starting application integrity check.  Last application integrity check run: 20210216-131848 [] {"url":"/KC/churchcrm2021/api/background/timerjobs","remote_ip":"::1","correlation_id":"6033a40ac10e9"}
[2021-02-22T12:38:44.154340+00:00] defaultLogger.INFO: Starting background job processing [] {"url":"/KC/churchcrm2021/api/background/timerjobs","remote_ip":"::1","correlation_id":"6033a5d425afe"}
[2021-02-22T12:38:44.155544+00:00] defaultLogger.INFO: Not starting application integrity check.  Last application integrity check run: 20210216-131848 [] {"url":"/KC/churchcrm2021/api/background/timerjobs","remote_ip":"::1","correlation_id":"6033a5d425afe"}
[2021-02-22T12:38:45.250566+00:00] defaultLogger.INFO: Starting background job processing [] {"url":"/KC/churchcrm2021/api/background/timerjobs","remote_ip":"::1","correlation_id":"6033a5d53d2de"}
[2021-02-22T12:38:45.251584+00:00] defaultLogger.INFO: Not starting application integrity check.  Last application integrity check run: 20210216-131848 [] {"url":"/KC/churchcrm2021/api/background/timerjobs","remote_ip":"::1","correlation_id":"6033a5d53d2de"}
[2021-02-22T16:07:53.398080+00:00] defaultLogger.INFO: Starting background job processing [] {"url":"/KC/churchcrm2021/api/background/timerjobs","remote_ip":"::1","correlation_id":"6033d6d961319"}
[2021-02-22T16:07:53.418144+00:00] defaultLogger.INFO: Not starting application integrity check.  Last application integrity check run: 20210216-131848 [] {"url":"/KC/churchcrm2021/api/background/timerjobs","remote_ip":"::1","correlation_id":"6033d6d961319"}
[2021-02-22T16:07:58.031501+00:00] defaultLogger.INFO: Starting background job processing [] {"url":"/KC/churchcrm2021/api/background/timerjobs","remote_ip":"::1","correlation_id":"6033d6de07b2a"}
[2021-02-22T16:07:58.032690+00:00] defaultLogger.INFO: Not starting application integrity check.  Last application integrity check run: 20210216-131848 [] {"url":"/KC/churchcrm2021/api/background/timerjobs","remote_ip":"::1","correlation_id":"6033d6de07b2a"}
[2021-02-22T16:08:01.337877+00:00] defaultLogger.INFO: Starting background job processing [] {"url":"/KC/churchcrm2021/api/background/timerjobs","remote_ip":"::1","correlation_id":"6033d6e1527ef"}
[2021-02-22T16:08:01.339024+00:00] defaultLogger.INFO: Not starting application integrity check.  Last application integrity check run: 20210216-131848 [] {"url":"/KC/churchcrm2021/api/background/timerjobs","remote_ip":"::1","correlation_id":"6033d6e1527ef"}
[2021-02-22T16:08:02.749642+00:00] defaultLogger.INFO: Starting background job processing [] {"url":"/KC/churchcrm2021/api/background/timerjobs","remote_ip":"::1","correlation_id":"6033d6e2b7064"}
[2021-02-22T16:08:02.751056+00:00] defaultLogger.INFO: Not starting application integrity check.  Last application integrity check run: 20210216-131848 [] {"url":"/KC/churchcrm2021/api/background/timerjobs","remote_ip":"::1","correlation_id":"6033d6e2b7064"}
[2021-02-22T16:08:08.273273+00:00] defaultLogger.INFO: Starting background job processing [] {"url":"/KC/churchcrm2021/api/background/timerjobs","remote_ip":"::1","correlation_id":"6033d6e842b93"}
[2021-02-22T16:08:08.274281+00:00] defaultLogger.INFO: Not starting application integrity check.  Last application integrity check run: 20210216-131848 [] {"url":"/KC/churchcrm2021/api/background/timerjobs","remote_ip":"::1","correlation_id":"6033d6e842b93"}
[2021-02-22T16:08:12.869213+00:00] defaultLogger.WARNING: issue creating geoCoder cURL error 6: Could not resolve host: maps.googleapis.com (see https://curl.haxx.se/libcurl/c/libcurl-errors.html) for https://maps.googleapis.com/maps/api/geocode/json?address=%D8%AF%D9%88%D9%8A%D9%84%D8%B9%D8%A9%20damas%2C%20Wyoming%20963%20SY&language=en&key= [] {"url":"/KC/churchcrm2021/FamilyMasterEditor.php?FamilyID=1","remote_ip":"::1","correlation_id":"6033d6ecd437a"}
[2021-02-22T16:08:15.182073+00:00] defaultLogger.INFO: Starting background job processing [] {"url":"/KC/churchcrm2021/api/background/timerjobs","remote_ip":"::1","correlation_id":"6033d6ef2c753"}
[2021-02-22T16:08:15.183716+00:00] defaultLogger.INFO: Not starting application integrity check.  Last application integrity check run: 20210216-131848 [] {"url":"/KC/churchcrm2021/api/background/timerjobs","remote_ip":"::1","correlation_id":"6033d6ef2c753"}
[2021-02-22T16:08:16.718586+00:00] defaultLogger.INFO: Starting background job processing [] {"url":"/KC/churchcrm2021/api/background/timerjobs","remote_ip":"::1","correlation_id":"6033d6f0af726"}
[2021-02-22T16:08:16.720302+00:00] defaultLogger.INFO: Not starting application integrity check.  Last application integrity check run: 20210216-131848 [] {"url":"/KC/churchcrm2021/api/background/timerjobs","remote_ip":"::1","correlation_id":"6033d6f0af726"}
[2021-02-22T16:08:17.647931+00:00] defaultLogger.INFO: Starting background job processing [] {"url":"/KC/churchcrm2021/api/background/timerjobs","remote_ip":"::1","correlation_id":"6033d6f19e317"}
[2021-02-22T16:08:17.649222+00:00] defaultLogger.INFO: Not starting application integrity check.  Last application integrity check run: 20210216-131848 [] {"url":"/KC/churchcrm2021/api/background/timerjobs","remote_ip":"::1","correlation_id":"6033d6f19e317"}
[2021-02-22T16:09:41.248415+00:00] defaultLogger.INFO: Starting background job processing [] {"url":"/KC/churchcrm2021/api/background/timerjobs","remote_ip":"::1","correlation_id":"6033d7453ca79"}
[2021-02-22T16:09:41.249482+00:00] defaultLogger.INFO: Not starting application integrity check.  Last application integrity check run: 20210216-131848 [] {"url":"/KC/churchcrm2021/api/background/timerjobs","remote_ip":"::1","correlation_id":"6033d7453ca79"}
[2021-02-22T16:09:43.343962+00:00] defaultLogger.WARNING: issue creating geoCoder cURL error 6: Could not resolve host: maps.googleapis.com (see https://curl.haxx.se/libcurl/c/libcurl-errors.html) for https://maps.googleapis.com/maps/api/geocode/json?address=%D8%AF%D9%88%D9%8A%D9%84%D8%B9%D8%A9%20damas%2C%20Wyoming%20963%20SY&language=en&key= [] {"url":"/KC/churchcrm2021/FamilyMasterEditor.php?FamilyID=1","remote_ip":"::1","correlation_id":"6033d74753fc6"}
[2021-02-22T16:09:45.652989+00:00] defaultLogger.INFO: Starting background job processing [] {"url":"/KC/churchcrm2021/api/background/timerjobs","remote_ip":"::1","correlation_id":"6033d7499f6d6"}
[2021-02-22T16:09:45.653983+00:00] defaultLogger.INFO: Not starting application integrity check.  Last application integrity check run: 20210216-131848 [] {"url":"/KC/churchcrm2021/api/background/timerjobs","remote_ip":"::1","correlation_id":"6033d7499f6d6"}
[2021-02-22T16:09:46.844255+00:00] defaultLogger.INFO: Starting background job processing [] {"url":"/KC/churchcrm2021/api/background/timerjobs","remote_ip":"::1","correlation_id":"6033d74ace1f7"}
[2021-02-22T16:09:46.845249+00:00] defaultLogger.INFO: Not starting application integrity check.  Last application integrity check run: 20210216-131848 [] {"url":"/KC/churchcrm2021/api/background/timerjobs","remote_ip":"::1","correlation_id":"6033d74ace1f7"}
[2021-02-22T16:09:49.589554+00:00] defaultLogger.INFO: Starting background job processing [] {"url":"/KC/churchcrm2021/api/background/timerjobs","remote_ip":"::1","correlation_id":"6033d74d8ff0b"}
[2021-02-22T16:09:49.590558+00:00] defaultLogger.INFO: Not starting application integrity check.  Last application integrity check run: 20210216-131848 [] {"url":"/KC/churchcrm2021/api/background/timerjobs","remote_ip":"::1","correlation_id":"6033d74d8ff0b"}
[2021-02-22T16:09:50.601401+00:00] defaultLogger.WARNING: issue creating geoCoder cURL error 6: Could not resolve host: maps.googleapis.com (see https://curl.haxx.se/libcurl/c/libcurl-errors.html) for https://maps.googleapis.com/maps/api/geocode/json?address=%D8%AF%D9%88%D9%8A%D9%84%D8%B9%D8%A9%20damas%2C%20Wyoming%20963%20SY&language=en&key= [] {"url":"/KC/churchcrm2021/FamilyMasterEditor.php?FamilyID=1","remote_ip":"::1","correlation_id":"6033d74e92d53"}
[2021-02-22T16:09:53.105308+00:00] defaultLogger.INFO: Starting background job processing [] {"url":"/KC/churchcrm2021/api/background/timerjobs","remote_ip":"::1","correlation_id":"6033d75119b97"}
[2021-02-22T16:09:53.107207+00:00] defaultLogger.INFO: Not starting application integrity check.  Last application integrity check run: 20210216-131848 [] {"url":"/KC/churchcrm2021/api/background/timerjobs","remote_ip":"::1","correlation_id":"6033d75119b97"}
[2021-02-22T16:09:54.017577+00:00] defaultLogger.INFO: Starting background job processing [] {"url":"/KC/churchcrm2021/api/background/timerjobs","remote_ip":"::1","correlation_id":"6033d752044c1"}
[2021-02-22T16:09:54.018824+00:00] defaultLogger.INFO: Not starting application integrity check.  Last application integrity check run: 20210216-131848 [] {"url":"/KC/churchcrm2021/api/background/timerjobs","remote_ip":"::1","correlation_id":"6033d752044c1"}
[2021-02-22T16:10:36.516709+00:00] defaultLogger.INFO: Starting background job processing [] {"url":"/KC/churchcrm2021/api/background/timerjobs","remote_ip":"::1","correlation_id":"6033d77c7e27f"}
[2021-02-22T16:10:36.517969+00:00] defaultLogger.INFO: Not starting application integrity check.  Last application integrity check run: 20210216-131848 [] {"url":"/KC/churchcrm2021/api/background/timerjobs","remote_ip":"::1","correlation_id":"6033d77c7e27f"}
[2021-02-22T16:10:38.059610+00:00] defaultLogger.INFO: Starting background job processing [] {"url":"/KC/churchcrm2021/api/background/timerjobs","remote_ip":"::1","correlation_id":"6033d77e0e8fe"}
[2021-02-22T16:10:38.060780+00:00] defaultLogger.INFO: Not starting application integrity check.  Last application integrity check run: 20210216-131848 [] {"url":"/KC/churchcrm2021/api/background/timerjobs","remote_ip":"::1","correlation_id":"6033d77e0e8fe"}
[2021-02-22T16:10:40.069039+00:00] defaultLogger.INFO: Starting background job processing [] {"url":"/KC/churchcrm2021/api/background/timerjobs","remote_ip":"::1","correlation_id":"6033d78010dd4"}
[2021-02-22T16:10:40.070697+00:00] defaultLogger.INFO: Not starting application integrity check.  Last application integrity check run: 20210216-131848 [] {"url":"/KC/churchcrm2021/api/background/timerjobs","remote_ip":"::1","correlation_id":"6033d78010dd4"}
[2021-02-22T17:07:16.694466+00:00] defaultLogger.INFO: Starting background job processing [] {"url":"/KC/churchcrm2021/api/background/timerjobs","remote_ip":"::1","correlation_id":"6033e4c4a98da"}
[2021-02-22T17:07:16.938706+00:00] defaultLogger.INFO: Not starting application integrity check.  Last application integrity check run: 20210216-131848 [] {"url":"/KC/churchcrm2021/api/background/timerjobs","remote_ip":"::1","correlation_id":"6033e4c4a98da"}
[2021-02-22T17:07:18.286284+00:00] defaultLogger.INFO: Starting background job processing [] {"url":"/KC/churchcrm2021/api/background/timerjobs","remote_ip":"::1","correlation_id":"6033e4c645e66"}
[2021-02-22T17:07:18.287316+00:00] defaultLogger.INFO: Not starting application integrity check.  Last application integrity check run: 20210216-131848 [] {"url":"/KC/churchcrm2021/api/background/timerjobs","remote_ip":"::1","correlation_id":"6033e4c645e66"}
[2021-02-22T17:07:18.588623+00:00] defaultLogger.WARNING: issue creating geoCoder cURL error 6: Could not resolve host: maps.googleapis.com (see https://curl.haxx.se/libcurl/c/libcurl-errors.html) for https://maps.googleapis.com/maps/api/geocode/json?address=%D8%AF%D9%88%D9%8A%D9%84%D8%B9%D8%A9%20damas%2C%20Wyoming%20963%20SY&language=en&key= [] {"url":"/KC/churchcrm2021/FamilyMasterEditor.php?FamilyID=1","remote_ip":"::1","correlation_id":"6033e4c68fb6a"}
[2021-02-22T17:07:23.076531+00:00] defaultLogger.INFO: Starting background job processing [] {"url":"/KC/churchcrm2021/api/background/timerjobs","remote_ip":"::1","correlation_id":"6033e4cb12b3b"}
[2021-02-22T17:07:23.079777+00:00] defaultLogger.INFO: Not starting application integrity check.  Last application integrity check run: 20210216-131848 [] {"url":"/KC/churchcrm2021/api/background/timerjobs","remote_ip":"::1","correlation_id":"6033e4cb12b3b"}
[2021-02-22T17:07:24.505286+00:00] defaultLogger.INFO: Starting background job processing [] {"url":"/KC/churchcrm2021/api/background/timerjobs","remote_ip":"::1","correlation_id":"6033e4cc7b5f9"}
[2021-02-22T17:07:24.506327+00:00] defaultLogger.INFO: Not starting application integrity check.  Last application integrity check run: 20210216-131848 [] {"url":"/KC/churchcrm2021/api/background/timerjobs","remote_ip":"::1","correlation_id":"6033e4cc7b5f9"}
[2021-02-22T17:07:27.277006+00:00] defaultLogger.INFO: Starting background job processing [] {"url":"/KC/churchcrm2021/api/background/timerjobs","remote_ip":"::1","correlation_id":"6033e4cf43a3b"}
[2021-02-22T17:07:27.278871+00:00] defaultLogger.INFO: Not starting application integrity check.  Last application integrity check run: 20210216-131848 [] {"url":"/KC/churchcrm2021/api/background/timerjobs","remote_ip":"::1","correlation_id":"6033e4cf43a3b"}
[2021-02-22T17:07:27.812840+00:00] defaultLogger.WARNING: issue creating geoCoder cURL error 6: Could not resolve host: maps.googleapis.com (see https://curl.haxx.se/libcurl/c/libcurl-errors.html) for https://maps.googleapis.com/maps/api/geocode/json?address=%D8%AF%D9%88%D9%8A%D9%84%D8%B9%D8%A9%20damas%2C%20Wyoming%20963%20SY&language=en&key= [] {"url":"/KC/churchcrm2021/FamilyMasterEditor.php?FamilyID=1","remote_ip":"::1","correlation_id":"6033e4cfc675a"}
[2021-02-22T17:07:30.181763+00:00] defaultLogger.INFO: Starting background job processing [] {"url":"/KC/churchcrm2021/api/background/timerjobs","remote_ip":"::1","correlation_id":"6033e4d22c639"}
[2021-02-22T17:07:30.196355+00:00] defaultLogger.INFO: Not starting application integrity check.  Last application integrity check run: 20210216-131848 [] {"url":"/KC/churchcrm2021/api/background/timerjobs","remote_ip":"::1","correlation_id":"6033e4d22c639"}
[2021-02-22T17:07:31.730812+00:00] defaultLogger.INFO: Starting background job processing [] {"url":"/KC/churchcrm2021/api/background/timerjobs","remote_ip":"::1","correlation_id":"6033e4d3b26d6"}
[2021-02-22T17:07:31.732355+00:00] defaultLogger.INFO: Not starting application integrity check.  Last application integrity check run: 20210216-131848 [] {"url":"/KC/churchcrm2021/api/background/timerjobs","remote_ip":"::1","correlation_id":"6033e4d3b26d6"}
[2021-02-22T17:07:32.530755+00:00] defaultLogger.INFO: Starting background job processing [] {"url":"/KC/churchcrm2021/api/background/timerjobs","remote_ip":"::1","correlation_id":"6033e4d48196c"}
[2021-02-22T17:07:32.531878+00:00] defaultLogger.INFO: Not starting application integrity check.  Last application integrity check run: 20210216-131848 [] {"url":"/KC/churchcrm2021/api/background/timerjobs","remote_ip":"::1","correlation_id":"6033e4d48196c"}
[2021-02-22T17:07:34.353809+00:00] defaultLogger.WARNING: issue creating geoCoder cURL error 6: Could not resolve host: maps.googleapis.com (see https://curl.haxx.se/libcurl/c/libcurl-errors.html) for https://maps.googleapis.com/maps/api/geocode/json?address=%D8%AF%D9%88%D9%8A%D9%84%D8%B9%D8%A9%20damas%2C%20Wyoming%20963%20SY&language=en&key= [] {"url":"/KC/churchcrm2021/FamilyMasterEditor.php?FamilyID=1","remote_ip":"::1","correlation_id":"6033e4d65663d"}
[2021-02-22T17:07:36.585696+00:00] defaultLogger.INFO: Starting background job processing [] {"url":"/KC/churchcrm2021/api/background/timerjobs","remote_ip":"::1","correlation_id":"6033e4d88effe"}
[2021-02-22T17:07:36.586890+00:00] defaultLogger.INFO: Not starting application integrity check.  Last application integrity check run: 20210216-131848 [] {"url":"/KC/churchcrm2021/api/background/timerjobs","remote_ip":"::1","correlation_id":"6033e4d88effe"}
[2021-02-22T17:07:38.194100+00:00] defaultLogger.INFO: Starting background job processing [] {"url":"/KC/churchcrm2021/api/background/timerjobs","remote_ip":"::1","correlation_id":"6033e4da2f64d"}
[2021-02-22T17:07:38.195155+00:00] defaultLogger.INFO: Not starting application integrity check.  Last application integrity check run: 20210216-131848 [] {"url":"/KC/churchcrm2021/api/background/timerjobs","remote_ip":"::1","correlation_id":"6033e4da2f64d"}
[2021-02-22T17:07:39.977507+00:00] defaultLogger.INFO: Starting background job processing [] {"url":"/KC/churchcrm2021/api/background/timerjobs","remote_ip":"::1","correlation_id":"6033e4dbeea81"}
[2021-02-22T17:07:39.978727+00:00] defaultLogger.INFO: Not starting application integrity check.  Last application integrity check run: 20210216-131848 [] {"url":"/KC/churchcrm2021/api/background/timerjobs","remote_ip":"::1","correlation_id":"6033e4dbeea81"}
[2021-02-22T19:14:47.044548+00:00] defaultLogger.INFO: Starting background job processing [] {"url":"/KC/churchcrm2021/api/background/timerjobs","remote_ip":"::1","correlation_id":"603402a70ae1e"}
[2021-02-22T19:14:47.045818+00:00] defaultLogger.INFO: Not starting application integrity check.  Last application integrity check run: 20210216-131848 [] {"url":"/KC/churchcrm2021/api/background/timerjobs","remote_ip":"::1","correlation_id":"603402a70ae1e"}
[2021-02-22T19:14:50.902872+00:00] defaultLogger.INFO: Starting background job processing [] {"url":"/KC/churchcrm2021/api/background/timerjobs","remote_ip":"::1","correlation_id":"603402aadc6f1"}
[2021-02-22T19:14:50.904049+00:00] defaultLogger.INFO: Not starting application integrity check.  Last application integrity check run: 20210216-131848 [] {"url":"/KC/churchcrm2021/api/background/timerjobs","remote_ip":"::1","correlation_id":"603402aadc6f1"}
[2021-02-22T19:14:54.289686+00:00] defaultLogger.INFO: Starting background job processing [] {"url":"/KC/churchcrm2021/api/background/timerjobs","remote_ip":"::1","correlation_id":"603402ae46bc8"}
[2021-02-22T19:14:54.291154+00:00] defaultLogger.INFO: Not starting application integrity check.  Last application integrity check run: 20210216-131848 [] {"url":"/KC/churchcrm2021/api/background/timerjobs","remote_ip":"::1","correlation_id":"603402ae46bc8"}
[2021-02-22T19:14:55.091622+00:00] defaultLogger.INFO: Starting background job processing [] {"url":"/KC/churchcrm2021/api/background/timerjobs","remote_ip":"::1","correlation_id":"603402af165fe"}
[2021-02-22T19:14:55.092574+00:00] defaultLogger.INFO: Not starting application integrity check.  Last application integrity check run: 20210216-131848 [] {"url":"/KC/churchcrm2021/api/background/timerjobs","remote_ip":"::1","correlation_id":"603402af165fe"}
[2021-02-22T19:15:02.032350+00:00] defaultLogger.INFO: Starting background job processing [] {"url":"/KC/churchcrm2021/api/background/timerjobs","remote_ip":"::1","correlation_id":"603402b607e77"}
[2021-02-22T19:15:02.033502+00:00] defaultLogger.INFO: Not starting application integrity check.  Last application integrity check run: 20210216-131848 [] {"url":"/KC/churchcrm2021/api/background/timerjobs","remote_ip":"::1","correlation_id":"603402b607e77"}
[2021-02-22T19:16:28.829374+00:00] defaultLogger.INFO: Starting background job processing [] {"url":"/KC/churchcrm2021/api/background/timerjobs","remote_ip":"::1","correlation_id":"6034030cca7e9"}
[2021-02-22T19:16:28.831758+00:00] defaultLogger.INFO: Not starting application integrity check.  Last application integrity check run: 20210216-131848 [] {"url":"/KC/churchcrm2021/api/background/timerjobs","remote_ip":"::1","correlation_id":"6034030cca7e9"}
[2021-02-22T19:16:33.401426+00:00] defaultLogger.INFO: Starting background job processing [] {"url":"/KC/churchcrm2021/api/background/timerjobs","remote_ip":"::1","correlation_id":"603403116202e"}
[2021-02-22T19:16:33.402535+00:00] defaultLogger.INFO: Not starting application integrity check.  Last application integrity check run: 20210216-131848 [] {"url":"/KC/churchcrm2021/api/background/timerjobs","remote_ip":"::1","correlation_id":"603403116202e"}
[2021-02-22T19:16:46.752184+00:00] defaultLogger.INFO: Starting background job processing [] {"url":"/KC/churchcrm2021/api/background/timerjobs","remote_ip":"::1","correlation_id":"6034031eb7a57"}
[2021-02-22T19:16:46.753405+00:00] defaultLogger.INFO: Not starting application integrity check.  Last application integrity check run: 20210216-131848 [] {"url":"/KC/churchcrm2021/api/background/timerjobs","remote_ip":"::1","correlation_id":"6034031eb7a57"}
[2021-02-22T19:16:49.067895+00:00] defaultLogger.WARNING: issue creating geoCoder cURL error 6: Could not resolve host: maps.googleapis.com (see https://curl.haxx.se/libcurl/c/libcurl-errors.html) for https://maps.googleapis.com/maps/api/geocode/json?address=%D8%AF%D9%88%D9%8A%D9%84%D8%B9%D8%A9%20damas%2C%20Wyoming%20963%20SY&language=en&key= [] {"url":"/KC/churchcrm2021/FamilyMasterEditor.php?FamilyID=1","remote_ip":"::1","correlation_id":"6034032110964"}
[2021-02-22T19:16:51.542317+00:00] defaultLogger.INFO: Starting background job processing [] {"url":"/KC/churchcrm2021/api/background/timerjobs","remote_ip":"::1","correlation_id":"6034032384687"}
[2021-02-22T19:16:51.543559+00:00] defaultLogger.INFO: Not starting application integrity check.  Last application integrity check run: 20210216-131848 [] {"url":"/KC/churchcrm2021/api/background/timerjobs","remote_ip":"::1","correlation_id":"6034032384687"}
[2021-02-22T19:16:53.284382+00:00] defaultLogger.INFO: Starting background job processing [] {"url":"/KC/churchcrm2021/api/background/timerjobs","remote_ip":"::1","correlation_id":"60340325456f7"}
[2021-02-22T19:16:53.285446+00:00] defaultLogger.INFO: Not starting application integrity check.  Last application integrity check run: 20210216-131848 [] {"url":"/KC/churchcrm2021/api/background/timerjobs","remote_ip":"::1","correlation_id":"60340325456f7"}
[2021-02-22T19:16:54.581970+00:00] defaultLogger.INFO: Starting background job processing [] {"url":"/KC/churchcrm2021/api/background/timerjobs","remote_ip":"::1","correlation_id":"603403268e16c"}
[2021-02-22T19:16:54.583014+00:00] defaultLogger.INFO: Not starting application integrity check.  Last application integrity check run: 20210216-131848 [] {"url":"/KC/churchcrm2021/api/background/timerjobs","remote_ip":"::1","correlation_id":"603403268e16c"}
[2021-02-22T19:17:09.446504+00:00] defaultLogger.INFO: Starting background job processing [] {"url":"/KC/churchcrm2021/api/background/timerjobs","remote_ip":"::1","correlation_id":"603403356d042"}
[2021-02-22T19:17:09.447546+00:00] defaultLogger.INFO: Not starting application integrity check.  Last application integrity check run: 20210216-131848 [] {"url":"/KC/churchcrm2021/api/background/timerjobs","remote_ip":"::1","correlation_id":"603403356d042"}
[2021-02-22T19:17:09.831257+00:00] defaultLogger.WARNING: issue creating geoCoder cURL error 6: Could not resolve host: maps.googleapis.com (see https://curl.haxx.se/libcurl/c/libcurl-errors.html) for https://maps.googleapis.com/maps/api/geocode/json?address=%D8%AF%D9%88%D9%8A%D9%84%D8%B9%D8%A9%20damas%2C%20Wyoming%20963%20SY&language=en&key= [] {"url":"/KC/churchcrm2021/FamilyMasterEditor.php?FamilyID=1","remote_ip":"::1","correlation_id":"60340335caf35"}
[2021-02-22T19:17:12.506192+00:00] defaultLogger.INFO: Starting background job processing [] {"url":"/KC/churchcrm2021/api/background/timerjobs","remote_ip":"::1","correlation_id":"603403387b969"}
[2021-02-22T19:17:12.507513+00:00] defaultLogger.INFO: Not starting application integrity check.  Last application integrity check run: 20210216-131848 [] {"url":"/KC/churchcrm2021/api/background/timerjobs","remote_ip":"::1","correlation_id":"603403387b969"}
[2021-02-22T19:17:13.417127+00:00] defaultLogger.INFO: Starting background job processing [] {"url":"/KC/churchcrm2021/api/background/timerjobs","remote_ip":"::1","correlation_id":"6034033965d80"}
[2021-02-22T19:17:13.418154+00:00] defaultLogger.INFO: Not starting application integrity check.  Last application integrity check run: 20210216-131848 [] {"url":"/KC/churchcrm2021/api/background/timerjobs","remote_ip":"::1","correlation_id":"6034033965d80"}
[2021-02-22T19:17:43.947449+00:00] defaultLogger.INFO: Starting background job processing [] {"url":"/KC/churchcrm2021/api/background/timerjobs","remote_ip":"::1","correlation_id":"60340357e7519"}
[2021-02-22T19:17:43.948851+00:00] defaultLogger.INFO: Not starting application integrity check.  Last application integrity check run: 20210216-131848 [] {"url":"/KC/churchcrm2021/api/background/timerjobs","remote_ip":"::1","correlation_id":"60340357e7519"}
[2021-02-22T19:17:45.728668+00:00] defaultLogger.INFO: Starting background job processing [] {"url":"/KC/churchcrm2021/api/background/timerjobs","remote_ip":"::1","correlation_id":"60340359b1e77"}
[2021-02-22T19:17:45.729716+00:00] defaultLogger.INFO: Not starting application integrity check.  Last application integrity check run: 20210216-131848 [] {"url":"/KC/churchcrm2021/api/background/timerjobs","remote_ip":"::1","correlation_id":"60340359b1e77"}
[2021-02-22T19:17:47.416866+00:00] defaultLogger.INFO: Starting background job processing [] {"url":"/KC/churchcrm2021/api/background/timerjobs","remote_ip":"::1","correlation_id":"6034035b65c7b"}
[2021-02-22T19:17:47.417921+00:00] defaultLogger.INFO: Not starting application integrity check.  Last application integrity check run: 20210216-131848 [] {"url":"/KC/churchcrm2021/api/background/timerjobs","remote_ip":"::1","correlation_id":"6034035b65c7b"}
[2021-02-22T19:25:45.393864+00:00] defaultLogger.WARNING: issue creating geoCoder cURL error 6: Could not resolve host: maps.googleapis.com (see https://curl.haxx.se/libcurl/c/libcurl-errors.html) for https://maps.googleapis.com/maps/api/geocode/json?address=%D8%AF%D9%88%D9%8A%D9%84%D8%B9%D8%A9%20damas%2C%20Wyoming%20963%20SY&language=en&key= [] {"url":"/KC/churchcrm2021/FamilyMasterEditor.php?FamilyID=1","remote_ip":"::1","correlation_id":"60340539602b3"}
[2021-02-22T19:25:48.258348+00:00] defaultLogger.INFO: Starting background job processing [] {"url":"/KC/churchcrm2021/api/background/timerjobs","remote_ip":"::1","correlation_id":"6034053c3f14a"}
[2021-02-22T19:25:48.259488+00:00] defaultLogger.INFO: Not starting application integrity check.  Last application integrity check run: 20210216-131848 [] {"url":"/KC/churchcrm2021/api/background/timerjobs","remote_ip":"::1","correlation_id":"6034053c3f14a"}
[2021-02-22T19:25:49.664027+00:00] defaultLogger.INFO: Starting background job processing [] {"url":"/KC/churchcrm2021/api/background/timerjobs","remote_ip":"::1","correlation_id":"6034053da21f5"}
[2021-02-22T19:25:49.665189+00:00] defaultLogger.INFO: Not starting application integrity check.  Last application integrity check run: 20210216-131848 [] {"url":"/KC/churchcrm2021/api/background/timerjobs","remote_ip":"::1","correlation_id":"6034053da21f5"}
[2021-02-22T19:25:50.717084+00:00] defaultLogger.INFO: Starting background job processing [] {"url":"/KC/churchcrm2021/api/background/timerjobs","remote_ip":"::1","correlation_id":"6034053eaf163"}
[2021-02-22T19:25:50.719484+00:00] defaultLogger.INFO: Not starting application integrity check.  Last application integrity check run: 20210216-131848 [] {"url":"/KC/churchcrm2021/api/background/timerjobs","remote_ip":"::1","correlation_id":"6034053eaf163"}
[2021-02-22T19:26:18.456496+00:00] defaultLogger.ERROR: Cannot execute query.                      UPDATE person_per SET                      year_id='2020',month_id='',visited_id='2',team_id='2',cash_id='2',bag_id='2',sup_id='2',role_id='2',created_day='20210222142618',family_id='1',user_id='1,' WHERE id= -|- You have an error in your SQL syntax; check the manual that corresponds to your MySQL server version for the right syntax to use near '' at line 2 [] {"url":"/KC/churchcrm2021/FamilyMasterEditor.php?FamilyID=1","remote_ip":"::1","correlation_id":"6034055a6f74f"}
[2021-02-22T19:36:30.857933+00:00] defaultLogger.INFO: Starting background job processing [] {"url":"/KC/churchcrm2021/api/background/timerjobs","remote_ip":"::1","correlation_id":"603407bed176c"}
[2021-02-22T19:36:30.859512+00:00] defaultLogger.INFO: Not starting application integrity check.  Last application integrity check run: 20210216-131848 [] {"url":"/KC/churchcrm2021/api/background/timerjobs","remote_ip":"::1","correlation_id":"603407bed176c"}
[2021-02-22T19:38:32.668244+00:00] defaultLogger.WARNING: Failed to get current user: Exception: No active authentication provider in C:\wamp64\www\KC\churchcrm2021\ChurchCRM\Authentication\AuthenticationManager.php:27 Stack trace: #0 C:\wamp64\www\KC\churchcrm2021\ChurchCRM\Authentication\AuthenticationManager.php(37): ChurchCRM\Authentication\AuthenticationManager::GetAuthenticationProvider() #1 C:\wamp64\www\KC\churchcrm2021\ChurchCRM\Bootstrapper.php(91): ChurchCRM\Authentication\AuthenticationManager::GetCurrentUser() #2 C:\wamp64\www\KC\churchcrm2021\ChurchCRM\Bootstrapper.php(106): ChurchCRM\Bootstrapper::GetCurrentLocale() #3 C:\wamp64\www\KC\churchcrm2021\ChurchCRM\Bootstrapper.php(71): ChurchCRM\Bootstrapper::ConfigureLocale() #4 C:\wamp64\www\KC\churchcrm2021\Include\LoadConfigs.php(22): ChurchCRM\Bootstrapper::init('localhost', '3306', 'root1', 'root1', 'churchcrm', '/KC/churchcrm20...', false, Array) #5 C:\wamp64\www\KC\churchcrm2021\Include\Config.php(63): require_once('C:\\wamp64\\www\\K...') #6 C:\wamp64\www\KC\churchcrm2021\api\index.php(2): require('C:\\wamp64\\www\\K...') #7 {main} [] {"url":"/KC/churchcrm2021/api/persons/birthday?_=1614022588698","remote_ip":"::1","correlation_id":"60340838a3274"}
[2021-02-22T19:38:32.791559+00:00] defaultLogger.WARNING: Failed to get current user: Exception: No active authentication provider in C:\wamp64\www\KC\churchcrm2021\ChurchCRM\Authentication\AuthenticationManager.php:27 Stack trace: #0 C:\wamp64\www\KC\churchcrm2021\ChurchCRM\Authentication\AuthenticationManager.php(37): ChurchCRM\Authentication\AuthenticationManager::GetAuthenticationProvider() #1 C:\wamp64\www\KC\churchcrm2021\ChurchCRM\Bootstrapper.php(91): ChurchCRM\Authentication\AuthenticationManager::GetCurrentUser() #2 C:\wamp64\www\KC\churchcrm2021\ChurchCRM\Bootstrapper.php(106): ChurchCRM\Bootstrapper::GetCurrentLocale() #3 C:\wamp64\www\KC\churchcrm2021\ChurchCRM\Bootstrapper.php(71): ChurchCRM\Bootstrapper::ConfigureLocale() #4 C:\wamp64\www\KC\churchcrm2021\Include\LoadConfigs.php(22): ChurchCRM\Bootstrapper::init('localhost', '3306', 'root1', 'root1', 'churchcrm', '/KC/churchcrm20...', false, Array) #5 C:\wamp64\www\KC\churchcrm2021\Include\Config.php(63): require_once('C:\\wamp64\\www\\K...') #6 C:\wamp64\www\KC\churchcrm2021\api\index.php(2): require('C:\\wamp64\\www\\K...') #7 {main} [] {"url":"/KC/churchcrm2021/api/families/anniversaries?_=1614022588699","remote_ip":"::1","correlation_id":"60340838c1420"}
[2021-02-22T19:38:32.890481+00:00] defaultLogger.WARNING: Failed to get current user: Exception: No active authentication provider in C:\wamp64\www\KC\churchcrm2021\ChurchCRM\Authentication\AuthenticationManager.php:27 Stack trace: #0 C:\wamp64\www\KC\churchcrm2021\ChurchCRM\Authentication\AuthenticationManager.php(37): ChurchCRM\Authentication\AuthenticationManager::GetAuthenticationProvider() #1 C:\wamp64\www\KC\churchcrm2021\ChurchCRM\Bootstrapper.php(91): ChurchCRM\Authentication\AuthenticationManager::GetCurrentUser() #2 C:\wamp64\www\KC\churchcrm2021\ChurchCRM\Bootstrapper.php(106): ChurchCRM\Bootstrapper::GetCurrentLocale() #3 C:\wamp64\www\KC\churchcrm2021\ChurchCRM\Bootstrapper.php(71): ChurchCRM\Bootstrapper::ConfigureLocale() #4 C:\wamp64\www\KC\churchcrm2021\Include\LoadConfigs.php(22): ChurchCRM\Bootstrapper::init('localhost', '3306', 'root1', 'root1', 'churchcrm', '/KC/churchcrm20...', false, Array) #5 C:\wamp64\www\KC\churchcrm2021\Include\Config.php(63): require_once('C:\\wamp64\\www\\K...') #6 C:\wamp64\www\KC\churchcrm2021\api\index.php(2): require('C:\\wamp64\\www\\K...') #7 {main} [] {"url":"/KC/churchcrm2021/api/persons/updated?_=1614022588700","remote_ip":"::1","correlation_id":"60340838d969a"}
[2021-02-22T19:38:33.038889+00:00] defaultLogger.WARNING: Failed to get current user: Exception: No active authentication provider in C:\wamp64\www\KC\churchcrm2021\ChurchCRM\Authentication\AuthenticationManager.php:27 Stack trace: #0 C:\wamp64\www\KC\churchcrm2021\ChurchCRM\Authentication\AuthenticationManager.php(37): ChurchCRM\Authentication\AuthenticationManager::GetAuthenticationProvider() #1 C:\wamp64\www\KC\churchcrm2021\ChurchCRM\Bootstrapper.php(91): ChurchCRM\Authentication\AuthenticationManager::GetCurrentUser() #2 C:\wamp64\www\KC\churchcrm2021\ChurchCRM\Bootstrapper.php(106): ChurchCRM\Bootstrapper::GetCurrentLocale() #3 C:\wamp64\www\KC\churchcrm2021\ChurchCRM\Bootstrapper.php(71): ChurchCRM\Bootstrapper::ConfigureLocale() #4 C:\wamp64\www\KC\churchcrm2021\Include\LoadConfigs.php(22): ChurchCRM\Bootstrapper::init('localhost', '3306', 'root1', 'root1', 'churchcrm', '/KC/churchcrm20...', false, Array) #5 C:\wamp64\www\KC\churchcrm2021\Include\Config.php(63): require_once('C:\\wamp64\\www\\K...') #6 C:\wamp64\www\KC\churchcrm2021\api\index.php(2): require('C:\\wamp64\\www\\K...') #7 {main} [] {"url":"/KC/churchcrm2021/api/persons/latest?_=1614022588701","remote_ip":"::1","correlation_id":"603408390980a"}
[2021-02-22T19:38:33.159872+00:00] defaultLogger.WARNING: Failed to get current user: Exception: No active authentication provider in C:\wamp64\www\KC\churchcrm2021\ChurchCRM\Authentication\AuthenticationManager.php:27 Stack trace: #0 C:\wamp64\www\KC\churchcrm2021\ChurchCRM\Authentication\AuthenticationManager.php(37): ChurchCRM\Authentication\AuthenticationManager::GetAuthenticationProvider() #1 C:\wamp64\www\KC\churchcrm2021\ChurchCRM\Bootstrapper.php(91): ChurchCRM\Authentication\AuthenticationManager::GetCurrentUser() #2 C:\wamp64\www\KC\churchcrm2021\ChurchCRM\Bootstrapper.php(106): ChurchCRM\Bootstrapper::GetCurrentLocale() #3 C:\wamp64\www\KC\churchcrm2021\ChurchCRM\Bootstrapper.php(71): ChurchCRM\Bootstrapper::ConfigureLocale() #4 C:\wamp64\www\KC\churchcrm2021\Include\LoadConfigs.php(22): ChurchCRM\Bootstrapper::init('localhost', '3306', 'root1', 'root1', 'churchcrm', '/KC/churchcrm20...', false, Array) #5 C:\wamp64\www\KC\churchcrm2021\Include\Config.php(63): require_once('C:\\wamp64\\www\\K...') #6 C:\wamp64\www\KC\churchcrm2021\api\index.php(2): require('C:\\wamp64\\www\\K...') #7 {main} [] {"url":"/KC/churchcrm2021/api/background/page?name=/v2/dashboard","remote_ip":"::1","correlation_id":"603408392709a"}
[2021-02-22T19:38:33.267011+00:00] defaultLogger.WARNING: Failed to get current user: Exception: No active authentication provider in C:\wamp64\www\KC\churchcrm2021\ChurchCRM\Authentication\AuthenticationManager.php:27 Stack trace: #0 C:\wamp64\www\KC\churchcrm2021\ChurchCRM\Authentication\AuthenticationManager.php(37): ChurchCRM\Authentication\AuthenticationManager::GetAuthenticationProvider() #1 C:\wamp64\www\KC\churchcrm2021\ChurchCRM\Bootstrapper.php(91): ChurchCRM\Authentication\AuthenticationManager::GetCurrentUser() #2 C:\wamp64\www\KC\churchcrm2021\ChurchCRM\Bootstrapper.php(106): ChurchCRM\Bootstrapper::GetCurrentLocale() #3 C:\wamp64\www\KC\churchcrm2021\ChurchCRM\Bootstrapper.php(71): ChurchCRM\Bootstrapper::ConfigureLocale() #4 C:\wamp64\www\KC\churchcrm2021\Include\LoadConfigs.php(22): ChurchCRM\Bootstrapper::init('localhost', '3306', 'root1', 'root1', 'churchcrm', '/KC/churchcrm20...', false, Array) #5 C:\wamp64\www\KC\churchcrm2021\Include\Config.php(63): require_once('C:\\wamp64\\www\\K...') #6 C:\wamp64\www\KC\churchcrm2021\api\index.php(2): require('C:\\wamp64\\www\\K...') #7 {main} [] {"url":"/KC/churchcrm2021/api/background/page?name=/v2/dashboard","remote_ip":"::1","correlation_id":"603408394131e"}
[2021-02-22T19:38:33.370801+00:00] defaultLogger.WARNING: Failed to get current user: Exception: No active authentication provider in C:\wamp64\www\KC\churchcrm2021\ChurchCRM\Authentication\AuthenticationManager.php:27 Stack trace: #0 C:\wamp64\www\KC\churchcrm2021\ChurchCRM\Authentication\AuthenticationManager.php(37): ChurchCRM\Authentication\AuthenticationManager::GetAuthenticationProvider() #1 C:\wamp64\www\KC\churchcrm2021\ChurchCRM\Bootstrapper.php(91): ChurchCRM\Authentication\AuthenticationManager::GetCurrentUser() #2 C:\wamp64\www\KC\churchcrm2021\ChurchCRM\Bootstrapper.php(106): ChurchCRM\Bootstrapper::GetCurrentLocale() #3 C:\wamp64\www\KC\churchcrm2021\ChurchCRM\Bootstrapper.php(71): ChurchCRM\Bootstrapper::ConfigureLocale() #4 C:\wamp64\www\KC\churchcrm2021\Include\LoadConfigs.php(22): ChurchCRM\Bootstrapper::init('localhost', '3306', 'root1', 'root1', 'churchcrm', '/KC/churchcrm20...', false, Array) #5 C:\wamp64\www\KC\churchcrm2021\Include\Config.php(63): require_once('C:\\wamp64\\www\\K...') #6 C:\wamp64\www\KC\churchcrm2021\session\index.php(2): require('C:\\wamp64\\www\\K...') #7 {main} [] {"url":"/KC/churchcrm2021/session/begin?location=/KC/churchcrm2021/v2/dashboard","remote_ip":"::1","correlation_id":"603408395a88b"}
[2021-02-22T19:38:33.447076+00:00] defaultLogger.WARNING: Failed to get current user: Exception: No active authentication provider in C:\wamp64\www\KC\churchcrm2021\ChurchCRM\Authentication\AuthenticationManager.php:27 Stack trace: #0 C:\wamp64\www\KC\churchcrm2021\ChurchCRM\Authentication\AuthenticationManager.php(37): ChurchCRM\Authentication\AuthenticationManager::GetAuthenticationProvider() #1 C:\wamp64\www\KC\churchcrm2021\ChurchCRM\Bootstrapper.php(91): ChurchCRM\Authentication\AuthenticationManager::GetCurrentUser() #2 C:\wamp64\www\KC\churchcrm2021\ChurchCRM\Bootstrapper.php(106): ChurchCRM\Bootstrapper::GetCurrentLocale() #3 C:\wamp64\www\KC\churchcrm2021\ChurchCRM\Bootstrapper.php(71): ChurchCRM\Bootstrapper::ConfigureLocale() #4 C:\wamp64\www\KC\churchcrm2021\Include\LoadConfigs.php(22): ChurchCRM\Bootstrapper::init('localhost', '3306', 'root1', 'root1', 'churchcrm', '/KC/churchcrm20...', false, Array) #5 C:\wamp64\www\KC\churchcrm2021\Include\Config.php(63): require_once('C:\\wamp64\\www\\K...') #6 C:\wamp64\www\KC\churchcrm2021\session\index.php(2): require('C:\\wamp64\\www\\K...') #7 {main} [] {"url":"/KC/churchcrm2021/session/begin?location=/KC/churchcrm2021/v2/dashboard","remote_ip":"::1","correlation_id":"603408396d280"}
