[09-Mar-2021 08:01:15 UTC] PHP Fatal error:  Uncaught Exception: Database error or invalid data, change sLogLevel to debug to see more. in C:\xampp\htdocs\churchcrm\Include\Functions.php:215
Stack trace:
#0 C:\xampp\htdocs\churchcrm\PostRedirect.php(229): RunQuery('SELECT count(*)...')
#1 {main}
  thrown in C:\xampp\htdocs\churchcrm\Include\Functions.php on line 215
[09-Mar-2021 08:01:23 UTC] PHP Fatal error:  Uncaught Exception: Database error or invalid data, change sLogLevel to debug to see more. in C:\xampp\htdocs\churchcrm\Include\Functions.php:215
Stack trace:
#0 C:\xampp\htdocs\churchcrm\PostRedirect.php(229): RunQuery('SELECT count(*)...')
#1 {main}
  thrown in C:\xampp\htdocs\churchcrm\Include\Functions.php on line 215
[09-Mar-2021 10:00:10 UTC] PHP Fatal error:  Uncaught Exception: Database error or invalid data, change sLogLevel to debug to see more. in C:\xampp\htdocs\churchcrm\Include\Functions.php:215
Stack trace:
#0 C:\xampp\htdocs\churchcrm\PostRedirect.php(243): RunQuery('SELECT count(*)...')
#1 {main}
  thrown in C:\xampp\htdocs\churchcrm\Include\Functions.php on line 215
[09-Mar-2021 10:00:34 UTC] PHP Fatal error:  Uncaught Exception: Database error or invalid data, change sLogLevel to debug to see more. in C:\xampp\htdocs\churchcrm\Include\Functions.php:215
Stack trace:
#0 C:\xampp\htdocs\churchcrm\PostRedirect.php(243): RunQuery('SELECT count(*)...')
#1 {main}
  thrown in C:\xampp\htdocs\churchcrm\Include\Functions.php on line 215
[09-Mar-2021 10:04:07 UTC] PHP Fatal error:  Uncaught Exception: Database error or invalid data, change sLogLevel to debug to see more. in C:\xampp\htdocs\churchcrm\Include\Functions.php:215
Stack trace:
#0 C:\xampp\htdocs\churchcrm\PostRedirect.php(243): RunQuery('SELECT count(*)...')
#1 {main}
  thrown in C:\xampp\htdocs\churchcrm\Include\Functions.php on line 215
[09-Mar-2021 12:01:02 UTC] PHP Fatal error:  Uncaught Exception: Database error or invalid data, change sLogLevel to debug to see more. in C:\xampp\htdocs\churchcrm\Include\Functions.php:215
Stack trace:
#0 C:\xampp\htdocs\churchcrm\PostRedirect.php(242): RunQuery('SELECT count(*)...')
#1 {main}
  thrown in C:\xampp\htdocs\churchcrm\Include\Functions.php on line 215
[09-Mar-2021 12:01:12 UTC] PHP Fatal error:  Uncaught Exception: Database error or invalid data, change sLogLevel to debug to see more. in C:\xampp\htdocs\churchcrm\Include\Functions.php:215
Stack trace:
#0 C:\xampp\htdocs\churchcrm\PostRedirect.php(242): RunQuery('SELECT count(*)...')
#1 {main}
  thrown in C:\xampp\htdocs\churchcrm\Include\Functions.php on line 215
[09-Mar-2021 12:01:22 UTC] PHP Fatal error:  Uncaught Exception: Database error or invalid data, change sLogLevel to debug to see more. in C:\xampp\htdocs\churchcrm\Include\Functions.php:215
Stack trace:
#0 C:\xampp\htdocs\churchcrm\PostRedirect.php(242): RunQuery('SELECT count(*)...')
#1 {main}
  thrown in C:\xampp\htdocs\churchcrm\Include\Functions.php on line 215
[09-Mar-2021 12:01:22 UTC] PHP Fatal error:  Uncaught Exception: Database error or invalid data, change sLogLevel to debug to see more. in C:\xampp\htdocs\churchcrm\Include\Functions.php:215
Stack trace:
#0 C:\xampp\htdocs\churchcrm\PostRedirect.php(242): RunQuery('SELECT count(*)...')
#1 {main}
  thrown in C:\xampp\htdocs\churchcrm\Include\Functions.php on line 215
[09-Mar-2021 12:01:22 UTC] PHP Fatal error:  Uncaught Exception: Database error or invalid data, change sLogLevel to debug to see more. in C:\xampp\htdocs\churchcrm\Include\Functions.php:215
Stack trace:
#0 C:\xampp\htdocs\churchcrm\PostRedirect.php(242): RunQuery('SELECT count(*)...')
#1 {main}
  thrown in C:\xampp\htdocs\churchcrm\Include\Functions.php on line 215
[09-Mar-2021 12:01:28 UTC] PHP Fatal error:  Uncaught Exception: Database error or invalid data, change sLogLevel to debug to see more. in C:\xampp\htdocs\churchcrm\Include\Functions.php:215
Stack trace:
#0 C:\xampp\htdocs\churchcrm\PostRedirect.php(242): RunQuery('SELECT count(*)...')
#1 {main}
  thrown in C:\xampp\htdocs\churchcrm\Include\Functions.php on line 215
