[22-Apr-2021 10:40:03 Europe/Berlin] PHP Fatal error:  Uncaught Error: Call to a member function setUser() on null in C:\xampp\htdocs\churchcrm\ChurchCRM\model\ChurchCRM\Base\User.php:3609
Stack trace:
#0 C:\xampp\htdocs\churchcrm\ChurchCRM\model\ChurchCRM\User.php(36): ChurchCRM\Base\User->getPerson()
#1 C:\xampp\htdocs\churchcrm\ChurchCRM\Authentication\AuthenticationProviders\LocalAuthentication.php(192): ChurchCRM\User->getName()
#2 C:\xampp\htdocs\churchcrm\ChurchCRM\Authentication\AuthenticationManager.php(120): ChurchCRM\Authentication\AuthenticationProviders\LocalAuthentication->ValidateUserSessionIsActive(false)
#3 C:\xampp\htdocs\churchcrm\ChurchCRM\Bootstrapper.php(273): ChurchCRM\Authentication\AuthenticationManager::ValidateUserSessionIsActive(false)
#4 C:\xampp\htdocs\churchcrm\ChurchCRM\Bootstrapper.php(70): ChurchCRM\Bootstrapper::configureUserEnvironment()
#5 C:\xampp\htdocs\churchcrm\Include\LoadConfigs.php(22): ChurchCRM\Bootstrapper::init('localhost', '3306', 'root', '', 'alliance_aid', '/churchcrm', false, Array)
#6 C:\xampp\htdocs\churchcrm\ in C:\xampp\htdocs\churchcrm\ChurchCRM\model\ChurchCRM\Base\User.php on line 3609
[22-Apr-2021 10:40:16 Europe/Berlin] PHP Fatal error:  Uncaught Error: Call to a member function setUser() on null in C:\xampp\htdocs\churchcrm\ChurchCRM\model\ChurchCRM\Base\User.php:3609
Stack trace:
#0 C:\xampp\htdocs\churchcrm\ChurchCRM\model\ChurchCRM\User.php(36): ChurchCRM\Base\User->getPerson()
#1 C:\xampp\htdocs\churchcrm\ChurchCRM\Authentication\AuthenticationProviders\LocalAuthentication.php(192): ChurchCRM\User->getName()
#2 C:\xampp\htdocs\churchcrm\ChurchCRM\Authentication\AuthenticationManager.php(120): ChurchCRM\Authentication\AuthenticationProviders\LocalAuthentication->ValidateUserSessionIsActive(false)
#3 C:\xampp\htdocs\churchcrm\ChurchCRM\Bootstrapper.php(273): ChurchCRM\Authentication\AuthenticationManager::ValidateUserSessionIsActive(false)
#4 C:\xampp\htdocs\churchcrm\ChurchCRM\Bootstrapper.php(70): ChurchCRM\Bootstrapper::configureUserEnvironment()
#5 C:\xampp\htdocs\churchcrm\Include\LoadConfigs.php(22): ChurchCRM\Bootstrapper::init('localhost', '3306', 'root', '', 'alliance_aid', '/churchcrm', false, Array)
#6 C:\xampp\htdocs\churchcrm\ in C:\xampp\htdocs\churchcrm\ChurchCRM\model\ChurchCRM\Base\User.php on line 3609
[22-Apr-2021 10:40:27 Europe/Berlin] PHP Fatal error:  Uncaught Error: Call to a member function setUser() on null in C:\xampp\htdocs\churchcrm\ChurchCRM\model\ChurchCRM\Base\User.php:3609
Stack trace:
#0 C:\xampp\htdocs\churchcrm\ChurchCRM\model\ChurchCRM\User.php(36): ChurchCRM\Base\User->getPerson()
#1 C:\xampp\htdocs\churchcrm\ChurchCRM\Authentication\AuthenticationProviders\LocalAuthentication.php(192): ChurchCRM\User->getName()
#2 C:\xampp\htdocs\churchcrm\ChurchCRM\Authentication\AuthenticationManager.php(120): ChurchCRM\Authentication\AuthenticationProviders\LocalAuthentication->ValidateUserSessionIsActive(false)
#3 C:\xampp\htdocs\churchcrm\ChurchCRM\Bootstrapper.php(273): ChurchCRM\Authentication\AuthenticationManager::ValidateUserSessionIsActive(false)
#4 C:\xampp\htdocs\churchcrm\ChurchCRM\Bootstrapper.php(70): ChurchCRM\Bootstrapper::configureUserEnvironment()
#5 C:\xampp\htdocs\churchcrm\Include\LoadConfigs.php(22): ChurchCRM\Bootstrapper::init('localhost', '3306', 'root', '', 'alliance_aid', '/churchcrm', false, Array)
#6 C:\xampp\htdocs\churchcrm\ in C:\xampp\htdocs\churchcrm\ChurchCRM\model\ChurchCRM\Base\User.php on line 3609
[22-Apr-2021 10:43:38 Europe/Berlin] PHP Fatal error:  Uncaught Error: Call to a member function setUser() on null in C:\xampp\htdocs\churchcrm\ChurchCRM\model\ChurchCRM\Base\User.php:3609
Stack trace:
#0 C:\xampp\htdocs\churchcrm\ChurchCRM\model\ChurchCRM\User.php(36): ChurchCRM\Base\User->getPerson()
#1 C:\xampp\htdocs\churchcrm\ChurchCRM\Authentication\AuthenticationProviders\LocalAuthentication.php(192): ChurchCRM\User->getName()
#2 C:\xampp\htdocs\churchcrm\ChurchCRM\Authentication\AuthenticationManager.php(120): ChurchCRM\Authentication\AuthenticationProviders\LocalAuthentication->ValidateUserSessionIsActive(false)
#3 C:\xampp\htdocs\churchcrm\ChurchCRM\Bootstrapper.php(273): ChurchCRM\Authentication\AuthenticationManager::ValidateUserSessionIsActive(false)
#4 C:\xampp\htdocs\churchcrm\ChurchCRM\Bootstrapper.php(70): ChurchCRM\Bootstrapper::configureUserEnvironment()
#5 C:\xampp\htdocs\churchcrm\Include\LoadConfigs.php(22): ChurchCRM\Bootstrapper::init('localhost', '3306', 'root', '', 'alliance_aid', '/churchcrm', false, Array)
#6 C:\xampp\htdocs\churchcrm\ in C:\xampp\htdocs\churchcrm\ChurchCRM\model\ChurchCRM\Base\User.php on line 3609
[22-Apr-2021 10:43:40 Europe/Berlin] PHP Fatal error:  Uncaught Error: Call to a member function setUser() on null in C:\xampp\htdocs\churchcrm\ChurchCRM\model\ChurchCRM\Base\User.php:3609
Stack trace:
#0 C:\xampp\htdocs\churchcrm\ChurchCRM\model\ChurchCRM\User.php(36): ChurchCRM\Base\User->getPerson()
#1 C:\xampp\htdocs\churchcrm\ChurchCRM\Authentication\AuthenticationProviders\LocalAuthentication.php(192): ChurchCRM\User->getName()
#2 C:\xampp\htdocs\churchcrm\ChurchCRM\Authentication\AuthenticationManager.php(120): ChurchCRM\Authentication\AuthenticationProviders\LocalAuthentication->ValidateUserSessionIsActive(false)
#3 C:\xampp\htdocs\churchcrm\ChurchCRM\Bootstrapper.php(273): ChurchCRM\Authentication\AuthenticationManager::ValidateUserSessionIsActive(false)
#4 C:\xampp\htdocs\churchcrm\ChurchCRM\Bootstrapper.php(70): ChurchCRM\Bootstrapper::configureUserEnvironment()
#5 C:\xampp\htdocs\churchcrm\Include\LoadConfigs.php(22): ChurchCRM\Bootstrapper::init('localhost', '3306', 'root', '', 'alliance_aid', '/churchcrm', false, Array)
#6 C:\xampp\htdocs\churchcrm\ in C:\xampp\htdocs\churchcrm\ChurchCRM\model\ChurchCRM\Base\User.php on line 3609
[22-Apr-2021 20:47:45 Asia/Damascus] PHP Fatal error:  Uncaught Exception: Database error or invalid data, change sLogLevel to debug to see more. in C:\xampp\htdocs\churchcrm\Include\Functions.php:193
Stack trace:
#0 C:\xampp\htdocs\churchcrm\PostRedirect.php(298): RunQuery('SELECT * from `...')
#1 {main}
  thrown in C:\xampp\htdocs\churchcrm\Include\Functions.php on line 193
[22-Apr-2021 20:48:54 Asia/Damascus] PHP Fatal error:  Uncaught Exception: Database error or invalid data, change sLogLevel to debug to see more. in C:\xampp\htdocs\churchcrm\Include\Functions.php:193
Stack trace:
#0 C:\xampp\htdocs\churchcrm\PostRedirect.php(298): RunQuery('SELECT * from `...')
#1 {main}
  thrown in C:\xampp\htdocs\churchcrm\Include\Functions.php on line 193
[22-Apr-2021 21:08:35 Asia/Damascus] PHP Fatal error:  Uncaught Exception: Database error or invalid data, change sLogLevel to debug to see more. in C:\xampp\htdocs\churchcrm\Include\Functions.php:193
Stack trace:
#0 C:\xampp\htdocs\churchcrm\PostRedirect.php(302): RunQuery('SELECT * from `...')
#1 {main}
  thrown in C:\xampp\htdocs\churchcrm\Include\Functions.php on line 193
[22-Apr-2021 21:09:24 Asia/Damascus] PHP Fatal error:  Uncaught Exception: Database error or invalid data, change sLogLevel to debug to see more. in C:\xampp\htdocs\churchcrm\Include\Functions.php:193
Stack trace:
#0 C:\xampp\htdocs\churchcrm\PostRedirect.php(302): RunQuery('SELECT * from `...')
#1 {main}
  thrown in C:\xampp\htdocs\churchcrm\Include\Functions.php on line 193
[22-Apr-2021 21:09:30 Asia/Damascus] PHP Fatal error:  Uncaught Exception: Database error or invalid data, change sLogLevel to debug to see more. in C:\xampp\htdocs\churchcrm\Include\Functions.php:193
Stack trace:
#0 C:\xampp\htdocs\churchcrm\PostRedirect.php(302): RunQuery('SELECT * from `...')
#1 {main}
  thrown in C:\xampp\htdocs\churchcrm\Include\Functions.php on line 193
[22-Apr-2021 21:10:55 Asia/Damascus] PHP Fatal error:  Uncaught Exception: Database error or invalid data, change sLogLevel to debug to see more. in C:\xampp\htdocs\churchcrm\Include\Functions.php:193
Stack trace:
#0 C:\xampp\htdocs\churchcrm\PostRedirect.php(298): RunQuery('SELECT * from `...')
#1 {main}
  thrown in C:\xampp\htdocs\churchcrm\Include\Functions.php on line 193
