[02-Mar-2021 06:45:42 UTC] PHP Fatal error:  Uncaught Exception: Database error or invalid data, change sLogLevel to debug to see more. in C:\xampp\htdocs\churchcrm\Include\Functions.php:215
Stack trace:
#0 C:\xampp\htdocs\churchcrm\PostRedirect.php(112): RunQuery('UPDATE `master_...')
#1 {main}
  thrown in C:\xampp\htdocs\churchcrm\Include\Functions.php on line 215
[02-Mar-2021 06:47:16 UTC] PHP Fatal error:  Uncaught Exception: Database error or invalid data, change sLogLevel to debug to see more. in C:\xampp\htdocs\churchcrm\Include\Functions.php:215
Stack trace:
#0 C:\xampp\htdocs\churchcrm\PostRedirect.php(112): RunQuery('UPDATE `master_...')
#1 {main}
  thrown in C:\xampp\htdocs\churchcrm\Include\Functions.php on line 215
[02-Mar-2021 07:17:56 UTC] PHP Fatal error:  Uncaught Exception: Database error or invalid data, change sLogLevel to debug to see more. in C:\xampp\htdocs\churchcrm\Include\Functions.php:215
Stack trace:
#0 C:\xampp\htdocs\churchcrm\PostRedirect.php(112): RunQuery('UPDATE `master_...')
#1 {main}
  thrown in C:\xampp\htdocs\churchcrm\Include\Functions.php on line 215
[02-Mar-2021 07:18:53 UTC] PHP Fatal error:  Uncaught Exception: Database error or invalid data, change sLogLevel to debug to see more. in C:\xampp\htdocs\churchcrm\Include\Functions.php:215
Stack trace:
#0 C:\xampp\htdocs\churchcrm\PostRedirect.php(112): RunQuery('UPDATE `master_...')
#1 {main}
  thrown in C:\xampp\htdocs\churchcrm\Include\Functions.php on line 215
[02-Mar-2021 08:30:43 UTC] PHP Fatal error:  Uncaught Exception: Database error or invalid data, change sLogLevel to debug to see more. in C:\xampp\htdocs\churchcrm\Include\Functions.php:215
Stack trace:
#0 C:\xampp\htdocs\churchcrm\PostRedirect.php(128): RunQuery('UPDATE master_f...')
#1 {main}
  thrown in C:\xampp\htdocs\churchcrm\Include\Functions.php on line 215
[02-Mar-2021 08:32:42 UTC] PHP Fatal error:  Uncaught Exception: Database error or invalid data, change sLogLevel to debug to see more. in C:\xampp\htdocs\churchcrm\Include\Functions.php:215
Stack trace:
#0 C:\xampp\htdocs\churchcrm\PostRedirect.php(128): RunQuery('UPDATE master_f...')
#1 {main}
  thrown in C:\xampp\htdocs\churchcrm\Include\Functions.php on line 215
[02-Mar-2021 08:33:47 UTC] PHP Fatal error:  Uncaught Exception: Database error or invalid data, change sLogLevel to debug to see more. in C:\xampp\htdocs\churchcrm\Include\Functions.php:215
Stack trace:
#0 C:\xampp\htdocs\churchcrm\PostRedirect.php(128): RunQuery('UPDATE master_f...')
#1 {main}
  thrown in C:\xampp\htdocs\churchcrm\Include\Functions.php on line 215
[02-Mar-2021 08:35:20 UTC] PHP Fatal error:  Uncaught Exception: Database error or invalid data, change sLogLevel to debug to see more. in C:\xampp\htdocs\churchcrm\Include\Functions.php:215
Stack trace:
#0 C:\xampp\htdocs\churchcrm\PostRedirect.php(128): RunQuery('UPDATE master_f...')
#1 {main}
  thrown in C:\xampp\htdocs\churchcrm\Include\Functions.php on line 215
[02-Mar-2021 08:38:45 UTC] PHP Fatal error:  Uncaught Exception: Database error or invalid data, change sLogLevel to debug to see more. in C:\xampp\htdocs\churchcrm\Include\Functions.php:215
Stack trace:
#0 C:\xampp\htdocs\churchcrm\PostRedirect.php(139): RunQuery('INSERT INTO mas...')
#1 {main}
  thrown in C:\xampp\htdocs\churchcrm\Include\Functions.php on line 215
[02-Mar-2021 08:57:27 UTC] PHP Fatal error:  Uncaught Exception: Database error or invalid data, change sLogLevel to debug to see more. in C:\xampp\htdocs\churchcrm\Include\Functions.php:215
Stack trace:
#0 C:\xampp\htdocs\churchcrm\PostRedirect.php(129): RunQuery('UPDATE `master_...')
#1 {main}
  thrown in C:\xampp\htdocs\churchcrm\Include\Functions.php on line 215
[02-Mar-2021 08:57:36 UTC] PHP Fatal error:  Uncaught Exception: Database error or invalid data, change sLogLevel to debug to see more. in C:\xampp\htdocs\churchcrm\Include\Functions.php:215
Stack trace:
#0 C:\xampp\htdocs\churchcrm\PostRedirect.php(129): RunQuery('UPDATE `master_...')
#1 {main}
  thrown in C:\xampp\htdocs\churchcrm\Include\Functions.php on line 215
[02-Mar-2021 08:57:39 UTC] PHP Fatal error:  Uncaught Exception: Database error or invalid data, change sLogLevel to debug to see more. in C:\xampp\htdocs\churchcrm\Include\Functions.php:215
Stack trace:
#0 C:\xampp\htdocs\churchcrm\PostRedirect.php(129): RunQuery('UPDATE `master_...')
#1 {main}
  thrown in C:\xampp\htdocs\churchcrm\Include\Functions.php on line 215
[02-Mar-2021 08:58:23 UTC] PHP Fatal error:  Uncaught Exception: Database error or invalid data, change sLogLevel to debug to see more. in C:\xampp\htdocs\churchcrm\Include\Functions.php:215
Stack trace:
#0 C:\xampp\htdocs\churchcrm\PostRedirect.php(129): RunQuery('UPDATE `master_...')
#1 {main}
  thrown in C:\xampp\htdocs\churchcrm\Include\Functions.php on line 215
[02-Mar-2021 08:58:49 UTC] PHP Fatal error:  Uncaught Exception: Database error or invalid data, change sLogLevel to debug to see more. in C:\xampp\htdocs\churchcrm\Include\Functions.php:215
Stack trace:
#0 C:\xampp\htdocs\churchcrm\PostRedirect.php(129): RunQuery('UPDATE `master_...')
#1 {main}
  thrown in C:\xampp\htdocs\churchcrm\Include\Functions.php on line 215
[02-Mar-2021 08:58:53 UTC] PHP Fatal error:  Uncaught Exception: Database error or invalid data, change sLogLevel to debug to see more. in C:\xampp\htdocs\churchcrm\Include\Functions.php:215
Stack trace:
#0 C:\xampp\htdocs\churchcrm\PostRedirect.php(129): RunQuery('UPDATE `master_...')
#1 {main}
  thrown in C:\xampp\htdocs\churchcrm\Include\Functions.php on line 215
[02-Mar-2021 08:58:58 UTC] PHP Fatal error:  Uncaught Exception: Database error or invalid data, change sLogLevel to debug to see more. in C:\xampp\htdocs\churchcrm\Include\Functions.php:215
Stack trace:
#0 C:\xampp\htdocs\churchcrm\PostRedirect.php(129): RunQuery('UPDATE `master_...')
#1 {main}
  thrown in C:\xampp\htdocs\churchcrm\Include\Functions.php on line 215
[02-Mar-2021 09:01:23 UTC] PHP Fatal error:  Uncaught Exception: Database error or invalid data, change sLogLevel to debug to see more. in C:\xampp\htdocs\churchcrm\Include\Functions.php:215
Stack trace:
#0 C:\xampp\htdocs\churchcrm\PostRedirect.php(129): RunQuery('UPDATE `master_...')
#1 {main}
  thrown in C:\xampp\htdocs\churchcrm\Include\Functions.php on line 215
