[19-Apr-2021 07:35:01 UTC] PHP Fatal error:  Uncaught PDOException: SQLSTATE[23000]: Integrity constraint violation: 1048 Column 'nte_ID' cannot be null in C:\xampp\htdocs\churchcrm\vendor\propel\propel\src\Propel\Runtime\Connection\StatementWrapper.php:201
Stack trace:
#0 C:\xampp\htdocs\churchcrm\vendor\propel\propel\src\Propel\Runtime\Connection\StatementWrapper.php(201): PDOStatement->execute(NULL)
#1 C:\xampp\htdocs\churchcrm\ChurchCRM\model\ChurchCRM\Base\Note.php(1131): Propel\Runtime\Connection\StatementWrapper->execute()
#2 C:\xampp\htdocs\churchcrm\ChurchCRM\model\ChurchCRM\Base\Note.php(1024): ChurchCRM\Base\Note->doInsert(Object(Propel\Runtime\Connection\DebugPDO))
#3 C:\xampp\htdocs\churchcrm\ChurchCRM\model\ChurchCRM\Base\Note.php(969): ChurchCRM\Base\Note->doSave(Object(Propel\Runtime\Connection\DebugPDO))
#4 [internal function]: ChurchCRM\Base\Note->ChurchCRM\Base\{closure}()
#5 C:\xampp\htdocs\churchcrm\vendor\propel\propel\src\Propel\Runtime\Connection\TransactionTrait.php(35): call_user_func(Object(Closure))
#6 C:\xampp\htdocs\churchc in C:\xampp\htdocs\churchcrm\ChurchCRM\model\ChurchCRM\Base\Note.php on line 1134
[19-Apr-2021 07:35:27 UTC] PHP Fatal error:  Uncaught PDOException: SQLSTATE[23000]: Integrity constraint violation: 1048 Column 'nte_ID' cannot be null in C:\xampp\htdocs\churchcrm\vendor\propel\propel\src\Propel\Runtime\Connection\StatementWrapper.php:201
Stack trace:
#0 C:\xampp\htdocs\churchcrm\vendor\propel\propel\src\Propel\Runtime\Connection\StatementWrapper.php(201): PDOStatement->execute(NULL)
#1 C:\xampp\htdocs\churchcrm\ChurchCRM\model\ChurchCRM\Base\Note.php(1131): Propel\Runtime\Connection\StatementWrapper->execute()
#2 C:\xampp\htdocs\churchcrm\ChurchCRM\model\ChurchCRM\Base\Note.php(1024): ChurchCRM\Base\Note->doInsert(Object(Propel\Runtime\Connection\DebugPDO))
#3 C:\xampp\htdocs\churchcrm\ChurchCRM\model\ChurchCRM\Base\Note.php(969): ChurchCRM\Base\Note->doSave(Object(Propel\Runtime\Connection\DebugPDO))
#4 [internal function]: ChurchCRM\Base\Note->ChurchCRM\Base\{closure}()
#5 C:\xampp\htdocs\churchcrm\vendor\propel\propel\src\Propel\Runtime\Connection\TransactionTrait.php(35): call_user_func(Object(Closure))
#6 C:\xampp\htdocs\churchc in C:\xampp\htdocs\churchcrm\ChurchCRM\model\ChurchCRM\Base\Note.php on line 1134
[19-Apr-2021 10:31:27 UTC] PHP Fatal error:  Uncaught PDOException: SQLSTATE[23000]: Integrity constraint violation: 1048 Column 'nte_ID' cannot be null in C:\xampp\htdocs\churchcrm\vendor\propel\propel\src\Propel\Runtime\Connection\StatementWrapper.php:201
Stack trace:
#0 C:\xampp\htdocs\churchcrm\vendor\propel\propel\src\Propel\Runtime\Connection\StatementWrapper.php(201): PDOStatement->execute(NULL)
#1 C:\xampp\htdocs\churchcrm\ChurchCRM\model\ChurchCRM\Base\Note.php(1131): Propel\Runtime\Connection\StatementWrapper->execute()
#2 C:\xampp\htdocs\churchcrm\ChurchCRM\model\ChurchCRM\Base\Note.php(1024): ChurchCRM\Base\Note->doInsert(Object(Propel\Runtime\Connection\DebugPDO))
#3 C:\xampp\htdocs\churchcrm\ChurchCRM\model\ChurchCRM\Base\Note.php(969): ChurchCRM\Base\Note->doSave(Object(Propel\Runtime\Connection\DebugPDO))
#4 [internal function]: ChurchCRM\Base\Note->ChurchCRM\Base\{closure}()
#5 C:\xampp\htdocs\churchcrm\vendor\propel\propel\src\Propel\Runtime\Connection\TransactionTrait.php(35): call_user_func(Object(Closure))
#6 C:\xampp\htdocs\churchc in C:\xampp\htdocs\churchcrm\ChurchCRM\model\ChurchCRM\Base\Note.php on line 1134
[19-Apr-2021 10:31:52 UTC] PHP Fatal error:  Uncaught PDOException: SQLSTATE[23000]: Integrity constraint violation: 1048 Column 'nte_ID' cannot be null in C:\xampp\htdocs\churchcrm\vendor\propel\propel\src\Propel\Runtime\Connection\StatementWrapper.php:201
Stack trace:
#0 C:\xampp\htdocs\churchcrm\vendor\propel\propel\src\Propel\Runtime\Connection\StatementWrapper.php(201): PDOStatement->execute(NULL)
#1 C:\xampp\htdocs\churchcrm\ChurchCRM\model\ChurchCRM\Base\Note.php(1131): Propel\Runtime\Connection\StatementWrapper->execute()
#2 C:\xampp\htdocs\churchcrm\ChurchCRM\model\ChurchCRM\Base\Note.php(1024): ChurchCRM\Base\Note->doInsert(Object(Propel\Runtime\Connection\DebugPDO))
#3 C:\xampp\htdocs\churchcrm\ChurchCRM\model\ChurchCRM\Base\Note.php(969): ChurchCRM\Base\Note->doSave(Object(Propel\Runtime\Connection\DebugPDO))
#4 [internal function]: ChurchCRM\Base\Note->ChurchCRM\Base\{closure}()
#5 C:\xampp\htdocs\churchcrm\vendor\propel\propel\src\Propel\Runtime\Connection\TransactionTrait.php(35): call_user_func(Object(Closure))
#6 C:\xampp\htdocs\churchc in C:\xampp\htdocs\churchcrm\ChurchCRM\model\ChurchCRM\Base\Note.php on line 1134
[19-Apr-2021 10:32:29 UTC] PHP Fatal error:  Uncaught PDOException: SQLSTATE[23000]: Integrity constraint violation: 1048 Column 'nte_ID' cannot be null in C:\xampp\htdocs\churchcrm\vendor\propel\propel\src\Propel\Runtime\Connection\StatementWrapper.php:201
Stack trace:
#0 C:\xampp\htdocs\churchcrm\vendor\propel\propel\src\Propel\Runtime\Connection\StatementWrapper.php(201): PDOStatement->execute(NULL)
#1 C:\xampp\htdocs\churchcrm\ChurchCRM\model\ChurchCRM\Base\Note.php(1131): Propel\Runtime\Connection\StatementWrapper->execute()
#2 C:\xampp\htdocs\churchcrm\ChurchCRM\model\ChurchCRM\Base\Note.php(1024): ChurchCRM\Base\Note->doInsert(Object(Propel\Runtime\Connection\DebugPDO))
#3 C:\xampp\htdocs\churchcrm\ChurchCRM\model\ChurchCRM\Base\Note.php(969): ChurchCRM\Base\Note->doSave(Object(Propel\Runtime\Connection\DebugPDO))
#4 [internal function]: ChurchCRM\Base\Note->ChurchCRM\Base\{closure}()
#5 C:\xampp\htdocs\churchcrm\vendor\propel\propel\src\Propel\Runtime\Connection\TransactionTrait.php(35): call_user_func(Object(Closure))
#6 C:\xampp\htdocs\churchc in C:\xampp\htdocs\churchcrm\ChurchCRM\model\ChurchCRM\Base\Note.php on line 1134
[19-Apr-2021 10:40:55 UTC] PHP Fatal error:  Uncaught PDOException: SQLSTATE[23000]: Integrity constraint violation: 1048 Column 'nte_ID' cannot be null in C:\xampp\htdocs\churchcrm\vendor\propel\propel\src\Propel\Runtime\Connection\StatementWrapper.php:201
Stack trace:
#0 C:\xampp\htdocs\churchcrm\vendor\propel\propel\src\Propel\Runtime\Connection\StatementWrapper.php(201): PDOStatement->execute(NULL)
#1 C:\xampp\htdocs\churchcrm\ChurchCRM\model\ChurchCRM\Base\Note.php(1131): Propel\Runtime\Connection\StatementWrapper->execute()
#2 C:\xampp\htdocs\churchcrm\ChurchCRM\model\ChurchCRM\Base\Note.php(1024): ChurchCRM\Base\Note->doInsert(Object(Propel\Runtime\Connection\DebugPDO))
#3 C:\xampp\htdocs\churchcrm\ChurchCRM\model\ChurchCRM\Base\Note.php(969): ChurchCRM\Base\Note->doSave(Object(Propel\Runtime\Connection\DebugPDO))
#4 [internal function]: ChurchCRM\Base\Note->ChurchCRM\Base\{closure}()
#5 C:\xampp\htdocs\churchcrm\vendor\propel\propel\src\Propel\Runtime\Connection\TransactionTrait.php(35): call_user_func(Object(Closure))
#6 C:\xampp\htdocs\churchc in C:\xampp\htdocs\churchcrm\ChurchCRM\model\ChurchCRM\Base\Note.php on line 1134
[19-Apr-2021 10:45:31 UTC] PHP Fatal error:  Uncaught PDOException: SQLSTATE[23000]: Integrity constraint violation: 1048 Column 'nte_ID' cannot be null in C:\xampp\htdocs\churchcrm\vendor\propel\propel\src\Propel\Runtime\Connection\StatementWrapper.php:201
Stack trace:
#0 C:\xampp\htdocs\churchcrm\vendor\propel\propel\src\Propel\Runtime\Connection\StatementWrapper.php(201): PDOStatement->execute(NULL)
#1 C:\xampp\htdocs\churchcrm\ChurchCRM\model\ChurchCRM\Base\Note.php(1133): Propel\Runtime\Connection\StatementWrapper->execute()
#2 C:\xampp\htdocs\churchcrm\ChurchCRM\model\ChurchCRM\Base\Note.php(1024): ChurchCRM\Base\Note->doInsert(Object(Propel\Runtime\Connection\DebugPDO))
#3 C:\xampp\htdocs\churchcrm\ChurchCRM\model\ChurchCRM\Base\Note.php(969): ChurchCRM\Base\Note->doSave(Object(Propel\Runtime\Connection\DebugPDO))
#4 [internal function]: ChurchCRM\Base\Note->ChurchCRM\Base\{closure}()
#5 C:\xampp\htdocs\churchcrm\vendor\propel\propel\src\Propel\Runtime\Connection\TransactionTrait.php(35): call_user_func(Object(Closure))
#6 C:\xampp\htdocs\churchc in C:\xampp\htdocs\churchcrm\ChurchCRM\model\ChurchCRM\Base\Note.php on line 1136
[19-Apr-2021 11:07:42 UTC] PHP Fatal error:  Uncaught Error: Object of class Propel\Runtime\Connection\StatementWrapper could not be converted to string in C:\xampp\htdocs\churchcrm\ChurchCRM\model\ChurchCRM\Base\Note.php:1132
Stack trace:
#0 C:\xampp\htdocs\churchcrm\ChurchCRM\model\ChurchCRM\Base\Note.php(1024): ChurchCRM\Base\Note->doInsert(Object(Propel\Runtime\Connection\DebugPDO))
#1 C:\xampp\htdocs\churchcrm\ChurchCRM\model\ChurchCRM\Base\Note.php(969): ChurchCRM\Base\Note->doSave(Object(Propel\Runtime\Connection\DebugPDO))
#2 [internal function]: ChurchCRM\Base\Note->ChurchCRM\Base\{closure}()
#3 C:\xampp\htdocs\churchcrm\vendor\propel\propel\src\Propel\Runtime\Connection\TransactionTrait.php(35): call_user_func(Object(Closure))
#4 C:\xampp\htdocs\churchcrm\ChurchCRM\model\ChurchCRM\Base\Note.php(982): Propel\Runtime\Connection\ConnectionWrapper->transaction(Object(Closure))
#5 C:\xampp\htdocs\churchcrm\NoteEditor.php(84): ChurchCRM\Base\Note->save()
#6 {main}
  thrown in C:\xampp\htdocs\churchcrm\ChurchCRM\model\ChurchCRM\Base\Note.php on line 1132
[19-Apr-2021 11:08:51 UTC] PHP Fatal error:  Uncaught PDOException: SQLSTATE[23000]: Integrity constraint violation: 1048 Column 'nte_ID' cannot be null in C:\xampp\htdocs\churchcrm\vendor\propel\propel\src\Propel\Runtime\Connection\StatementWrapper.php:201
Stack trace:
#0 C:\xampp\htdocs\churchcrm\vendor\propel\propel\src\Propel\Runtime\Connection\StatementWrapper.php(201): PDOStatement->execute(NULL)
#1 C:\xampp\htdocs\churchcrm\ChurchCRM\model\ChurchCRM\Base\Note.php(1132): Propel\Runtime\Connection\StatementWrapper->execute()
#2 C:\xampp\htdocs\churchcrm\ChurchCRM\model\ChurchCRM\Base\Note.php(1024): ChurchCRM\Base\Note->doInsert(Object(Propel\Runtime\Connection\DebugPDO))
#3 C:\xampp\htdocs\churchcrm\ChurchCRM\model\ChurchCRM\Base\Note.php(969): ChurchCRM\Base\Note->doSave(Object(Propel\Runtime\Connection\DebugPDO))
#4 [internal function]: ChurchCRM\Base\Note->ChurchCRM\Base\{closure}()
#5 C:\xampp\htdocs\churchcrm\vendor\propel\propel\src\Propel\Runtime\Connection\TransactionTrait.php(35): call_user_func(Object(Closure))
#6 C:\xampp\htdocs\churchc in C:\xampp\htdocs\churchcrm\ChurchCRM\model\ChurchCRM\Base\Note.php on line 1135
[19-Apr-2021 11:32:52 UTC] PHP Fatal error:  Uncaught PDOException: SQLSTATE[23000]: Integrity constraint violation: 1048 Column 'nte_ID' cannot be null in C:\xampp\htdocs\churchcrm\vendor\propel\propel\src\Propel\Runtime\Connection\StatementWrapper.php:201
Stack trace:
#0 C:\xampp\htdocs\churchcrm\vendor\propel\propel\src\Propel\Runtime\Connection\StatementWrapper.php(201): PDOStatement->execute(NULL)
#1 C:\xampp\htdocs\churchcrm\ChurchCRM\model\ChurchCRM\Base\Note.php(1131): Propel\Runtime\Connection\StatementWrapper->execute()
#2 C:\xampp\htdocs\churchcrm\ChurchCRM\model\ChurchCRM\Base\Note.php(1024): ChurchCRM\Base\Note->doInsert(Object(Propel\Runtime\Connection\DebugPDO))
#3 C:\xampp\htdocs\churchcrm\ChurchCRM\model\ChurchCRM\Base\Note.php(969): ChurchCRM\Base\Note->doSave(Object(Propel\Runtime\Connection\DebugPDO))
#4 [internal function]: ChurchCRM\Base\Note->ChurchCRM\Base\{closure}()
#5 C:\xampp\htdocs\churchcrm\vendor\propel\propel\src\Propel\Runtime\Connection\TransactionTrait.php(35): call_user_func(Object(Closure))
#6 C:\xampp\htdocs\churchc in C:\xampp\htdocs\churchcrm\ChurchCRM\model\ChurchCRM\Base\Note.php on line 1134
[19-Apr-2021 11:33:31 UTC] PHP Fatal error:  Uncaught PDOException: SQLSTATE[23000]: Integrity constraint violation: 1048 Column 'nte_ID' cannot be null in C:\xampp\htdocs\churchcrm\vendor\propel\propel\src\Propel\Runtime\Connection\StatementWrapper.php:201
Stack trace:
#0 C:\xampp\htdocs\churchcrm\vendor\propel\propel\src\Propel\Runtime\Connection\StatementWrapper.php(201): PDOStatement->execute(NULL)
#1 C:\xampp\htdocs\churchcrm\ChurchCRM\model\ChurchCRM\Base\Note.php(1131): Propel\Runtime\Connection\StatementWrapper->execute()
#2 C:\xampp\htdocs\churchcrm\ChurchCRM\model\ChurchCRM\Base\Note.php(1024): ChurchCRM\Base\Note->doInsert(Object(Propel\Runtime\Connection\DebugPDO))
#3 C:\xampp\htdocs\churchcrm\ChurchCRM\model\ChurchCRM\Base\Note.php(969): ChurchCRM\Base\Note->doSave(Object(Propel\Runtime\Connection\DebugPDO))
#4 [internal function]: ChurchCRM\Base\Note->ChurchCRM\Base\{closure}()
#5 C:\xampp\htdocs\churchcrm\vendor\propel\propel\src\Propel\Runtime\Connection\TransactionTrait.php(35): call_user_func(Object(Closure))
#6 C:\xampp\htdocs\churchc in C:\xampp\htdocs\churchcrm\ChurchCRM\model\ChurchCRM\Base\Note.php on line 1134
[19-Apr-2021 11:34:18 UTC] PHP Fatal error:  Uncaught PDOException: SQLSTATE[23000]: Integrity constraint violation: 1048 Column 'nte_ID' cannot be null in C:\xampp\htdocs\churchcrm\vendor\propel\propel\src\Propel\Runtime\Connection\StatementWrapper.php:201
Stack trace:
#0 C:\xampp\htdocs\churchcrm\vendor\propel\propel\src\Propel\Runtime\Connection\StatementWrapper.php(201): PDOStatement->execute(NULL)
#1 C:\xampp\htdocs\churchcrm\ChurchCRM\model\ChurchCRM\Base\Note.php(1131): Propel\Runtime\Connection\StatementWrapper->execute()
#2 C:\xampp\htdocs\churchcrm\ChurchCRM\model\ChurchCRM\Base\Note.php(1024): ChurchCRM\Base\Note->doInsert(Object(Propel\Runtime\Connection\DebugPDO))
#3 C:\xampp\htdocs\churchcrm\ChurchCRM\model\ChurchCRM\Base\Note.php(969): ChurchCRM\Base\Note->doSave(Object(Propel\Runtime\Connection\DebugPDO))
#4 [internal function]: ChurchCRM\Base\Note->ChurchCRM\Base\{closure}()
#5 C:\xampp\htdocs\churchcrm\vendor\propel\propel\src\Propel\Runtime\Connection\TransactionTrait.php(35): call_user_func(Object(Closure))
#6 C:\xampp\htdocs\churchc in C:\xampp\htdocs\churchcrm\ChurchCRM\model\ChurchCRM\Base\Note.php on line 1134
[19-Apr-2021 11:38:11 UTC] PHP Fatal error:  Uncaught PDOException: SQLSTATE[23000]: Integrity constraint violation: 1048 Column 'nte_ID' cannot be null in C:\xampp\htdocs\churchcrm\vendor\propel\propel\src\Propel\Runtime\Connection\StatementWrapper.php:201
Stack trace:
#0 C:\xampp\htdocs\churchcrm\vendor\propel\propel\src\Propel\Runtime\Connection\StatementWrapper.php(201): PDOStatement->execute(NULL)
#1 C:\xampp\htdocs\churchcrm\ChurchCRM\model\ChurchCRM\Base\Note.php(1131): Propel\Runtime\Connection\StatementWrapper->execute()
#2 C:\xampp\htdocs\churchcrm\ChurchCRM\model\ChurchCRM\Base\Note.php(1024): ChurchCRM\Base\Note->doInsert(Object(Propel\Runtime\Connection\DebugPDO))
#3 C:\xampp\htdocs\churchcrm\ChurchCRM\model\ChurchCRM\Base\Note.php(969): ChurchCRM\Base\Note->doSave(Object(Propel\Runtime\Connection\DebugPDO))
#4 [internal function]: ChurchCRM\Base\Note->ChurchCRM\Base\{closure}()
#5 C:\xampp\htdocs\churchcrm\vendor\propel\propel\src\Propel\Runtime\Connection\TransactionTrait.php(35): call_user_func(Object(Closure))
#6 C:\xampp\htdocs\churchc in C:\xampp\htdocs\churchcrm\ChurchCRM\model\ChurchCRM\Base\Note.php on line 1134
[19-Apr-2021 11:39:20 UTC] PHP Fatal error:  Uncaught PDOException: SQLSTATE[23000]: Integrity constraint violation: 1048 Column 'nte_ID' cannot be null in C:\xampp\htdocs\churchcrm\vendor\propel\propel\src\Propel\Runtime\Connection\StatementWrapper.php:201
Stack trace:
#0 C:\xampp\htdocs\churchcrm\vendor\propel\propel\src\Propel\Runtime\Connection\StatementWrapper.php(201): PDOStatement->execute(NULL)
#1 C:\xampp\htdocs\churchcrm\ChurchCRM\model\ChurchCRM\Base\Note.php(1131): Propel\Runtime\Connection\StatementWrapper->execute()
#2 C:\xampp\htdocs\churchcrm\ChurchCRM\model\ChurchCRM\Base\Note.php(1024): ChurchCRM\Base\Note->doInsert(Object(Propel\Runtime\Connection\DebugPDO))
#3 C:\xampp\htdocs\churchcrm\ChurchCRM\model\ChurchCRM\Base\Note.php(969): ChurchCRM\Base\Note->doSave(Object(Propel\Runtime\Connection\DebugPDO))
#4 [internal function]: ChurchCRM\Base\Note->ChurchCRM\Base\{closure}()
#5 C:\xampp\htdocs\churchcrm\vendor\propel\propel\src\Propel\Runtime\Connection\TransactionTrait.php(35): call_user_func(Object(Closure))
#6 C:\xampp\htdocs\churchc in C:\xampp\htdocs\churchcrm\ChurchCRM\model\ChurchCRM\Base\Note.php on line 1134
