[23-Feb-2021 00:37:18 UTC] Slim Application Error:
Type: Error
Message: Call to a member function render() on null
File: C:\xampp\htdocs\churchcrm\v2\routes\family.php
Line: 60
Trace: #0 [internal function]: ajax(Object(Slim\Http\Request), Object(Slim\Http\Response), Array)
#1 C:\xampp\htdocs\churchcrm\vendor\slim\slim\Slim\Handlers\Strategies\RequestResponse.php(40): call_user_func('ajax', Object(Slim\Http\Request), Object(Slim\Http\Response), Array)
#2 C:\xampp\htdocs\churchcrm\vendor\slim\slim\Slim\Route.php(281): Slim\Handlers\Strategies\RequestResponse->__invoke('ajax', Object(Slim\Http\Request), Object(Slim\Http\Response), Array)
#3 C:\xampp\htdocs\churchcrm\vendor\slim\slim\Slim\MiddlewareAwareTrait.php(117): Slim\Route->__invoke(Object(Slim\Http\Request), Object(Slim\Http\Response))
#4 C:\xampp\htdocs\churchcrm\vendor\slim\slim\Slim\Route.php(268): Slim\Route->callMiddlewareStack(Object(Slim\Http\Request), Object(Slim\Http\Response))
#5 C:\xampp\htdocs\churchcrm\vendor\slim\slim\Slim\App.php(503): Slim\Route->run(Object(Slim\Http\Request), Object(Slim\Http\Response))
#6 C:\xampp\htdocs\churchcrm\ChurchCRM\Slim\Middleware\VersionMiddleware.php(13): Slim\App->__invoke(Object(Slim\Http\Request), Object(Slim\Http\Response))
#7 [internal function]: ChurchCRM\Slim\Middleware\VersionMiddleware->__invoke(Object(Slim\Http\Request), Object(Slim\Http\Response), Object(Slim\App))
#8 C:\xampp\htdocs\churchcrm\vendor\slim\slim\Slim\DeferredCallable.php(57): call_user_func_array(Object(ChurchCRM\Slim\Middleware\VersionMiddleware), Array)
#9 [internal function]: Slim\DeferredCallable->__invoke(Object(Slim\Http\Request), Object(Slim\Http\Response), Object(Slim\App))
#10 C:\xampp\htdocs\churchcrm\vendor\slim\slim\Slim\MiddlewareAwareTrait.php(70): call_user_func(Object(Slim\DeferredCallable), Object(Slim\Http\Request), Object(Slim\Http\Response), Object(Slim\App))
#11 C:\xampp\htdocs\churchcrm\ChurchCRM\Slim\Middleware\AuthMiddleware.php(34): Slim\App->Slim\{closure}(Object(Slim\Http\Request), Object(Slim\Http\Response))
#12 [internal function]: ChurchCRM\Slim\Middleware\AuthMiddleware->__invoke(Object(Slim\Http\Request), Object(Slim\Http\Response), Object(Closure))
#13 C:\xampp\htdocs\churchcrm\vendor\slim\slim\Slim\DeferredCallable.php(57): call_user_func_array(Object(ChurchCRM\Slim\Middleware\AuthMiddleware), Array)
#14 [internal function]: Slim\DeferredCallable->__invoke(Object(Slim\Http\Request), Object(Slim\Http\Response), Object(Closure))
#15 C:\xampp\htdocs\churchcrm\vendor\slim\slim\Slim\MiddlewareAwareTrait.php(70): call_user_func(Object(Slim\DeferredCallable), Object(Slim\Http\Request), Object(Slim\Http\Response), Object(Closure))
#16 C:\xampp\htdocs\churchcrm\vendor\slim\slim\Slim\MiddlewareAwareTrait.php(117): Slim\App->Slim\{closure}(Object(Slim\Http\Request), Object(Slim\Http\Response))
#17 C:\xampp\htdocs\churchcrm\vendor\slim\slim\Slim\App.php(392): Slim\App->callMiddlewareStack(Object(Slim\Http\Request), Object(Slim\Http\Response))
#18 C:\xampp\htdocs\churchcrm\vendor\slim\slim\Slim\App.php(297): Slim\App->process(Object(Slim\Http\Request), Object(Slim\Http\Response))
#19 C:\xampp\htdocs\churchcrm\v2\index.php(48): Slim\App->run()
#20 {main}
View in rendered output by enabling the "displayErrorDetails" setting.

