[07-Apr-2021 22:45:29 UTC] PHP Fatal error:  Uncaught Exception: Database error or invalid data, change sLogLevel to debug to see more. in C:\xampp\htdocs\churchcrm\Include\Functions.php:193
Stack trace:
#0 C:\xampp\htdocs\churchcrm\PostRedirect.php(172): RunQuery('SELECT `ID from...')
#1 C:\xampp\htdocs\churchcrm\PostRedirect.php(541): move_data_global()
#2 {main}
  thrown in C:\xampp\htdocs\churchcrm\Include\Functions.php on line 193
[08-Apr-2021 00:20:40 UTC] PHP Fatal error:  Uncaught Exception: Database error or invalid data, change sLogLevel to debug to see more. in C:\xampp\htdocs\churchcrm\Include\Functions.php:193
Stack trace:
#0 C:\xampp\htdocs\churchcrm\PostRedirect.php(177): RunQuery('SELECT `fam_ID`...')
#1 C:\xampp\htdocs\churchcrm\PostRedirect.php(541): move_data_global()
#2 {main}
  thrown in C:\xampp\htdocs\churchcrm\Include\Functions.php on line 193
[08-Apr-2021 01:11:54 UTC] PHP Fatal error:  Uncaught Exception: Database error or invalid data, change sLogLevel to debug to see more. in C:\xampp\htdocs\churchcrm\Include\Functions.php:193
Stack trace:
#0 C:\xampp\htdocs\churchcrm\PostRedirect.php(132): RunQuery('UPDATE `master_...')
#1 C:\xampp\htdocs\churchcrm\PostRedirect.php(199): move_data('2757', 9, 4, 2)
#2 C:\xampp\htdocs\churchcrm\PostRedirect.php(544): move_data_global()
#3 {main}
  thrown in C:\xampp\htdocs\churchcrm\Include\Functions.php on line 193
[08-Apr-2021 12:07:23 UTC] PHP Fatal error:  Uncaught Exception: Database error or invalid data, change sLogLevel to debug to see more. in C:\xampp\htdocs\churchcrm\Include\Functions.php:193
Stack trace:
#0 C:\xampp\htdocs\churchcrm\PostRedirect.php(550): RunQuery('INSERT INTO mas...')
#1 {main}
  thrown in C:\xampp\htdocs\churchcrm\Include\Functions.php on line 193
[08-Apr-2021 12:09:34 UTC] PHP Fatal error:  Uncaught Exception: Database error or invalid data, change sLogLevel to debug to see more. in C:\xampp\htdocs\churchcrm\Include\Functions.php:193
Stack trace:
#0 C:\xampp\htdocs\churchcrm\PostRedirect.php(551): RunQuery('INSERT INTO mas...')
#1 {main}
  thrown in C:\xampp\htdocs\churchcrm\Include\Functions.php on line 193
[08-Apr-2021 12:14:36 UTC] PHP Fatal error:  Uncaught Exception: Database error or invalid data, change sLogLevel to debug to see more. in C:\xampp\htdocs\churchcrm\Include\Functions.php:193
Stack trace:
#0 C:\xampp\htdocs\churchcrm\PostRedirect.php(551): RunQuery('INSERT INTO mas...')
#1 {main}
  thrown in C:\xampp\htdocs\churchcrm\Include\Functions.php on line 193
[08-Apr-2021 12:15:13 UTC] PHP Fatal error:  Uncaught Exception: Database error or invalid data, change sLogLevel to debug to see more. in C:\xampp\htdocs\churchcrm\Include\Functions.php:193
Stack trace:
#0 C:\xampp\htdocs\churchcrm\PostRedirect.php(551): RunQuery('INSERT INTO mas...')
#1 {main}
  thrown in C:\xampp\htdocs\churchcrm\Include\Functions.php on line 193
